2023-08-19 20:23:13,443 [main] INFO com.BankingAutomation.testCases.BaseClass - Chrome instance is open
2023-08-19 20:23:18,783 [main] INFO com.BankingAutomation.testCases.BaseClass - launching URL
2023-08-19 20:23:19,511 [main] INFO com.BankingAutomation.testCases.BaseClass - UserName is entered sucessfully
2023-08-19 20:23:20,217 [main] INFO com.BankingAutomation.testCases.BaseClass - Password is entered sucessfully
2023-08-19 20:23:20,768 [main] INFO com.BankingAutomation.testCases.BaseClass - Submit button is clicked
2023-08-19 20:23:21,867 [main] INFO com.BankingAutomation.testCases.BaseClass - Test Case ended and Chrome is closed
2023-08-19 20:30:18,441 [main] INFO com.BankingAutomation.testCases.BaseClass - Chrome instance is open
2023-08-19 20:30:24,300 [main] INFO com.BankingAutomation.testCases.BaseClass - launching URL
2023-08-19 20:30:25,015 [main] INFO com.BankingAutomation.testCases.BaseClass - UserName is entered sucessfully
2023-08-19 20:30:26,144 [main] INFO com.BankingAutomation.testCases.BaseClass - Password is entered sucessfully
2023-08-19 20:30:27,244 [main] INFO com.BankingAutomation.testCases.BaseClass - Submit button is clicked
2023-08-19 20:31:04,169 [main] INFO com.BankingAutomation.testCases.BaseClass - Title Matched
2023-08-19 20:31:05,256 [main] INFO com.BankingAutomation.testCases.BaseClass - Test Case ended and Chrome is closed
2023-08-19 20:33:22,337 [main] INFO com.BankingAutomation.testCases.BaseClass - Chrome instance is open
2023-08-19 20:33:28,915 [main] INFO com.BankingAutomation.testCases.BaseClass - launching URL
2023-08-19 20:33:31,542 [main] INFO com.BankingAutomation.testCases.BaseClass - UserName is entered sucessfully
2023-08-19 20:33:31,811 [main] INFO com.BankingAutomation.testCases.BaseClass - Password is entered sucessfully
2023-08-19 20:33:33,285 [main] INFO com.BankingAutomation.testCases.BaseClass - Submit button is clicked
2023-08-19 20:33:35,753 [main] INFO com.BankingAutomation.testCases.BaseClass - Test Case ended and Chrome is closed
2023-08-19 20:33:36,389 [main] INFO com.BankingAutomation.testCases.BaseClass - Chrome instance is open
2023-08-19 20:33:42,509 [main] INFO com.BankingAutomation.testCases.BaseClass - launching URL
2023-08-19 20:33:43,048 [main] INFO com.BankingAutomation.testCases.BaseClass - UserName is entered sucessfully
2023-08-19 20:33:43,519 [main] INFO com.BankingAutomation.testCases.BaseClass - Password is entered sucessfully
2023-08-19 20:36:44,934 [main] INFO com.BankingAutomation.testCases.BaseClass - Chrome instance is open
2023-08-19 20:36:49,481 [main] INFO com.BankingAutomation.testCases.BaseClass - launching URL
2023-08-19 20:36:50,038 [main] INFO com.BankingAutomation.testCases.BaseClass - UserName is entered sucessfully
2023-08-19 20:36:50,342 [main] INFO com.BankingAutomation.testCases.BaseClass - Password is entered sucessfully
2023-08-19 20:36:51,743 [main] INFO com.BankingAutomation.testCases.BaseClass - Submit button is clicked
2023-08-19 20:36:51,791 [main] INFO com.BankingAutomation.testCases.BaseClass - Title Matched
2023-08-19 20:36:52,759 [main] INFO com.BankingAutomation.testCases.BaseClass - Test Case ended and Chrome is closed
2023-08-19 23:57:34,641 [main] INFO com.BankingAutomation.testCases.BaseClass - Chrome instance is open
2023-08-19 23:57:41,259 [main] INFO com.BankingAutomation.testCases.BaseClass - launching URL
2023-08-19 23:57:41,762 [main] INFO com.BankingAutomation.testCases.BaseClass - UserName is entered sucessfully
2023-08-19 23:57:42,542 [main] INFO com.BankingAutomation.testCases.BaseClass - Password is entered sucessfully
2023-08-19 23:57:44,160 [main] INFO com.BankingAutomation.testCases.BaseClass - Submit button is clicked
2023-08-19 23:57:44,733 [main] INFO com.BankingAutomation.testCases.BaseClass - Title Matched
2023-08-19 23:57:45,766 [main] INFO com.BankingAutomation.testCases.BaseClass - Test Case ended and Chrome is closed
2023-08-20 00:18:42,841 [main] INFO com.BankingAutomation.testCases.BaseClass - Chrome instance is open
2023-08-20 00:18:48,649 [main] INFO com.BankingAutomation.testCases.BaseClass - launching URL
2023-08-20 00:18:49,193 [main] INFO com.BankingAutomation.testCases.BaseClass - UserName is entered sucessfully
2023-08-20 00:18:50,167 [main] INFO com.BankingAutomation.testCases.BaseClass - Password is entered sucessfully
2023-08-20 00:18:51,500 [main] INFO com.BankingAutomation.testCases.BaseClass - Submit button is clicked
2023-08-20 00:18:51,571 [main] INFO com.BankingAutomation.testCases.BaseClass - Title Matched
2023-08-20 00:18:52,581 [main] INFO com.BankingAutomation.testCases.BaseClass - Test Case ended and Chrome is closed
2023-08-20 00:22:41,434 [main] INFO com.BankingAutomation.testCases.BaseClass - Chrome instance is open
2023-08-20 00:22:46,682 [main] INFO com.BankingAutomation.testCases.BaseClass - launching URL
2023-08-20 00:22:47,204 [main] INFO com.BankingAutomation.testCases.BaseClass - UserName is entered sucessfully
2023-08-20 00:22:48,068 [main] INFO com.BankingAutomation.testCases.BaseClass - Password is entered sucessfully
2023-08-20 00:22:49,492 [main] INFO com.BankingAutomation.testCases.BaseClass - Submit button is clicked
2023-08-20 00:22:49,545 [main] INFO com.BankingAutomation.testCases.BaseClass - Title Matched
2023-08-20 00:22:50,648 [main] INFO com.BankingAutomation.testCases.BaseClass - Test Case ended and Chrome is closed
2023-08-20 00:26:14,683 [main] INFO com.BankingAutomation.testCases.BaseClass - Chrome instance is open
2023-08-20 00:26:18,544 [main] INFO com.BankingAutomation.testCases.BaseClass - launching URL
2023-08-20 00:26:19,746 [main] INFO com.BankingAutomation.testCases.BaseClass - UserName is entered sucessfully
2023-08-20 00:26:20,192 [main] INFO com.BankingAutomation.testCases.BaseClass - Password is entered sucessfully
2023-08-20 00:26:22,413 [main] INFO com.BankingAutomation.testCases.BaseClass - Submit button is clicked
2023-08-20 00:26:22,462 [main] INFO com.BankingAutomation.testCases.BaseClass - Title Matched
2023-08-20 00:26:23,530 [main] INFO com.BankingAutomation.testCases.BaseClass - Test Case ended and Chrome is closed
2023-08-20 00:27:56,340 [main] INFO com.BankingAutomation.testCases.BaseClass - Chrome instance is open
2023-08-20 00:28:00,832 [main] INFO com.BankingAutomation.testCases.BaseClass - launching URL
2023-08-20 00:28:01,381 [main] INFO com.BankingAutomation.testCases.BaseClass - UserName is entered sucessfully
2023-08-20 00:28:02,618 [main] INFO com.BankingAutomation.testCases.BaseClass - Password is entered sucessfully
2023-08-20 00:28:04,403 [main] INFO com.BankingAutomation.testCases.BaseClass - Submit button is clicked
2023-08-20 00:28:04,443 [main] INFO com.BankingAutomation.testCases.BaseClass - Title Matched
2023-08-20 00:28:05,467 [main] INFO com.BankingAutomation.testCases.BaseClass - Test Case ended and Chrome is closed
2023-08-20 00:34:11,231 [main] INFO com.BankingAutomation.testCases.BaseClass - Chrome instance is open
2023-08-20 00:34:16,459 [main] INFO com.BankingAutomation.testCases.BaseClass - launching URL
2023-08-20 00:34:17,185 [main] INFO com.BankingAutomation.testCases.BaseClass - UserName is entered sucessfully
2023-08-20 00:34:17,905 [main] INFO com.BankingAutomation.testCases.BaseClass - Password is entered sucessfully
2023-08-20 00:34:25,775 [main] INFO com.BankingAutomation.testCases.BaseClass - Submit button is clicked
2023-08-20 00:34:25,821 [main] INFO com.BankingAutomation.testCases.BaseClass - Title Matched
2023-08-20 00:34:27,010 [main] INFO com.BankingAutomation.testCases.BaseClass - Test Case ended and Chrome is closed
2023-08-20 00:36:32,227 [main] INFO com.BankingAutomation.testCases.BaseClass - Chrome instance is open
2023-08-20 00:36:38,449 [main] INFO com.BankingAutomation.testCases.BaseClass - launching URL
2023-08-20 00:36:39,093 [main] INFO com.BankingAutomation.testCases.BaseClass - UserName is entered sucessfully
2023-08-20 00:36:39,709 [main] INFO com.BankingAutomation.testCases.BaseClass - Password is entered sucessfully
2023-08-20 00:36:41,116 [main] INFO com.BankingAutomation.testCases.BaseClass - Submit button is clicked
2023-08-20 00:36:41,197 [main] INFO com.BankingAutomation.testCases.BaseClass - Title Matched
2023-08-20 00:36:42,161 [main] INFO com.BankingAutomation.testCases.BaseClass - Test Case ended and Chrome is closed
2023-08-20 21:39:11,159 [main] INFO com.BankingAutomation.testCases.BaseClass - Chrome instance is open
2023-08-20 21:39:17,382 [main] INFO com.BankingAutomation.testCases.BaseClass - launching URL
2023-08-20 21:39:18,034 [main] INFO com.BankingAutomation.testCases.BaseClass - UserName is entered sucessfully
2023-08-20 21:39:18,874 [main] INFO com.BankingAutomation.testCases.BaseClass - Password is entered sucessfully
2023-08-20 21:39:20,311 [main] INFO com.BankingAutomation.testCases.BaseClass - Submit button is clicked
2023-08-20 21:39:20,379 [main] INFO com.BankingAutomation.testCases.BaseClass - Title Matched
2023-08-20 21:39:22,070 [main] INFO com.BankingAutomation.testCases.BaseClass - Test Case ended and Chrome is closed
2023-08-20 22:00:26,365 [main] INFO com.BankingAutomation.testCases.BaseClass - Chrome instance is open
2023-08-20 22:00:31,428 [main] INFO com.BankingAutomation.testCases.BaseClass - launching URL
2023-08-20 22:00:32,715 [main] INFO com.BankingAutomation.testCases.BaseClass - UserName is entered sucessfully
2023-08-20 22:00:33,038 [main] INFO com.BankingAutomation.testCases.BaseClass - Password is entered sucessfully
2023-08-20 22:00:35,718 [main] INFO com.BankingAutomation.testCases.BaseClass - Submit button is clicked
2023-08-20 22:00:35,764 [main] INFO com.BankingAutomation.testCases.BaseClass - Title Matched
2023-08-20 22:00:36,738 [main] INFO com.BankingAutomation.testCases.BaseClass - Test Case ended and Chrome is closed
2023-08-20 22:03:44,212 [main] INFO com.BankingAutomation.testCases.BaseClass - Chrome instance is open
2023-08-20 22:03:47,678 [main] INFO com.BankingAutomation.testCases.BaseClass - launching URL
2023-08-20 22:03:49,751 [main] INFO com.BankingAutomation.testCases.BaseClass - UserName is entered sucessfully
2023-08-20 22:03:50,710 [main] INFO com.BankingAutomation.testCases.BaseClass - Password is entered sucessfully
2023-08-20 22:03:52,373 [main] INFO com.BankingAutomation.testCases.BaseClass - Submit button is clicked
2023-08-20 22:03:52,475 [main] INFO com.BankingAutomation.testCases.BaseClass - Title Matched
2023-08-20 22:03:54,307 [main] INFO com.BankingAutomation.testCases.BaseClass - Test Case ended and Chrome is closed
2023-08-20 22:12:18,696 [main] INFO com.BankingAutomation.testCases.BaseClass - Chrome instance is open
2023-08-20 22:12:24,243 [main] INFO com.BankingAutomation.testCases.BaseClass - launching URL
2023-08-20 22:12:24,737 [main] INFO com.BankingAutomation.testCases.BaseClass - UserName is entered sucessfully
2023-08-20 22:12:24,911 [main] INFO com.BankingAutomation.testCases.BaseClass - Password is entered sucessfully
2023-08-20 22:12:27,105 [main] INFO com.BankingAutomation.testCases.BaseClass - Test Case ended and Chrome is closed
2023-08-20 22:20:36,371 [main] INFO com.BankingAutomation.testCases.BaseClass - Chrome instance is open
2023-08-20 22:20:41,958 [main] INFO com.BankingAutomation.testCases.BaseClass - launching URL
2023-08-20 22:20:42,574 [main] INFO com.BankingAutomation.testCases.BaseClass - UserName is entered sucessfully
2023-08-20 22:20:43,673 [main] INFO com.BankingAutomation.testCases.BaseClass - Password is entered sucessfully
2023-08-20 22:20:45,900 [main] INFO com.BankingAutomation.testCases.BaseClass - Submit button is clicked
2023-08-20 22:20:46,009 [main] INFO com.BankingAutomation.testCases.BaseClass - Title Matched
2023-08-20 22:20:47,203 [main] INFO com.BankingAutomation.testCases.BaseClass - Test Case ended and Chrome is closed
2023-08-20 22:24:19,557 [main] INFO com.BankingAutomation.testCases.BaseClass - Chrome instance is open
2023-08-20 22:24:27,026 [main] INFO com.BankingAutomation.testCases.BaseClass - launching URL
2023-08-20 22:24:27,553 [main] INFO com.BankingAutomation.testCases.BaseClass - UserName is entered sucessfully
2023-08-20 22:24:28,497 [main] INFO com.BankingAutomation.testCases.BaseClass - Password is entered sucessfully
2023-08-20 22:24:30,905 [main] INFO com.BankingAutomation.testCases.BaseClass - Submit button is clicked
2023-08-20 22:24:30,949 [main] INFO com.BankingAutomation.testCases.BaseClass - Title Matched
2023-08-20 22:24:31,895 [main] INFO com.BankingAutomation.testCases.BaseClass - Test Case ended and Chrome is closed
2023-08-20 22:42:01,151 [main] INFO com.BankingAutomation.testCases.BaseClass - Chrome instance is open
2023-08-20 22:42:04,936 [main] INFO com.BankingAutomation.testCases.BaseClass - launching URL
2023-08-20 22:42:06,971 [main] INFO com.BankingAutomation.testCases.BaseClass - UserName is entered sucessfully
2023-08-20 22:42:07,140 [main] INFO com.BankingAutomation.testCases.BaseClass - Password is entered sucessfully
2023-08-20 22:42:10,624 [main] INFO com.BankingAutomation.testCases.BaseClass - Submit button is clicked
2023-08-20 22:42:10,659 [main] INFO com.BankingAutomation.testCases.BaseClass - Title Matched
2023-08-20 22:42:11,678 [main] INFO com.BankingAutomation.testCases.BaseClass - Test Case ended and Chrome is closed
2023-08-20 22:50:40,099 [main] INFO com.BankingAutomation.testCases.BaseClass - Chrome instance is open
2023-08-20 22:50:44,511 [main] INFO com.BankingAutomation.testCases.BaseClass - launching URL
2023-08-20 22:50:45,105 [main] INFO com.BankingAutomation.testCases.BaseClass - UserName is entered sucessfully
2023-08-20 22:50:45,539 [main] INFO com.BankingAutomation.testCases.BaseClass - Password is entered sucessfully
2023-08-20 22:50:47,709 [main] INFO com.BankingAutomation.testCases.BaseClass - Submit button is clicked
2023-08-20 22:50:47,794 [main] INFO com.BankingAutomation.testCases.BaseClass - Title Matched
2023-08-20 22:50:48,871 [main] INFO com.BankingAutomation.testCases.BaseClass - Test Case ended and Chrome is closed
2023-08-20 22:54:24,859 [main] INFO com.BankingAutomation.testCases.BaseClass - Chrome instance is open
2023-08-20 22:54:30,784 [main] INFO com.BankingAutomation.testCases.BaseClass - launching URL
2023-08-20 22:54:31,281 [main] INFO com.BankingAutomation.testCases.BaseClass - UserName is entered sucessfully
2023-08-20 22:54:32,178 [main] INFO com.BankingAutomation.testCases.BaseClass - Password is entered sucessfully
2023-08-20 22:54:34,414 [main] INFO com.BankingAutomation.testCases.BaseClass - Submit button is clicked
2023-08-20 22:54:34,547 [main] INFO com.BankingAutomation.testCases.BaseClass - Title Matched
2023-08-20 22:54:35,696 [main] INFO com.BankingAutomation.testCases.BaseClass - Test Case ended and Chrome is closed
2023-08-20 22:56:12,163 [main] INFO com.BankingAutomation.testCases.BaseClass - Chrome instance is open
2023-08-20 22:56:16,630 [main] INFO com.BankingAutomation.testCases.BaseClass - launching URL
2023-08-20 22:56:17,199 [main] INFO com.BankingAutomation.testCases.BaseClass - UserName is entered sucessfully
2023-08-20 22:56:17,847 [main] INFO com.BankingAutomation.testCases.BaseClass - Password is entered sucessfully
2023-08-20 22:56:20,038 [main] INFO com.BankingAutomation.testCases.BaseClass - Submit button is clicked
2023-08-20 22:56:20,097 [main] INFO com.BankingAutomation.testCases.BaseClass - Title Matched
2023-08-20 22:56:21,492 [main] INFO com.BankingAutomation.testCases.BaseClass - Test Case ended and Chrome is closed
2023-08-20 23:20:29,730 [main] INFO com.BankingAutomation.testCases.BaseClass - Chrome instance is open
2023-08-20 23:20:34,787 [main] INFO com.BankingAutomation.testCases.BaseClass - launching URL
2023-08-20 23:20:35,502 [main] INFO com.BankingAutomation.testCases.BaseClass - UserName is entered sucessfully
2023-08-20 23:20:36,205 [main] INFO com.BankingAutomation.testCases.BaseClass - Password is entered sucessfully
2023-08-20 23:20:38,022 [main] INFO com.BankingAutomation.testCases.BaseClass - Submit button is clicked
2023-08-20 23:20:38,055 [main] INFO com.BankingAutomation.testCases.BaseClass - Title not Matched
2023-08-20 23:20:39,052 [main] INFO com.BankingAutomation.testCases.BaseClass - Test Case ended and Chrome is closed
2023-08-20 23:39:52,216 [main] INFO com.BankingAutomation.testCases.BaseClass - Chrome instance is open
2023-08-20 23:39:58,149 [main] INFO com.BankingAutomation.testCases.BaseClass - launching URL
2023-08-20 23:45:27,296 [main] INFO com.BankingAutomation.testCases.BaseClass - Chrome instance is open
2023-08-20 23:45:34,570 [main] INFO com.BankingAutomation.testCases.BaseClass - launching URL
2023-08-20 23:45:36,137 [main] INFO com.BankingAutomation.testCases.BaseClass - UserName is entered sucessfully
2023-08-20 23:45:36,360 [main] INFO com.BankingAutomation.testCases.BaseClass - Password is entered sucessfully
2023-08-20 23:45:37,742 [main] INFO com.BankingAutomation.testCases.BaseClass - Submit button is clicked
2023-08-20 23:45:39,634 [main] INFO com.BankingAutomation.testCases.BaseClass - Title not Matched
2023-08-20 23:45:40,779 [main] INFO com.BankingAutomation.testCases.BaseClass - Test Case ended and Chrome is closed
2023-08-21 19:38:17,772 [main] INFO com.BankingAutomation.testCases.BaseClass - Chrome instance is open
2023-08-21 19:38:24,337 [main] INFO com.BankingAutomation.testCases.BaseClass - launching URL
2023-08-21 19:38:24,870 [main] INFO com.BankingAutomation.testCases.BaseClass - UserName is entered sucessfully
2023-08-21 19:38:25,267 [main] INFO com.BankingAutomation.testCases.BaseClass - Password is entered sucessfully
2023-08-21 19:38:27,535 [main] INFO com.BankingAutomation.testCases.BaseClass - Submit button is clicked
2023-08-21 19:38:27,593 [main] INFO com.BankingAutomation.testCases.BaseClass - Title Matched
2023-08-21 19:38:28,862 [main] INFO com.BankingAutomation.testCases.BaseClass - Test Case ended and Chrome is closed
2023-08-21 23:13:00,256 [main] INFO com.BankingAutomation.testCases.BaseClass - Chrome instance is open
2023-08-21 23:13:06,325 [main] INFO com.BankingAutomation.testCases.BaseClass - launching URL
2023-08-21 23:13:06,986 [main] INFO com.BankingAutomation.testCases.BaseClass - UserName is entered sucessfully
2023-08-21 23:13:07,411 [main] INFO com.BankingAutomation.testCases.BaseClass - Password is entered sucessfully
2023-08-21 23:13:08,865 [main] INFO com.BankingAutomation.testCases.BaseClass - Submit button is clicked
2023-08-21 23:13:09,656 [main] INFO com.BankingAutomation.testCases.BaseClass - Title not Matched
2023-08-21 23:13:10,690 [main] INFO com.BankingAutomation.testCases.BaseClass - Test Case ended and Chrome is closed
2023-08-21 23:17:03,009 [main] INFO com.BankingAutomation.testCases.BaseClass - Chrome instance is open
2023-08-21 23:17:08,364 [main] INFO com.BankingAutomation.testCases.BaseClass - launching URL
2023-08-21 23:17:08,978 [main] INFO com.BankingAutomation.testCases.BaseClass - UserName is entered sucessfully
2023-08-21 23:17:09,172 [main] INFO com.BankingAutomation.testCases.BaseClass - Password is entered sucessfully
2023-08-21 23:17:09,857 [main] INFO com.BankingAutomation.testCases.BaseClass - Submit button is clicked
2023-08-21 23:17:10,928 [main] INFO com.BankingAutomation.testCases.BaseClass - Test Case ended and Chrome is closed
2023-08-21 23:18:34,331 [main] INFO com.BankingAutomation.testCases.BaseClass - Chrome instance is open
2023-08-21 23:18:39,328 [main] INFO com.BankingAutomation.testCases.BaseClass - launching URL
2023-08-21 23:18:39,954 [main] INFO com.BankingAutomation.testCases.BaseClass - UserName is entered sucessfully
2023-08-21 23:18:40,846 [main] INFO com.BankingAutomation.testCases.BaseClass - Password is entered sucessfully
2023-08-21 23:18:42,186 [main] INFO com.BankingAutomation.testCases.BaseClass - Submit button is clicked
2023-08-21 23:18:43,332 [main] INFO com.BankingAutomation.testCases.BaseClass - Title not Matched
2023-08-21 23:18:44,392 [main] INFO com.BankingAutomation.testCases.BaseClass - Test Case ended and Chrome is closed
2023-08-22 17:28:34,124 [main] INFO com.BankingAutomation.testCases.BaseClass - Chrome instance is open
2023-08-22 17:28:41,254 [main] INFO com.BankingAutomation.testCases.BaseClass - launching URL
2023-08-22 17:28:41,815 [main] INFO com.BankingAutomation.testCases.BaseClass - UserName is entered sucessfully
2023-08-22 17:28:42,628 [main] INFO com.BankingAutomation.testCases.BaseClass - Password is entered sucessfully
2023-08-22 17:28:44,949 [main] INFO com.BankingAutomation.testCases.BaseClass - Submit button is clicked
2023-08-22 17:28:46,153 [main] INFO com.BankingAutomation.testCases.BaseClass - Title not Matched
2023-08-22 17:28:47,268 [main] INFO com.BankingAutomation.testCases.BaseClass - Test Case ended and Chrome is closed
2023-08-22 17:39:00,097 [main] INFO com.BankingAutomation.testCases.BaseClass - Chrome instance is open
2023-08-22 17:39:06,157 [main] INFO com.BankingAutomation.testCases.BaseClass - launching URL
2023-08-22 17:39:06,791 [main] INFO com.BankingAutomation.testCases.BaseClass - UserName is entered sucessfully
2023-08-22 17:39:07,887 [main] INFO com.BankingAutomation.testCases.BaseClass - Password is entered sucessfully
2023-08-22 17:39:10,465 [main] INFO com.BankingAutomation.testCases.BaseClass - Submit button is clicked
2023-08-22 17:39:12,496 [main] INFO com.BankingAutomation.testCases.BaseClass - Test Case ended and Chrome is closed
2023-08-22 17:41:40,858 [main] INFO com.BankingAutomation.testCases.BaseClass - Chrome instance is open
2023-08-22 17:41:49,353 [main] INFO com.BankingAutomation.testCases.BaseClass - launching URL
2023-08-22 17:41:49,967 [main] INFO com.BankingAutomation.testCases.BaseClass - UserName is entered sucessfully
2023-08-22 17:41:50,658 [main] INFO com.BankingAutomation.testCases.BaseClass - Password is entered sucessfully
2023-08-22 17:41:53,016 [main] INFO com.BankingAutomation.testCases.BaseClass - Submit button is clicked
2023-08-22 17:41:55,680 [main] INFO com.BankingAutomation.testCases.BaseClass - Test Case ended and Chrome is closed
2023-08-22 17:43:05,315 [main] INFO com.BankingAutomation.testCases.BaseClass - Chrome instance is open
2023-08-22 17:43:09,064 [main] INFO com.BankingAutomation.testCases.BaseClass - launching URL
2023-08-22 17:43:10,334 [main] INFO com.BankingAutomation.testCases.BaseClass - UserName is entered sucessfully
2023-08-22 17:43:11,579 [main] INFO com.BankingAutomation.testCases.BaseClass - Password is entered sucessfully
2023-08-22 17:43:12,961 [main] INFO com.BankingAutomation.testCases.BaseClass - Submit button is clicked
2023-08-22 17:43:14,773 [main] INFO com.BankingAutomation.testCases.BaseClass - Test Case ended and Chrome is closed
2023-08-22 17:48:29,703 [main] INFO com.BankingAutomation.testCases.BaseClass - Chrome instance is open
2023-08-22 17:48:36,544 [main] INFO com.BankingAutomation.testCases.BaseClass - launching URL
2023-08-22 17:48:37,047 [main] INFO com.BankingAutomation.testCases.BaseClass - UserName is entered sucessfully
2023-08-22 17:48:37,523 [main] INFO com.BankingAutomation.testCases.BaseClass - Password is entered sucessfully
2023-08-22 17:48:40,162 [main] INFO com.BankingAutomation.testCases.BaseClass - Submit button is clicked
2023-08-22 17:48:40,549 [main] INFO com.BankingAutomation.testCases.BaseClass - Title not Matched
2023-08-22 17:48:42,047 [main] INFO com.BankingAutomation.testCases.BaseClass - Test Case ended and Chrome is closed
2023-08-22 17:52:14,854 [main] INFO com.BankingAutomation.testCases.BaseClass - Chrome instance is open
2023-08-22 17:52:21,420 [main] INFO com.BankingAutomation.testCases.BaseClass - launching URL
2023-08-22 17:52:22,161 [main] INFO com.BankingAutomation.testCases.BaseClass - UserName is entered sucessfully
2023-08-22 17:52:22,391 [main] INFO com.BankingAutomation.testCases.BaseClass - Password is entered sucessfully
2023-08-22 17:52:24,500 [main] INFO com.BankingAutomation.testCases.BaseClass - Submit button is clicked
2023-08-22 17:52:25,368 [main] INFO com.BankingAutomation.testCases.BaseClass - Title not Matched
2023-08-22 17:52:26,732 [main] INFO com.BankingAutomation.testCases.BaseClass - Test Case ended and Chrome is closed
2023-08-22 18:06:26,072 [main] INFO com.BankingAutomation.testCases.BaseClass - Chrome instance is open
2023-08-22 18:06:30,563 [main] INFO com.BankingAutomation.testCases.BaseClass - launching URL
2023-08-22 18:06:31,974 [main] INFO com.BankingAutomation.testCases.BaseClass - UserName is entered sucessfully
2023-08-22 18:06:32,529 [main] INFO com.BankingAutomation.testCases.BaseClass - Password is entered sucessfully
2023-08-22 18:06:35,983 [main] INFO com.BankingAutomation.testCases.BaseClass - Submit button is clicked
2023-08-22 18:06:38,834 [main] INFO com.BankingAutomation.testCases.BaseClass - Test Case ended and Chrome is closed
2023-08-22 18:09:15,431 [main] INFO com.BankingAutomation.testCases.BaseClass - Chrome instance is open
2023-08-22 18:09:23,154 [main] INFO com.BankingAutomation.testCases.BaseClass - launching URL
2023-08-22 18:09:24,137 [main] INFO com.BankingAutomation.testCases.BaseClass - UserName is entered sucessfully
2023-08-22 18:09:24,415 [main] INFO com.BankingAutomation.testCases.BaseClass - Password is entered sucessfully
2023-08-22 18:09:33,425 [main] INFO com.BankingAutomation.testCases.BaseClass - Submit button is clicked
2023-08-22 18:09:33,903 [main] INFO com.BankingAutomation.testCases.BaseClass - Title not Matched
2023-08-22 18:09:34,977 [main] INFO com.BankingAutomation.testCases.BaseClass - Test Case ended and Chrome is closed
2023-08-22 18:29:24,205 [main] INFO com.BankingAutomation.testCases.BaseClass - Chrome instance is open
2023-08-22 18:29:29,926 [main] INFO com.BankingAutomation.testCases.BaseClass - launching URL
2023-08-22 18:29:30,630 [main] INFO com.BankingAutomation.testCases.BaseClass - UserName is entered sucessfully
2023-08-22 18:29:30,838 [main] INFO com.BankingAutomation.testCases.BaseClass - Password is entered sucessfully
2023-08-22 18:29:33,392 [main] INFO com.BankingAutomation.testCases.BaseClass - Submit button is clicked
2023-08-22 18:29:34,193 [main] INFO com.BankingAutomation.testCases.BaseClass - Title not Matched
2023-08-22 18:29:35,219 [main] INFO com.BankingAutomation.testCases.BaseClass - Test Case ended and Chrome is closed
2023-08-22 22:12:40,532 [main] INFO com.BankingAutomation.testCases.BaseClass - Chrome instance is open
2023-08-22 22:12:51,141 [main] INFO com.BankingAutomation.testCases.BaseClass - launching URL
2023-08-22 22:12:52,559 [main] INFO com.BankingAutomation.testCases.BaseClass - Test Case ended and Chrome is closed
2023-08-22 22:25:38,959 [main] INFO com.BankingAutomation.testCases.BaseClass - Chrome instance is open
2023-08-22 22:26:00,033 [main] INFO com.BankingAutomation.testCases.BaseClass - launching URL
2023-08-22 22:26:01,792 [main] INFO com.BankingAutomation.testCases.BaseClass - Test Case ended and Chrome is closed
2023-08-22 22:27:04,418 [main] INFO com.BankingAutomation.testCases.BaseClass - Chrome instance is open
2023-08-22 22:27:26,367 [main] INFO com.BankingAutomation.testCases.BaseClass - launching URL
2023-08-22 22:27:27,758 [main] INFO com.BankingAutomation.testCases.BaseClass - Test Case ended and Chrome is closed
2023-08-22 22:33:07,080 [main] INFO com.BankingAutomation.testCases.BaseClass - Chrome instance is open
2023-08-22 22:33:14,978 [main] INFO com.BankingAutomation.testCases.BaseClass - launching URL
2023-08-22 22:33:20,292 [main] INFO com.BankingAutomation.testCases.BaseClass - User Name set successfully
2023-08-22 22:33:20,475 [main] INFO com.BankingAutomation.testCases.BaseClass - Password set successfully
2023-08-22 22:33:25,288 [main] INFO com.BankingAutomation.testCases.BaseClass - Submit Button Clicked
2023-08-22 22:33:28,387 [main] INFO com.BankingAutomation.testCases.BaseClass - Login passed
2023-08-22 22:33:35,125 [main] INFO com.BankingAutomation.testCases.BaseClass - User Name set successfully
2023-08-22 22:33:35,912 [main] INFO com.BankingAutomation.testCases.BaseClass - Password set successfully
2023-08-22 22:33:37,697 [main] INFO com.BankingAutomation.testCases.BaseClass - Submit Button Clicked
2023-08-22 22:33:43,001 [main] INFO com.BankingAutomation.testCases.BaseClass - User Name set successfully
2023-08-22 22:33:43,188 [main] INFO com.BankingAutomation.testCases.BaseClass - Password set successfully
2023-08-22 22:33:45,735 [main] INFO com.BankingAutomation.testCases.BaseClass - Submit Button Clicked
2023-08-22 22:33:52,181 [main] INFO com.BankingAutomation.testCases.BaseClass - User Name set successfully
2023-08-22 22:33:52,438 [main] INFO com.BankingAutomation.testCases.BaseClass - Password set successfully
2023-08-22 22:33:53,633 [main] INFO com.BankingAutomation.testCases.BaseClass - Submit Button Clicked
2023-08-22 22:33:58,844 [main] INFO com.BankingAutomation.testCases.BaseClass - User Name set successfully
2023-08-22 22:33:59,901 [main] INFO com.BankingAutomation.testCases.BaseClass - Password set successfully
2023-08-22 22:34:01,882 [main] INFO com.BankingAutomation.testCases.BaseClass - Submit Button Clicked
2023-08-22 22:34:04,923 [main] INFO com.BankingAutomation.testCases.BaseClass - Login passed
2023-08-22 22:34:12,029 [main] INFO com.BankingAutomation.testCases.BaseClass - User Name set successfully
2023-08-22 22:34:12,185 [main] INFO com.BankingAutomation.testCases.BaseClass - Password set successfully
2023-08-22 22:34:14,785 [main] INFO com.BankingAutomation.testCases.BaseClass - Submit Button Clicked
2023-08-22 22:34:21,620 [main] INFO com.BankingAutomation.testCases.BaseClass - User Name set successfully
2023-08-22 22:34:21,773 [main] INFO com.BankingAutomation.testCases.BaseClass - Password set successfully
2023-08-22 22:34:22,902 [main] INFO com.BankingAutomation.testCases.BaseClass - Submit Button Clicked
2023-08-22 22:34:29,611 [main] INFO com.BankingAutomation.testCases.BaseClass - User Name set successfully
2023-08-22 22:34:29,780 [main] INFO com.BankingAutomation.testCases.BaseClass - Password set successfully
2023-08-22 22:34:31,570 [main] INFO com.BankingAutomation.testCases.BaseClass - Submit Button Clicked
2023-08-22 22:34:34,605 [main] INFO com.BankingAutomation.testCases.BaseClass - Login passed
2023-08-22 22:34:41,172 [main] INFO com.BankingAutomation.testCases.BaseClass - User Name set successfully
2023-08-22 22:34:41,650 [main] INFO com.BankingAutomation.testCases.BaseClass - Password set successfully
2023-08-22 22:34:42,150 [main] INFO com.BankingAutomation.testCases.BaseClass - Submit Button Clicked
2023-08-22 22:34:47,834 [main] INFO com.BankingAutomation.testCases.BaseClass - User Name set successfully
2023-08-22 22:34:47,979 [main] INFO com.BankingAutomation.testCases.BaseClass - Password set successfully
2023-08-22 22:34:48,523 [main] INFO com.BankingAutomation.testCases.BaseClass - Submit Button Clicked
2023-08-22 22:34:53,975 [main] INFO com.BankingAutomation.testCases.BaseClass - Test Case ended and Chrome is closed
2023-08-22 22:38:24,754 [main] INFO com.BankingAutomation.testCases.BaseClass - Chrome instance is open
2023-08-22 22:38:33,405 [main] INFO com.BankingAutomation.testCases.BaseClass - launching URL
2023-08-22 22:38:36,745 [main] INFO com.BankingAutomation.testCases.BaseClass - User Name set successfully
2023-08-22 22:38:36,961 [main] INFO com.BankingAutomation.testCases.BaseClass - Password set successfully
2023-08-22 22:38:40,471 [main] INFO com.BankingAutomation.testCases.BaseClass - Submit Button Clicked
2023-08-22 22:38:43,574 [main] INFO com.BankingAutomation.testCases.BaseClass - Login passed
2023-08-22 22:38:52,525 [main] INFO com.BankingAutomation.testCases.BaseClass - User Name set successfully
2023-08-22 22:38:53,167 [main] INFO com.BankingAutomation.testCases.BaseClass - Password set successfully
2023-08-22 22:38:54,406 [main] INFO com.BankingAutomation.testCases.BaseClass - Submit Button Clicked
2023-08-22 22:38:59,636 [main] WARN com.BankingAutomation.testCases.BaseClass - Login Failed
2023-08-22 22:39:00,756 [main] INFO com.BankingAutomation.testCases.BaseClass - User Name set successfully
2023-08-22 22:39:00,951 [main] INFO com.BankingAutomation.testCases.BaseClass - Password set successfully
2023-08-22 22:39:02,167 [main] INFO com.BankingAutomation.testCases.BaseClass - Submit Button Clicked
2023-08-22 22:39:07,170 [main] WARN com.BankingAutomation.testCases.BaseClass - Login Failed
2023-08-22 22:39:08,376 [main] INFO com.BankingAutomation.testCases.BaseClass - User Name set successfully
2023-08-22 22:39:08,530 [main] INFO com.BankingAutomation.testCases.BaseClass - Password set successfully
2023-08-22 22:39:09,648 [main] INFO com.BankingAutomation.testCases.BaseClass - Submit Button Clicked
2023-08-22 22:39:14,705 [main] WARN com.BankingAutomation.testCases.BaseClass - Login Failed
2023-08-22 22:39:14,901 [main] INFO com.BankingAutomation.testCases.BaseClass - User Name set successfully
2023-08-22 22:39:15,602 [main] INFO com.BankingAutomation.testCases.BaseClass - Password set successfully
2023-08-22 22:39:17,515 [main] INFO com.BankingAutomation.testCases.BaseClass - Submit Button Clicked
2023-08-22 22:39:20,571 [main] INFO com.BankingAutomation.testCases.BaseClass - Login passed
2023-08-22 22:39:26,836 [main] INFO com.BankingAutomation.testCases.BaseClass - User Name set successfully
2023-08-22 22:39:27,532 [main] INFO com.BankingAutomation.testCases.BaseClass - Password set successfully
2023-08-22 22:39:28,633 [main] INFO com.BankingAutomation.testCases.BaseClass - Submit Button Clicked
2023-08-22 22:39:34,194 [main] WARN com.BankingAutomation.testCases.BaseClass - Login Failed
2023-08-22 22:39:34,694 [main] INFO com.BankingAutomation.testCases.BaseClass - User Name set successfully
2023-08-22 22:39:34,836 [main] INFO com.BankingAutomation.testCases.BaseClass - Password set successfully
2023-08-22 22:39:36,038 [main] INFO com.BankingAutomation.testCases.BaseClass - Submit Button Clicked
2023-08-22 22:39:41,158 [main] WARN com.BankingAutomation.testCases.BaseClass - Login Failed
2023-08-22 22:39:41,894 [main] INFO com.BankingAutomation.testCases.BaseClass - User Name set successfully
2023-08-22 22:39:42,031 [main] INFO com.BankingAutomation.testCases.BaseClass - Password set successfully
2023-08-22 22:39:43,022 [main] INFO com.BankingAutomation.testCases.BaseClass - Submit Button Clicked
2023-08-22 22:39:46,066 [main] INFO com.BankingAutomation.testCases.BaseClass - Login passed
2023-08-22 22:39:52,569 [main] INFO com.BankingAutomation.testCases.BaseClass - User Name set successfully
2023-08-22 22:39:53,074 [main] INFO com.BankingAutomation.testCases.BaseClass - Password set successfully
2023-08-22 22:39:53,549 [main] INFO com.BankingAutomation.testCases.BaseClass - Submit Button Clicked
2023-08-22 22:39:58,643 [main] WARN com.BankingAutomation.testCases.BaseClass - Login Failed
2023-08-22 22:39:59,127 [main] INFO com.BankingAutomation.testCases.BaseClass - User Name set successfully
2023-08-22 22:39:59,257 [main] INFO com.BankingAutomation.testCases.BaseClass - Password set successfully
2023-08-22 22:40:31,405 [main] INFO com.BankingAutomation.testCases.BaseClass - Test Case ended and Chrome is closed
2023-08-25 15:49:30,580 [main] INFO com.BankingAutomation.testCases.BaseClass - Chrome instance is open
2023-08-25 15:49:39,391 [main] INFO com.BankingAutomation.testCases.BaseClass - launching URL
2023-08-25 15:49:42,342 [main] INFO com.BankingAutomation.testCases.BaseClass - User Name set successfully
2023-08-25 15:49:42,538 [main] INFO com.BankingAutomation.testCases.BaseClass - Password set successfully
2023-08-25 15:49:44,799 [main] INFO com.BankingAutomation.testCases.BaseClass - Submit Button Clicked
2023-08-25 15:49:47,842 [main] INFO com.BankingAutomation.testCases.BaseClass - Login passed
2023-08-25 15:49:55,671 [main] INFO com.BankingAutomation.testCases.BaseClass - User Name set successfully
2023-08-25 15:49:55,846 [main] INFO com.BankingAutomation.testCases.BaseClass - Password set successfully
2023-08-25 15:49:57,058 [main] INFO com.BankingAutomation.testCases.BaseClass - Submit Button Clicked
2023-08-25 15:50:05,057 [main] WARN com.BankingAutomation.testCases.BaseClass - Login Failed
2023-08-25 15:50:05,871 [main] INFO com.BankingAutomation.testCases.BaseClass - User Name set successfully
2023-08-25 15:50:06,024 [main] INFO com.BankingAutomation.testCases.BaseClass - Password set successfully
2023-08-25 15:50:07,119 [main] INFO com.BankingAutomation.testCases.BaseClass - Submit Button Clicked
2023-08-25 15:50:11,938 [main] WARN com.BankingAutomation.testCases.BaseClass - Login Failed
2023-08-25 15:50:12,830 [main] INFO com.BankingAutomation.testCases.BaseClass - User Name set successfully
2023-08-25 15:50:12,983 [main] INFO com.BankingAutomation.testCases.BaseClass - Password set successfully
2023-08-25 15:50:14,054 [main] INFO com.BankingAutomation.testCases.BaseClass - Submit Button Clicked
2023-08-25 15:50:18,945 [main] WARN com.BankingAutomation.testCases.BaseClass - Login Failed
2023-08-25 15:50:19,608 [main] INFO com.BankingAutomation.testCases.BaseClass - User Name set successfully
2023-08-25 15:50:19,777 [main] INFO com.BankingAutomation.testCases.BaseClass - Password set successfully
2023-08-25 15:50:20,634 [main] INFO com.BankingAutomation.testCases.BaseClass - Submit Button Clicked
2023-08-25 15:50:23,660 [main] INFO com.BankingAutomation.testCases.BaseClass - Login passed
2023-08-25 15:50:31,028 [main] INFO com.BankingAutomation.testCases.BaseClass - User Name set successfully
2023-08-25 15:50:31,174 [main] INFO com.BankingAutomation.testCases.BaseClass - Password set successfully
2023-08-25 15:50:32,248 [main] INFO com.BankingAutomation.testCases.BaseClass - Submit Button Clicked
2023-08-25 15:50:37,738 [main] WARN com.BankingAutomation.testCases.BaseClass - Login Failed
2023-08-25 15:50:38,244 [main] INFO com.BankingAutomation.testCases.BaseClass - User Name set successfully
2023-08-25 15:50:38,404 [main] INFO com.BankingAutomation.testCases.BaseClass - Password set successfully
2023-08-25 15:50:39,471 [main] INFO com.BankingAutomation.testCases.BaseClass - Submit Button Clicked
2023-08-25 15:50:45,280 [main] WARN com.BankingAutomation.testCases.BaseClass - Login Failed
2023-08-25 15:50:45,444 [main] INFO com.BankingAutomation.testCases.BaseClass - User Name set successfully
2023-08-25 15:50:45,874 [main] INFO com.BankingAutomation.testCases.BaseClass - Password set successfully
2023-08-25 15:50:47,330 [main] INFO com.BankingAutomation.testCases.BaseClass - Submit Button Clicked
2023-08-25 15:50:50,344 [main] INFO com.BankingAutomation.testCases.BaseClass - Login passed
2023-08-25 15:50:57,016 [main] INFO com.BankingAutomation.testCases.BaseClass - User Name set successfully
2023-08-25 15:50:57,184 [main] INFO com.BankingAutomation.testCases.BaseClass - Password set successfully
2023-08-25 15:50:58,325 [main] INFO com.BankingAutomation.testCases.BaseClass - Submit Button Clicked
2023-08-25 15:51:03,156 [main] WARN com.BankingAutomation.testCases.BaseClass - Login Failed
2023-08-25 15:51:03,984 [main] INFO com.BankingAutomation.testCases.BaseClass - User Name set successfully
2023-08-25 15:51:04,185 [main] INFO com.BankingAutomation.testCases.BaseClass - Password set successfully
2023-08-25 15:51:05,506 [main] INFO com.BankingAutomation.testCases.BaseClass - Submit Button Clicked
2023-08-25 15:51:10,443 [main] WARN com.BankingAutomation.testCases.BaseClass - Login Failed
2023-08-25 15:51:11,602 [main] INFO com.BankingAutomation.testCases.BaseClass - Test Case ended and Chrome is closed
2023-08-25 18:45:47,308 [main] INFO com.BankingAutomation.testCases.BaseClass - Chrome instance is open
2023-08-25 18:46:10,177 [main] INFO com.BankingAutomation.testCases.BaseClass - launching URL
2023-08-25 18:46:10,791 [main] INFO com.BankingAutomation.testCases.BaseClass - User Name set successfully
2023-08-25 18:46:11,827 [main] INFO com.BankingAutomation.testCases.BaseClass - Password set successfully
2023-08-25 18:46:13,269 [main] INFO com.BankingAutomation.testCases.BaseClass - Submit Button Clicked
2023-08-25 18:46:17,832 [main] INFO com.BankingAutomation.testCases.BaseClass - Test Case ended and Chrome is closed
2023-08-25 18:49:42,940 [main] INFO com.BankingAutomation.testCases.BaseClass - Chrome instance is open
2023-08-25 18:49:51,664 [main] INFO com.BankingAutomation.testCases.BaseClass - launching URL
2023-08-25 18:49:52,224 [main] INFO com.BankingAutomation.testCases.BaseClass - User Name set successfully
2023-08-25 18:49:53,176 [main] INFO com.BankingAutomation.testCases.BaseClass - Password set successfully
2023-08-25 18:49:55,597 [main] INFO com.BankingAutomation.testCases.BaseClass - Submit Button Clicked
2023-08-25 18:50:00,036 [main] INFO com.BankingAutomation.testCases.BaseClass - Test Case ended and Chrome is closed
2023-08-25 18:51:49,253 [main] INFO com.BankingAutomation.testCases.BaseClass - Chrome instance is open
2023-08-25 18:52:07,119 [main] INFO com.BankingAutomation.testCases.BaseClass - launching URL
2023-08-25 18:52:07,658 [main] INFO com.BankingAutomation.testCases.BaseClass - User Name set successfully
2023-08-25 18:52:07,956 [main] INFO com.BankingAutomation.testCases.BaseClass - Password set successfully
2023-08-25 18:52:09,647 [main] INFO com.BankingAutomation.testCases.BaseClass - Submit Button Clicked
2023-08-25 18:52:12,879 [main] INFO com.BankingAutomation.testCases.BaseClass - Add Customer is clicked
2023-08-25 18:52:14,139 [main] INFO com.BankingAutomation.testCases.BaseClass - Test Case ended and Chrome is closed
2023-08-25 18:53:34,285 [main] INFO com.BankingAutomation.testCases.BaseClass - Chrome instance is open
2023-08-25 18:53:49,556 [main] INFO com.BankingAutomation.testCases.BaseClass - launching URL
2023-08-25 18:53:50,270 [main] INFO com.BankingAutomation.testCases.BaseClass - User Name set successfully
2023-08-25 18:53:51,098 [main] INFO com.BankingAutomation.testCases.BaseClass - Password set successfully
2023-08-25 18:53:53,826 [main] INFO com.BankingAutomation.testCases.BaseClass - Submit Button Clicked
2023-08-25 18:53:57,115 [main] INFO com.BankingAutomation.testCases.BaseClass - Add Customer is clicked
2023-08-25 18:53:58,457 [main] INFO com.BankingAutomation.testCases.BaseClass - Test Case ended and Chrome is closed
2023-08-25 18:55:50,257 [main] INFO com.BankingAutomation.testCases.BaseClass - Chrome instance is open
2023-08-25 18:56:02,847 [main] INFO com.BankingAutomation.testCases.BaseClass - launching URL
2023-08-25 18:56:03,441 [main] INFO com.BankingAutomation.testCases.BaseClass - User Name set successfully
2023-08-25 18:56:04,298 [main] INFO com.BankingAutomation.testCases.BaseClass - Password set successfully
2023-08-25 18:56:05,744 [main] INFO com.BankingAutomation.testCases.BaseClass - Submit Button Clicked
2023-08-25 18:56:08,975 [main] INFO com.BankingAutomation.testCases.BaseClass - Add Customer is clicked
2023-08-25 18:56:10,267 [main] INFO com.BankingAutomation.testCases.BaseClass - Test Case ended and Chrome is closed
2023-08-25 18:59:36,919 [main] INFO com.BankingAutomation.testCases.BaseClass - Chrome instance is open
2023-08-25 18:59:49,092 [main] INFO com.BankingAutomation.testCases.BaseClass - launching URL
2023-08-25 18:59:49,945 [main] INFO com.BankingAutomation.testCases.BaseClass - User Name set successfully
2023-08-25 18:59:50,506 [main] INFO com.BankingAutomation.testCases.BaseClass - Password set successfully
2023-08-25 18:59:52,219 [main] INFO com.BankingAutomation.testCases.BaseClass - Submit Button Clicked
2023-08-25 18:59:55,451 [main] INFO com.BankingAutomation.testCases.BaseClass - Add Customer is clicked
2023-08-25 18:59:56,868 [main] INFO com.BankingAutomation.testCases.BaseClass - Test Case ended and Chrome is closed
2023-08-25 19:01:00,149 [main] INFO com.BankingAutomation.testCases.BaseClass - Chrome instance is open
2023-08-25 19:01:12,618 [main] INFO com.BankingAutomation.testCases.BaseClass - launching URL
2023-08-25 19:01:13,208 [main] INFO com.BankingAutomation.testCases.BaseClass - User Name set successfully
2023-08-25 19:01:14,013 [main] INFO com.BankingAutomation.testCases.BaseClass - Password set successfully
2023-08-25 19:01:15,438 [main] INFO com.BankingAutomation.testCases.BaseClass - Submit Button Clicked
2023-08-25 19:01:18,780 [main] INFO com.BankingAutomation.testCases.BaseClass - Add Customer is clicked
2023-08-25 19:01:37,571 [main] INFO com.BankingAutomation.testCases.BaseClass - Test Case ended and Chrome is closed
2023-08-25 19:11:33,087 [main] INFO com.BankingAutomation.testCases.BaseClass - Chrome instance is open
2023-08-25 19:11:41,313 [main] INFO com.BankingAutomation.testCases.BaseClass - launching URL
2023-08-25 19:11:41,915 [main] INFO com.BankingAutomation.testCases.BaseClass - User Name set successfully
2023-08-25 19:11:43,133 [main] INFO com.BankingAutomation.testCases.BaseClass - Password set successfully
2023-08-25 19:11:45,590 [main] INFO com.BankingAutomation.testCases.BaseClass - Submit Button Clicked
2023-08-25 19:11:48,816 [main] INFO com.BankingAutomation.testCases.BaseClass - Add Customer is clicked
2023-08-25 19:12:07,472 [main] INFO com.BankingAutomation.testCases.BaseClass - Test Case ended and Chrome is closed
2023-08-25 19:14:58,552 [main] INFO com.BankingAutomation.testCases.BaseClass - Chrome instance is open
2023-08-25 19:15:07,894 [main] INFO com.BankingAutomation.testCases.BaseClass - launching URL
2023-08-25 19:15:08,495 [main] INFO com.BankingAutomation.testCases.BaseClass - User Name set successfully
2023-08-25 19:15:09,686 [main] INFO com.BankingAutomation.testCases.BaseClass - Password set successfully
2023-08-25 19:15:11,538 [main] INFO com.BankingAutomation.testCases.BaseClass - Submit Button Clicked
2023-08-25 19:15:14,742 [main] INFO com.BankingAutomation.testCases.BaseClass - Add Customer is clicked
2023-08-25 19:24:46,488 [main] INFO com.BankingAutomation.testCases.BaseClass - Test Case ended and Chrome is closed
2023-08-25 19:31:46,594 [main] INFO com.BankingAutomation.testCases.BaseClass - Chrome instance is open
2023-08-25 19:32:02,393 [main] INFO com.BankingAutomation.testCases.BaseClass - launching URL
2023-08-25 19:32:04,277 [main] INFO com.BankingAutomation.testCases.BaseClass - User Name set successfully
2023-08-25 19:32:04,564 [main] INFO com.BankingAutomation.testCases.BaseClass - Password set successfully
2023-08-25 19:32:07,925 [main] INFO com.BankingAutomation.testCases.BaseClass - Submit Button Clicked
2023-08-25 19:32:11,207 [main] INFO com.BankingAutomation.testCases.BaseClass - Add Customer is clicked
2023-08-25 19:32:24,306 [main] INFO com.BankingAutomation.testCases.BaseClass - Test Case ended and Chrome is closed
2023-08-25 19:41:13,338 [main] INFO com.BankingAutomation.testCases.BaseClass - Chrome instance is open
2023-08-25 19:41:26,760 [main] INFO com.BankingAutomation.testCases.BaseClass - launching URL
2023-08-25 19:41:27,348 [main] INFO com.BankingAutomation.testCases.BaseClass - User Name set successfully
2023-08-25 19:41:28,578 [main] INFO com.BankingAutomation.testCases.BaseClass - Password set successfully
2023-08-25 19:41:30,474 [main] INFO com.BankingAutomation.testCases.BaseClass - Submit Button Clicked
2023-08-25 19:41:33,748 [main] INFO com.BankingAutomation.testCases.BaseClass - Add Customer is clicked
2023-08-25 19:41:52,180 [main] INFO com.BankingAutomation.testCases.BaseClass - Test Case ended and Chrome is closed
2023-08-25 19:43:02,523 [main] INFO com.BankingAutomation.testCases.BaseClass - Chrome instance is open
2023-08-25 19:43:17,634 [main] INFO com.BankingAutomation.testCases.BaseClass - launching URL
2023-08-25 19:43:18,238 [main] INFO com.BankingAutomation.testCases.BaseClass - User Name set successfully
2023-08-25 19:43:19,285 [main] INFO com.BankingAutomation.testCases.BaseClass - Password set successfully
2023-08-25 19:43:20,721 [main] INFO com.BankingAutomation.testCases.BaseClass - Submit Button Clicked
2023-08-25 19:43:23,913 [main] INFO com.BankingAutomation.testCases.BaseClass - Add Customer is clicked
2023-08-25 19:43:40,658 [main] INFO com.BankingAutomation.testCases.BaseClass - Test Case ended and Chrome is closed
2023-08-25 19:44:32,098 [main] INFO com.BankingAutomation.testCases.BaseClass - Chrome instance is open
2023-08-25 19:44:39,873 [main] INFO com.BankingAutomation.testCases.BaseClass - launching URL
2023-08-25 19:44:40,423 [main] INFO com.BankingAutomation.testCases.BaseClass - User Name set successfully
2023-08-25 19:44:41,307 [main] INFO com.BankingAutomation.testCases.BaseClass - Password set successfully
2023-08-25 19:44:45,745 [main] INFO com.BankingAutomation.testCases.BaseClass - Submit Button Clicked
2023-08-25 19:44:49,042 [main] INFO com.BankingAutomation.testCases.BaseClass - Add Customer is clicked
2023-08-25 19:51:18,663 [main] INFO com.BankingAutomation.testCases.BaseClass - Chrome instance is open
2023-08-25 19:51:26,299 [main] INFO com.BankingAutomation.testCases.BaseClass - launching URL
2023-08-25 19:51:27,420 [main] INFO com.BankingAutomation.testCases.BaseClass - Test Case ended and Chrome is closed
2023-08-25 19:51:56,536 [main] INFO com.BankingAutomation.testCases.BaseClass - Chrome instance is open
2023-08-25 19:52:03,197 [main] INFO com.BankingAutomation.testCases.BaseClass - launching URL
2023-08-25 19:52:04,092 [main] INFO com.BankingAutomation.testCases.BaseClass - User Name set successfully
2023-08-25 19:52:04,324 [main] INFO com.BankingAutomation.testCases.BaseClass - Password set successfully
2023-08-25 19:52:11,595 [main] INFO com.BankingAutomation.testCases.BaseClass - Submit Button Clicked
2023-08-25 19:52:14,763 [main] INFO com.BankingAutomation.testCases.BaseClass - Add Customer is clicked
2023-08-25 19:54:31,725 [main] INFO com.BankingAutomation.testCases.BaseClass - Test Case ended and Chrome is closed
2023-08-25 22:10:59,745 [main] INFO com.BankingAutomation.testCases.BaseClass - Chrome instance is open
2023-08-25 22:11:14,448 [main] INFO com.BankingAutomation.testCases.BaseClass - launching URL
2023-08-25 22:11:14,995 [main] INFO com.BankingAutomation.testCases.BaseClass - User Name set successfully
2023-08-25 22:11:15,784 [main] INFO com.BankingAutomation.testCases.BaseClass - Password set successfully
2023-08-25 22:11:18,760 [main] INFO com.BankingAutomation.testCases.BaseClass - Submit Button Clicked
2023-08-25 22:11:21,987 [main] INFO com.BankingAutomation.testCases.BaseClass - Add Customer is clicked
2023-08-25 22:11:41,353 [main] INFO com.BankingAutomation.testCases.BaseClass - Test Case ended and Chrome is closed
2023-08-25 22:38:58,558 [main] INFO com.BankingAutomation.testCases.BaseClass - Chrome instance is open
2023-08-25 22:39:11,430 [main] INFO com.BankingAutomation.testCases.BaseClass - launching URL
2023-08-25 22:39:11,961 [main] INFO com.BankingAutomation.testCases.BaseClass - User Name set successfully
2023-08-25 22:39:12,958 [main] INFO com.BankingAutomation.testCases.BaseClass - Password set successfully
2023-08-25 22:39:14,465 [main] INFO com.BankingAutomation.testCases.BaseClass - Submit Button Clicked
2023-08-25 22:39:17,712 [main] INFO com.BankingAutomation.testCases.BaseClass - Add Customer is clicked
2023-08-25 22:39:32,739 [main] INFO com.BankingAutomation.testCases.BaseClass - Test Case ended and Chrome is closed
2023-08-25 22:40:13,234 [main] INFO com.BankingAutomation.testCases.BaseClass - Chrome instance is open
2023-08-25 22:40:29,126 [main] INFO com.BankingAutomation.testCases.BaseClass - launching URL
2023-08-25 22:40:29,710 [main] INFO com.BankingAutomation.testCases.BaseClass - User Name set successfully
2023-08-25 22:40:30,755 [main] INFO com.BankingAutomation.testCases.BaseClass - Password set successfully
2023-08-25 22:40:33,616 [main] INFO com.BankingAutomation.testCases.BaseClass - Submit Button Clicked
2023-08-25 22:40:36,907 [main] INFO com.BankingAutomation.testCases.BaseClass - Add Customer is clicked
2023-08-25 22:40:53,498 [main] INFO com.BankingAutomation.testCases.BaseClass - Test Case ended and Chrome is closed
2023-08-25 22:42:04,703 [main] INFO com.BankingAutomation.testCases.BaseClass - Chrome instance is open
2023-08-25 22:42:15,918 [main] INFO com.BankingAutomation.testCases.BaseClass - launching URL
2023-08-25 22:42:16,389 [main] INFO com.BankingAutomation.testCases.BaseClass - User Name set successfully
2023-08-25 22:42:16,879 [main] INFO com.BankingAutomation.testCases.BaseClass - Password set successfully
2023-08-25 22:42:18,439 [main] INFO com.BankingAutomation.testCases.BaseClass - Submit Button Clicked
2023-08-25 22:42:21,652 [main] INFO com.BankingAutomation.testCases.BaseClass - Add Customer is clicked
2023-08-25 22:42:36,338 [main] INFO com.BankingAutomation.testCases.BaseClass - Submit btn clicked
2023-08-25 22:42:43,260 [main] INFO com.BankingAutomation.testCases.BaseClass - logOut clicked
2023-08-25 22:42:44,307 [main] INFO com.BankingAutomation.testCases.BaseClass - Test Case ended and Chrome is closed
2023-08-26 14:31:34,074 [main] INFO com.BankingAutomation.testCases.BaseClass - Chrome instance is open
2023-08-26 14:31:44,078 [main] INFO com.BankingAutomation.testCases.BaseClass - launching URL
2023-08-26 14:31:44,930 [main] INFO com.BankingAutomation.testCases.BaseClass - User Name set successfully
2023-08-26 14:31:46,246 [main] INFO com.BankingAutomation.testCases.BaseClass - Password set successfully
2023-08-26 14:31:48,559 [main] INFO com.BankingAutomation.testCases.BaseClass - Submit Button Clicked
2023-08-26 14:31:51,730 [main] INFO com.BankingAutomation.testCases.BaseClass - Add Customer is clicked
2023-08-26 14:31:58,108 [main] INFO com.BankingAutomation.testCases.BaseClass - Test Case ended and Chrome is closed
2023-08-26 14:50:20,137 [main] INFO com.BankingAutomation.testCases.BaseClass - Chrome instance is open
2023-08-26 14:50:32,870 [main] INFO com.BankingAutomation.testCases.BaseClass - launching URL
2023-08-26 14:50:33,509 [main] INFO com.BankingAutomation.testCases.BaseClass - User Name set successfully
2023-08-26 14:50:34,372 [main] INFO com.BankingAutomation.testCases.BaseClass - Password set successfully
2023-08-26 14:50:36,220 [main] INFO com.BankingAutomation.testCases.BaseClass - Submit Button Clicked
2023-08-26 14:50:39,573 [main] INFO com.BankingAutomation.testCases.BaseClass - Add Customer is clicked
2023-08-26 14:57:45,237 [main] INFO com.BankingAutomation.testCases.BaseClass - Login passed
2023-08-26 14:58:00,443 [main] INFO com.BankingAutomation.testCases.BaseClass - Test Case ended and Chrome is closed
2023-08-26 14:59:13,625 [main] INFO com.BankingAutomation.testCases.BaseClass - Chrome instance is open
2023-08-26 14:59:28,913 [main] INFO com.BankingAutomation.testCases.BaseClass - launching URL
2023-08-26 14:59:29,456 [main] INFO com.BankingAutomation.testCases.BaseClass - User Name set successfully
2023-08-26 14:59:30,200 [main] INFO com.BankingAutomation.testCases.BaseClass - Password set successfully
2023-08-26 14:59:31,582 [main] INFO com.BankingAutomation.testCases.BaseClass - Submit Button Clicked
2023-08-26 14:59:34,810 [main] INFO com.BankingAutomation.testCases.BaseClass - Add Customer is clicked
2023-08-26 14:59:39,880 [main] INFO com.BankingAutomation.testCases.BaseClass - Login passed
2023-08-26 14:59:42,338 [main] INFO com.BankingAutomation.testCases.BaseClass - Test Case ended and Chrome is closed
2023-08-26 15:06:20,194 [main] INFO com.BankingAutomation.testCases.BaseClass - Chrome instance is open
2023-08-26 15:06:30,808 [main] INFO com.BankingAutomation.testCases.BaseClass - launching URL
2023-08-26 15:06:31,397 [main] INFO com.BankingAutomation.testCases.BaseClass - User Name set successfully
2023-08-26 15:06:32,273 [main] INFO com.BankingAutomation.testCases.BaseClass - Password set successfully
2023-08-26 15:06:34,642 [main] INFO com.BankingAutomation.testCases.BaseClass - Submit Button Clicked
2023-08-26 15:06:37,874 [main] INFO com.BankingAutomation.testCases.BaseClass - Add Customer is clicked
2023-08-26 15:07:24,638 [main] INFO com.BankingAutomation.testCases.BaseClass - Submit btn clicked
2023-08-26 15:09:43,609 [main] INFO com.BankingAutomation.testCases.BaseClass - logOut clicked
2023-08-26 15:09:44,809 [main] INFO com.BankingAutomation.testCases.BaseClass - Test Case ended and Chrome is closed
2023-08-26 17:26:43,974 [main] INFO com.BankingAutomation.testCases.BaseClass - Chrome instance is open
2023-08-26 17:26:50,562 [main] INFO com.BankingAutomation.testCases.BaseClass - launching URL
2023-08-26 17:26:51,289 [main] INFO com.BankingAutomation.testCases.BaseClass - User Name set successfully
2023-08-26 17:26:52,271 [main] INFO com.BankingAutomation.testCases.BaseClass - Password set successfully
2023-08-26 17:26:54,830 [main] INFO com.BankingAutomation.testCases.BaseClass - Submit Button Clicked
2023-08-26 17:26:58,076 [main] INFO com.BankingAutomation.testCases.BaseClass - Add Customer is clicked
2023-08-26 17:27:19,248 [main] INFO com.BankingAutomation.testCases.BaseClass - Submit btn clicked
2023-08-26 17:27:26,738 [main] INFO com.BankingAutomation.testCases.BaseClass - logOut clicked
2023-08-26 17:27:27,977 [main] INFO com.BankingAutomation.testCases.BaseClass - Test Case ended and Chrome is closed
2023-08-26 17:37:08,004 [main] INFO com.BankingAutomation.testCases.BaseClass - Chrome instance is open
2023-08-26 17:37:21,801 [main] INFO com.BankingAutomation.testCases.BaseClass - launching URL
2023-08-26 17:37:22,367 [main] INFO com.BankingAutomation.testCases.BaseClass - User Name set successfully
2023-08-26 17:37:22,529 [main] INFO com.BankingAutomation.testCases.BaseClass - Password set successfully
2023-08-26 17:37:30,134 [main] INFO com.BankingAutomation.testCases.BaseClass - Submit Button Clicked
2023-08-26 17:37:33,333 [main] INFO com.BankingAutomation.testCases.BaseClass - Add Customer is clicked
2023-08-26 17:37:59,356 [main] INFO com.BankingAutomation.testCases.BaseClass - Submit btn clicked
2023-08-26 17:38:00,846 [main] INFO com.BankingAutomation.testCases.BaseClass - Sheet Assign
2023-08-26 17:38:02,192 [main] INFO com.BankingAutomation.testCases.BaseClass - Test Case ended and Chrome is closed
2023-08-26 17:42:28,498 [main] INFO com.BankingAutomation.testCases.BaseClass - Chrome instance is open
2023-08-26 17:42:42,825 [main] INFO com.BankingAutomation.testCases.BaseClass - launching URL
2023-08-26 17:42:43,467 [main] INFO com.BankingAutomation.testCases.BaseClass - User Name set successfully
2023-08-26 17:42:43,635 [main] INFO com.BankingAutomation.testCases.BaseClass - Password set successfully
2023-08-26 17:42:45,444 [main] INFO com.BankingAutomation.testCases.BaseClass - Submit Button Clicked
2023-08-26 17:42:48,605 [main] INFO com.BankingAutomation.testCases.BaseClass - Add Customer is clicked
2023-08-26 17:43:08,709 [main] INFO com.BankingAutomation.testCases.BaseClass - Submit btn clicked
2023-08-26 17:43:09,959 [main] INFO com.BankingAutomation.testCases.BaseClass - Test Case ended and Chrome is closed
2023-08-26 17:46:05,907 [main] INFO com.BankingAutomation.testCases.BaseClass - Chrome instance is open
2023-08-26 17:46:12,617 [main] INFO com.BankingAutomation.testCases.BaseClass - launching URL
2023-08-26 17:46:14,290 [main] INFO com.BankingAutomation.testCases.BaseClass - User Name set successfully
2023-08-26 17:46:14,496 [main] INFO com.BankingAutomation.testCases.BaseClass - Password set successfully
2023-08-26 17:46:16,370 [main] INFO com.BankingAutomation.testCases.BaseClass - Submit Button Clicked
2023-08-26 17:46:19,768 [main] INFO com.BankingAutomation.testCases.BaseClass - Add Customer is clicked
2023-08-26 17:46:41,151 [main] INFO com.BankingAutomation.testCases.BaseClass - Submit btn clicked
2023-08-26 17:46:42,768 [main] INFO com.BankingAutomation.testCases.BaseClass - Sheet Assign
2023-08-26 17:51:32,427 [main] INFO com.BankingAutomation.testCases.BaseClass - RowCount found10
2023-08-26 17:52:34,422 [main] INFO com.BankingAutomation.testCases.BaseClass - Test Case ended and Chrome is closed
2023-08-26 17:59:36,002 [main] INFO com.BankingAutomation.testCases.BaseClass - Chrome instance is open
2023-08-26 17:59:45,526 [main] INFO com.BankingAutomation.testCases.BaseClass - launching URL
2023-08-26 17:59:46,247 [main] INFO com.BankingAutomation.testCases.BaseClass - User Name set successfully
2023-08-26 17:59:47,380 [main] INFO com.BankingAutomation.testCases.BaseClass - Password set successfully
2023-08-26 17:59:49,264 [main] INFO com.BankingAutomation.testCases.BaseClass - Submit Button Clicked
2023-08-26 17:59:52,450 [main] INFO com.BankingAutomation.testCases.BaseClass - Add Customer is clicked
2023-08-26 18:00:12,650 [main] INFO com.BankingAutomation.testCases.BaseClass - Submit btn clicked
2023-08-26 18:00:14,394 [main] INFO com.BankingAutomation.testCases.BaseClass - Sheet Assign
2023-08-26 18:09:52,800 [main] INFO com.BankingAutomation.testCases.BaseClass - Chrome instance is open
2023-08-26 18:10:09,505 [main] INFO com.BankingAutomation.testCases.BaseClass - launching URL
2023-08-26 18:10:10,084 [main] INFO com.BankingAutomation.testCases.BaseClass - User Name set successfully
2023-08-26 18:10:11,326 [main] INFO com.BankingAutomation.testCases.BaseClass - Password set successfully
2023-08-26 18:10:13,146 [main] INFO com.BankingAutomation.testCases.BaseClass - Submit Button Clicked
2023-08-26 18:10:16,350 [main] INFO com.BankingAutomation.testCases.BaseClass - Add Customer is clicked
2023-08-26 18:10:35,298 [main] INFO com.BankingAutomation.testCases.BaseClass - Submit btn clicked
2023-08-26 18:10:36,576 [main] INFO com.BankingAutomation.testCases.BaseClass - Test Case ended and Chrome is closed
2023-08-26 18:13:45,804 [main] INFO com.BankingAutomation.testCases.BaseClass - Chrome instance is open
2023-08-26 18:13:54,916 [main] INFO com.BankingAutomation.testCases.BaseClass - launching URL
2023-08-26 18:13:55,448 [main] INFO com.BankingAutomation.testCases.BaseClass - User Name set successfully
2023-08-26 18:13:55,799 [main] INFO com.BankingAutomation.testCases.BaseClass - Password set successfully
2023-08-26 18:13:57,432 [main] INFO com.BankingAutomation.testCases.BaseClass - Submit Button Clicked
2023-08-26 18:14:00,592 [main] INFO com.BankingAutomation.testCases.BaseClass - Add Customer is clicked
2023-08-26 18:14:20,179 [main] INFO com.BankingAutomation.testCases.BaseClass - Submit btn clicked
2023-08-26 18:14:22,272 [main] INFO com.BankingAutomation.testCases.BaseClass - Sheet Assign
2023-08-26 18:14:51,110 [main] INFO com.BankingAutomation.testCases.BaseClass - RowCount found0
2023-08-26 18:15:30,993 [main] INFO com.BankingAutomation.testCases.BaseClass - Test Case ended and Chrome is closed
2023-08-26 18:27:51,883 [main] INFO com.BankingAutomation.testCases.BaseClass - Chrome instance is open
2023-08-26 18:28:07,057 [main] INFO com.BankingAutomation.testCases.BaseClass - launching URL
2023-08-26 18:28:07,569 [main] INFO com.BankingAutomation.testCases.BaseClass - User Name set successfully
2023-08-26 18:28:07,756 [main] INFO com.BankingAutomation.testCases.BaseClass - Password set successfully
2023-08-26 18:28:10,316 [main] INFO com.BankingAutomation.testCases.BaseClass - Test Case ended and Chrome is closed
2023-08-26 18:28:54,062 [main] INFO com.BankingAutomation.testCases.BaseClass - Chrome instance is open
2023-08-26 18:29:01,434 [main] INFO com.BankingAutomation.testCases.BaseClass - launching URL
2023-08-26 18:29:03,067 [main] INFO com.BankingAutomation.testCases.BaseClass - User Name set successfully
2023-08-26 18:29:03,245 [main] INFO com.BankingAutomation.testCases.BaseClass - Password set successfully
2023-08-26 18:29:06,311 [main] INFO com.BankingAutomation.testCases.BaseClass - Submit Button Clicked
2023-08-26 18:29:09,484 [main] INFO com.BankingAutomation.testCases.BaseClass - Add Customer is clicked
2023-08-26 18:29:27,798 [main] INFO com.BankingAutomation.testCases.BaseClass - Submit btn clicked
2023-08-26 18:29:29,611 [main] INFO com.BankingAutomation.testCases.BaseClass - Sheet Assign
2023-08-26 18:31:48,468 [main] INFO com.BankingAutomation.testCases.BaseClass - RowCount found0
2023-08-26 18:31:59,295 [main] INFO com.BankingAutomation.testCases.BaseClass - Test Case ended and Chrome is closed
2023-08-26 19:32:03,092 [main] INFO com.BankingAutomation.testCases.BaseClass - Chrome instance is open
2023-08-26 19:32:24,884 [main] INFO com.BankingAutomation.testCases.BaseClass - launching URL
2023-08-26 19:32:25,434 [main] INFO com.BankingAutomation.testCases.BaseClass - User Name set successfully
2023-08-26 19:32:26,421 [main] INFO com.BankingAutomation.testCases.BaseClass - Password set successfully
2023-08-26 19:32:27,997 [main] INFO com.BankingAutomation.testCases.BaseClass - Submit Button Clicked
2023-08-26 19:32:31,261 [main] INFO com.BankingAutomation.testCases.BaseClass - Add Customer is clicked
2023-08-26 19:32:51,207 [main] INFO com.BankingAutomation.testCases.BaseClass - Submit btn clicked
2023-08-26 19:32:53,140 [main] INFO com.BankingAutomation.testCases.BaseClass - Sheet Assign
2023-08-26 19:33:04,204 [main] INFO com.BankingAutomation.testCases.BaseClass - RowCount found0
2023-08-26 19:33:22,007 [main] INFO com.BankingAutomation.testCases.BaseClass - Test Case ended and Chrome is closed
2023-08-26 19:36:40,567 [main] INFO com.BankingAutomation.testCases.BaseClass - Chrome instance is open
2023-08-26 19:36:57,762 [main] INFO com.BankingAutomation.testCases.BaseClass - launching URL
2023-08-26 19:36:58,272 [main] INFO com.BankingAutomation.testCases.BaseClass - User Name set successfully
2023-08-26 19:36:59,077 [main] INFO com.BankingAutomation.testCases.BaseClass - Password set successfully
2023-08-26 19:37:00,510 [main] INFO com.BankingAutomation.testCases.BaseClass - Submit Button Clicked
2023-08-26 19:37:03,813 [main] INFO com.BankingAutomation.testCases.BaseClass - Add Customer is clicked
2023-08-26 19:37:23,271 [main] INFO com.BankingAutomation.testCases.BaseClass - Submit btn clicked
2023-08-26 19:37:25,101 [main] INFO com.BankingAutomation.testCases.BaseClass - Sheet Assign
2023-08-26 19:37:25,183 [main] INFO com.BankingAutomation.testCases.BaseClass - RowCount found0
2023-08-26 19:45:34,490 [main] INFO com.BankingAutomation.testCases.BaseClass - Chrome instance is open
2023-08-26 19:45:49,256 [main] INFO com.BankingAutomation.testCases.BaseClass - launching URL
2023-08-26 19:45:49,799 [main] INFO com.BankingAutomation.testCases.BaseClass - User Name set successfully
2023-08-26 19:45:50,873 [main] INFO com.BankingAutomation.testCases.BaseClass - Password set successfully
2023-08-26 19:45:53,357 [main] INFO com.BankingAutomation.testCases.BaseClass - Submit Button Clicked
2023-08-26 19:45:56,690 [main] INFO com.BankingAutomation.testCases.BaseClass - Add Customer is clicked
2023-08-26 19:46:16,779 [main] INFO com.BankingAutomation.testCases.BaseClass - Submit btn clicked
2023-08-26 19:46:19,181 [main] INFO com.BankingAutomation.testCases.BaseClass - Sheet Assign
2023-08-26 19:46:19,289 [main] INFO com.BankingAutomation.testCases.BaseClass - RowCount found0
2023-08-26 19:48:36,974 [main] INFO com.BankingAutomation.testCases.BaseClass - logOut clicked
2023-08-26 19:48:38,402 [main] INFO com.BankingAutomation.testCases.BaseClass - Test Case ended and Chrome is closed
2023-08-26 19:56:36,953 [main] INFO com.BankingAutomation.testCases.BaseClass - Chrome instance is open
2023-08-26 19:56:44,501 [main] INFO com.BankingAutomation.testCases.BaseClass - launching URL
2023-08-26 19:56:46,428 [main] INFO com.BankingAutomation.testCases.BaseClass - User Name set successfully
2023-08-26 19:56:46,795 [main] INFO com.BankingAutomation.testCases.BaseClass - Password set successfully
2023-08-26 19:56:50,780 [main] INFO com.BankingAutomation.testCases.BaseClass - Submit Button Clicked
2023-08-26 19:56:54,047 [main] INFO com.BankingAutomation.testCases.BaseClass - Add Customer is clicked
2023-08-26 19:57:13,999 [main] INFO com.BankingAutomation.testCases.BaseClass - Submit btn clicked
2023-08-26 19:57:15,522 [main] INFO com.BankingAutomation.testCases.BaseClass - Sheet Assign
2023-08-26 19:57:15,607 [main] INFO com.BankingAutomation.testCases.BaseClass - RowCount found0
2023-08-26 19:58:06,712 [main] INFO com.BankingAutomation.testCases.BaseClass - logOut clicked
2023-08-26 19:58:07,907 [main] INFO com.BankingAutomation.testCases.BaseClass - Test Case ended and Chrome is closed
2023-08-26 20:20:55,984 [main] INFO com.BankingAutomation.testCases.BaseClass - Chrome instance is open
2023-08-26 20:21:06,457 [main] INFO com.BankingAutomation.testCases.BaseClass - launching URL
2023-08-26 20:21:06,962 [main] INFO com.BankingAutomation.testCases.BaseClass - User Name set successfully
2023-08-26 20:21:07,794 [main] INFO com.BankingAutomation.testCases.BaseClass - Password set successfully
2023-08-26 20:21:11,019 [main] INFO com.BankingAutomation.testCases.BaseClass - Submit Button Clicked
2023-08-26 20:21:14,282 [main] INFO com.BankingAutomation.testCases.BaseClass - Add Customer is clicked
2023-08-26 20:21:33,715 [main] INFO com.BankingAutomation.testCases.BaseClass - Submit btn clicked
2023-08-26 20:21:35,797 [main] INFO com.BankingAutomation.testCases.BaseClass - Sheet Assign
2023-08-26 20:21:36,225 [main] INFO com.BankingAutomation.testCases.BaseClass - RowCount found1
2023-08-26 20:22:08,649 [main] INFO com.BankingAutomation.testCases.BaseClass - logOut clicked
2023-08-26 20:22:09,860 [main] INFO com.BankingAutomation.testCases.BaseClass - Test Case ended and Chrome is closed
2023-08-26 20:25:00,547 [main] INFO com.BankingAutomation.testCases.BaseClass - Chrome instance is open
2023-08-26 20:25:06,971 [main] INFO com.BankingAutomation.testCases.BaseClass - launching URL
2023-08-26 20:25:07,638 [main] INFO com.BankingAutomation.testCases.BaseClass - User Name set successfully
2023-08-26 20:25:08,218 [main] INFO com.BankingAutomation.testCases.BaseClass - Password set successfully
2023-08-26 20:25:09,889 [main] INFO com.BankingAutomation.testCases.BaseClass - Submit Button Clicked
2023-08-26 20:25:13,100 [main] INFO com.BankingAutomation.testCases.BaseClass - Add Customer is clicked
2023-08-26 20:25:33,671 [main] INFO com.BankingAutomation.testCases.BaseClass - Submit btn clicked
2023-08-26 20:25:37,145 [main] INFO com.BankingAutomation.testCases.BaseClass - Sheet Assign
2023-08-26 20:25:37,236 [main] INFO com.BankingAutomation.testCases.BaseClass - RowCount found1
2023-08-26 20:26:42,433 [main] INFO com.BankingAutomation.testCases.BaseClass - logOut clicked
2023-08-26 20:26:43,723 [main] INFO com.BankingAutomation.testCases.BaseClass - Test Case ended and Chrome is closed
2023-08-26 20:46:20,766 [main] INFO com.BankingAutomation.testCases.BaseClass - Chrome instance is open
2023-08-26 20:46:32,461 [main] INFO com.BankingAutomation.testCases.BaseClass - launching URL
2023-08-26 20:46:33,195 [main] INFO com.BankingAutomation.testCases.BaseClass - User Name set successfully
2023-08-26 20:46:34,230 [main] INFO com.BankingAutomation.testCases.BaseClass - Password set successfully
2023-08-26 20:46:37,128 [main] INFO com.BankingAutomation.testCases.BaseClass - Submit Button Clicked
2023-08-26 20:46:40,319 [main] INFO com.BankingAutomation.testCases.BaseClass - Add Customer is clicked
2023-08-26 20:47:00,786 [main] INFO com.BankingAutomation.testCases.BaseClass - Submit btn clicked
2023-08-26 20:47:02,364 [main] INFO com.BankingAutomation.testCases.BaseClass - Sheet Assign
2023-08-26 20:47:02,492 [main] INFO com.BankingAutomation.testCases.BaseClass - RowCount found2
2023-08-26 20:55:14,446 [main] INFO com.BankingAutomation.testCases.BaseClass - Chrome instance is open
2023-08-26 20:55:25,572 [main] INFO com.BankingAutomation.testCases.BaseClass - launching URL
2023-08-26 20:55:26,088 [main] INFO com.BankingAutomation.testCases.BaseClass - User Name set successfully
2023-08-26 20:55:26,646 [main] INFO com.BankingAutomation.testCases.BaseClass - Password set successfully
2023-08-26 20:55:31,098 [main] INFO com.BankingAutomation.testCases.BaseClass - Submit Button Clicked
2023-08-26 20:55:34,429 [main] INFO com.BankingAutomation.testCases.BaseClass - Add Customer is clicked
2023-08-26 20:55:53,581 [main] INFO com.BankingAutomation.testCases.BaseClass - Submit btn clicked
2023-08-26 20:55:55,017 [main] INFO com.BankingAutomation.testCases.BaseClass - Sheet Assign
2023-08-26 20:55:55,105 [main] INFO com.BankingAutomation.testCases.BaseClass - RowCount found2
2023-08-26 20:57:50,721 [main] INFO com.BankingAutomation.testCases.BaseClass - logOut clicked
2023-08-26 20:57:51,963 [main] INFO com.BankingAutomation.testCases.BaseClass - Test Case ended and Chrome is closed
2023-08-26 21:00:26,787 [main] INFO com.BankingAutomation.testCases.BaseClass - Chrome instance is open
2023-08-26 21:00:39,280 [main] INFO com.BankingAutomation.testCases.BaseClass - launching URL
2023-08-26 21:00:39,793 [main] INFO com.BankingAutomation.testCases.BaseClass - User Name set successfully
2023-08-26 21:00:40,893 [main] INFO com.BankingAutomation.testCases.BaseClass - Password set successfully
2023-08-26 21:00:43,541 [main] INFO com.BankingAutomation.testCases.BaseClass - Submit Button Clicked
2023-08-26 21:00:46,796 [main] INFO com.BankingAutomation.testCases.BaseClass - Add Customer is clicked
2023-08-26 21:01:04,952 [main] INFO com.BankingAutomation.testCases.BaseClass - Submit btn clicked
2023-08-26 21:01:06,803 [main] INFO com.BankingAutomation.testCases.BaseClass - Test Case ended and Chrome is closed
2023-08-26 21:02:04,368 [main] INFO com.BankingAutomation.testCases.BaseClass - Chrome instance is open
2023-08-26 21:02:11,944 [main] INFO com.BankingAutomation.testCases.BaseClass - launching URL
2023-08-26 21:02:13,253 [main] INFO com.BankingAutomation.testCases.BaseClass - User Name set successfully
2023-08-26 21:02:13,416 [main] INFO com.BankingAutomation.testCases.BaseClass - Password set successfully
2023-08-26 21:02:14,784 [main] INFO com.BankingAutomation.testCases.BaseClass - Submit Button Clicked
2023-08-26 21:02:18,110 [main] INFO com.BankingAutomation.testCases.BaseClass - Add Customer is clicked
2023-08-26 21:02:39,299 [main] INFO com.BankingAutomation.testCases.BaseClass - Submit btn clicked
2023-08-26 21:05:01,484 [main] INFO com.BankingAutomation.testCases.BaseClass - Sheet Assign
2023-08-26 21:05:02,845 [main] INFO com.BankingAutomation.testCases.BaseClass - Test Case ended and Chrome is closed
2023-08-26 21:08:02,930 [main] INFO com.BankingAutomation.testCases.BaseClass - Chrome instance is open
2023-08-26 21:08:16,990 [main] INFO com.BankingAutomation.testCases.BaseClass - launching URL
2023-08-26 21:08:17,747 [main] INFO com.BankingAutomation.testCases.BaseClass - User Name set successfully
2023-08-26 21:08:18,607 [main] INFO com.BankingAutomation.testCases.BaseClass - Password set successfully
2023-08-26 21:08:20,777 [main] INFO com.BankingAutomation.testCases.BaseClass - Submit Button Clicked
2023-08-26 21:08:23,996 [main] INFO com.BankingAutomation.testCases.BaseClass - Add Customer is clicked
2023-08-26 21:08:44,668 [main] INFO com.BankingAutomation.testCases.BaseClass - Submit btn clicked
2023-08-26 21:08:46,291 [main] INFO com.BankingAutomation.testCases.BaseClass - Sheet Assign
2023-08-26 21:10:03,001 [main] INFO com.BankingAutomation.testCases.BaseClass - Test Case ended and Chrome is closed
2023-08-26 21:12:18,999 [main] INFO com.BankingAutomation.testCases.BaseClass - Chrome instance is open
2023-08-26 21:12:40,275 [main] INFO com.BankingAutomation.testCases.BaseClass - launching URL
2023-08-26 21:12:40,802 [main] INFO com.BankingAutomation.testCases.BaseClass - User Name set successfully
2023-08-26 21:12:41,335 [main] INFO com.BankingAutomation.testCases.BaseClass - Password set successfully
2023-08-26 21:12:43,119 [main] INFO com.BankingAutomation.testCases.BaseClass - Submit Button Clicked
2023-08-26 21:12:46,324 [main] INFO com.BankingAutomation.testCases.BaseClass - Add Customer is clicked
2023-08-26 21:13:06,965 [main] INFO com.BankingAutomation.testCases.BaseClass - Submit btn clicked
2023-08-26 21:13:08,664 [main] INFO com.BankingAutomation.testCases.BaseClass - Sheet Assign
2023-08-26 21:16:04,676 [main] INFO com.BankingAutomation.testCases.BaseClass - logOut clicked
2023-08-26 21:16:05,909 [main] INFO com.BankingAutomation.testCases.BaseClass - Test Case ended and Chrome is closed
2023-08-26 21:22:38,236 [main] INFO com.BankingAutomation.testCases.BaseClass - Chrome instance is open
2023-08-26 21:22:51,493 [main] INFO com.BankingAutomation.testCases.BaseClass - launching URL
2023-08-26 21:22:52,057 [main] INFO com.BankingAutomation.testCases.BaseClass - User Name set successfully
2023-08-26 21:22:52,328 [main] INFO com.BankingAutomation.testCases.BaseClass - Password set successfully
2023-08-26 21:22:54,089 [main] INFO com.BankingAutomation.testCases.BaseClass - Submit Button Clicked
2023-08-26 21:22:57,318 [main] INFO com.BankingAutomation.testCases.BaseClass - Add Customer is clicked
2023-08-26 21:23:17,280 [main] INFO com.BankingAutomation.testCases.BaseClass - Submit btn clicked
2023-08-26 21:23:18,878 [main] INFO com.BankingAutomation.testCases.BaseClass - Sheet Assign
2023-08-26 21:24:19,106 [main] INFO com.BankingAutomation.testCases.BaseClass - logOut clicked
2023-08-26 21:24:20,585 [main] INFO com.BankingAutomation.testCases.BaseClass - Test Case ended and Chrome is closed
2023-08-26 21:30:24,935 [main] INFO com.BankingAutomation.testCases.BaseClass - Chrome instance is open
2023-08-26 21:30:41,622 [main] INFO com.BankingAutomation.testCases.BaseClass - launching URL
2023-08-26 21:30:42,320 [main] INFO com.BankingAutomation.testCases.BaseClass - User Name set successfully
2023-08-26 21:30:43,181 [main] INFO com.BankingAutomation.testCases.BaseClass - Password set successfully
2023-08-26 21:30:44,908 [main] INFO com.BankingAutomation.testCases.BaseClass - Submit Button Clicked
2023-08-26 21:30:48,267 [main] INFO com.BankingAutomation.testCases.BaseClass - Add Customer is clicked
2023-08-26 21:31:07,105 [main] INFO com.BankingAutomation.testCases.BaseClass - Submit btn clicked
2023-08-26 21:31:08,806 [main] INFO com.BankingAutomation.testCases.BaseClass - Sheet Assign
2023-08-26 21:32:12,028 [main] INFO com.BankingAutomation.testCases.BaseClass - logOut clicked
2023-08-26 21:32:13,293 [main] INFO com.BankingAutomation.testCases.BaseClass - Test Case ended and Chrome is closed
2023-08-26 21:36:36,565 [main] INFO com.BankingAutomation.testCases.BaseClass - Chrome instance is open
2023-08-26 21:36:54,645 [main] INFO com.BankingAutomation.testCases.BaseClass - launching URL
2023-08-26 21:36:55,234 [main] INFO com.BankingAutomation.testCases.BaseClass - User Name set successfully
2023-08-26 21:36:55,853 [main] INFO com.BankingAutomation.testCases.BaseClass - Password set successfully
2023-08-26 21:36:57,200 [main] INFO com.BankingAutomation.testCases.BaseClass - Submit Button Clicked
2023-08-26 21:37:00,390 [main] INFO com.BankingAutomation.testCases.BaseClass - Add Customer is clicked
2023-08-26 21:37:36,310 [main] INFO com.BankingAutomation.testCases.BaseClass - Submit btn clicked
2023-08-26 21:37:37,918 [main] INFO com.BankingAutomation.testCases.BaseClass - Sheet Assign
2023-08-26 21:39:45,344 [main] INFO com.BankingAutomation.testCases.BaseClass - logOut clicked
2023-08-26 21:39:49,828 [main] INFO com.BankingAutomation.testCases.BaseClass - Test Case ended and Chrome is closed
2023-08-26 21:40:16,943 [main] INFO com.BankingAutomation.testCases.BaseClass - Chrome instance is open
2023-08-26 21:40:28,711 [main] INFO com.BankingAutomation.testCases.BaseClass - launching URL
2023-08-26 21:40:29,347 [main] INFO com.BankingAutomation.testCases.BaseClass - User Name set successfully
2023-08-26 21:40:29,643 [main] INFO com.BankingAutomation.testCases.BaseClass - Password set successfully
2023-08-26 21:40:31,218 [main] INFO com.BankingAutomation.testCases.BaseClass - Submit Button Clicked
2023-08-26 21:40:34,510 [main] INFO com.BankingAutomation.testCases.BaseClass - Add Customer is clicked
2023-08-26 21:40:52,710 [main] INFO com.BankingAutomation.testCases.BaseClass - Submit btn clicked
2023-08-26 21:40:54,383 [main] INFO com.BankingAutomation.testCases.BaseClass - Sheet Assign
2023-08-26 21:41:32,560 [main] INFO com.BankingAutomation.testCases.BaseClass - logOut clicked
2023-08-26 21:41:33,711 [main] INFO com.BankingAutomation.testCases.BaseClass - Test Case ended and Chrome is closed
2023-08-26 21:46:31,582 [main] INFO com.BankingAutomation.testCases.BaseClass - Chrome instance is open
2023-08-26 21:46:38,304 [main] INFO com.BankingAutomation.testCases.BaseClass - launching URL
2023-08-26 21:46:39,122 [main] INFO com.BankingAutomation.testCases.BaseClass - User Name set successfully
2023-08-26 21:46:40,023 [main] INFO com.BankingAutomation.testCases.BaseClass - Password set successfully
2023-08-26 21:46:41,444 [main] INFO com.BankingAutomation.testCases.BaseClass - Submit Button Clicked
2023-08-26 21:46:44,831 [main] INFO com.BankingAutomation.testCases.BaseClass - Add Customer is clicked
2023-08-26 21:47:04,543 [main] INFO com.BankingAutomation.testCases.BaseClass - Submit btn clicked
2023-08-26 21:47:06,310 [main] INFO com.BankingAutomation.testCases.BaseClass - Sheet Assign
2023-08-26 21:49:13,784 [main] INFO com.BankingAutomation.testCases.BaseClass - logOut clicked
2023-08-26 21:49:15,393 [main] INFO com.BankingAutomation.testCases.BaseClass - Test Case ended and Chrome is closed
2023-08-26 21:53:01,991 [main] INFO com.BankingAutomation.testCases.BaseClass - Chrome instance is open
2023-08-26 21:53:20,063 [main] INFO com.BankingAutomation.testCases.BaseClass - launching URL
2023-08-26 21:53:20,798 [main] INFO com.BankingAutomation.testCases.BaseClass - User Name set successfully
2023-08-26 21:53:21,785 [main] INFO com.BankingAutomation.testCases.BaseClass - Password set successfully
2023-08-26 21:53:25,451 [main] INFO com.BankingAutomation.testCases.BaseClass - Submit Button Clicked
2023-08-26 21:53:28,726 [main] INFO com.BankingAutomation.testCases.BaseClass - Add Customer is clicked
2023-08-26 21:53:47,810 [main] INFO com.BankingAutomation.testCases.BaseClass - Submit btn clicked
2023-08-26 21:53:49,572 [main] INFO com.BankingAutomation.testCases.BaseClass - Sheet Assign
2023-08-26 21:59:13,618 [main] INFO com.BankingAutomation.testCases.BaseClass - Test Case ended and Chrome is closed
2023-08-26 22:00:22,091 [main] INFO com.BankingAutomation.testCases.BaseClass - Chrome instance is open
2023-08-26 22:00:34,155 [main] INFO com.BankingAutomation.testCases.BaseClass - launching URL
2023-08-26 22:00:35,203 [main] INFO com.BankingAutomation.testCases.BaseClass - User Name set successfully
2023-08-26 22:00:35,460 [main] INFO com.BankingAutomation.testCases.BaseClass - Password set successfully
2023-08-26 22:00:38,382 [main] INFO com.BankingAutomation.testCases.BaseClass - Submit Button Clicked
2023-08-26 22:00:41,616 [main] INFO com.BankingAutomation.testCases.BaseClass - Add Customer is clicked
2023-08-26 22:01:00,632 [main] INFO com.BankingAutomation.testCases.BaseClass - Submit btn clicked
2023-08-26 22:01:04,068 [main] INFO com.BankingAutomation.testCases.BaseClass - Sheet Assign
2023-08-26 22:03:27,348 [main] INFO com.BankingAutomation.testCases.BaseClass - logOut clicked
2023-08-26 22:03:28,579 [main] INFO com.BankingAutomation.testCases.BaseClass - Test Case ended and Chrome is closed
2023-08-26 22:16:56,659 [main] INFO com.BankingAutomation.testCases.BaseClass - Chrome instance is open
2023-08-26 22:17:24,373 [main] INFO com.BankingAutomation.testCases.BaseClass - launching URL
2023-08-26 22:17:25,042 [main] INFO com.BankingAutomation.testCases.BaseClass - User Name set successfully
2023-08-26 22:17:25,254 [main] INFO com.BankingAutomation.testCases.BaseClass - Password set successfully
2023-08-26 22:17:30,496 [main] INFO com.BankingAutomation.testCases.BaseClass - Submit Button Clicked
2023-08-26 22:17:33,665 [main] INFO com.BankingAutomation.testCases.BaseClass - Add Customer is clicked
2023-08-26 22:17:49,882 [main] INFO com.BankingAutomation.testCases.BaseClass - Submit btn clicked
2023-08-26 22:17:51,840 [main] INFO com.BankingAutomation.testCases.BaseClass - Test Case ended and Chrome is closed
2023-08-26 22:18:21,435 [main] INFO com.BankingAutomation.testCases.BaseClass - Chrome instance is open
2023-08-26 22:18:34,499 [main] INFO com.BankingAutomation.testCases.BaseClass - launching URL
2023-08-26 22:18:35,019 [main] INFO com.BankingAutomation.testCases.BaseClass - User Name set successfully
2023-08-26 22:18:35,209 [main] INFO com.BankingAutomation.testCases.BaseClass - Password set successfully
2023-08-26 22:18:37,229 [main] INFO com.BankingAutomation.testCases.BaseClass - Submit Button Clicked
2023-08-26 22:18:40,369 [main] INFO com.BankingAutomation.testCases.BaseClass - Add Customer is clicked
2023-08-26 22:19:00,406 [main] INFO com.BankingAutomation.testCases.BaseClass - Submit btn clicked
2023-08-26 22:21:35,303 [main] INFO com.BankingAutomation.testCases.BaseClass - logOut clicked
2023-08-26 22:21:36,436 [main] INFO com.BankingAutomation.testCases.BaseClass - Test Case ended and Chrome is closed
2023-08-26 22:25:06,288 [main] INFO com.BankingAutomation.testCases.BaseClass - Chrome instance is open
2023-08-26 22:25:17,995 [main] INFO com.BankingAutomation.testCases.BaseClass - launching URL
2023-08-26 22:25:18,461 [main] INFO com.BankingAutomation.testCases.BaseClass - User Name set successfully
2023-08-26 22:25:18,652 [main] INFO com.BankingAutomation.testCases.BaseClass - Password set successfully
2023-08-26 22:25:23,831 [main] INFO com.BankingAutomation.testCases.BaseClass - Submit Button Clicked
2023-08-26 22:25:27,028 [main] INFO com.BankingAutomation.testCases.BaseClass - Add Customer is clicked
2023-08-26 22:25:44,442 [main] INFO com.BankingAutomation.testCases.BaseClass - Submit btn clicked
2023-08-26 22:25:46,302 [main] INFO com.BankingAutomation.testCases.BaseClass - Test Case ended and Chrome is closed
2023-08-26 22:26:39,418 [main] INFO com.BankingAutomation.testCases.BaseClass - Chrome instance is open
2023-08-26 22:26:49,728 [main] INFO com.BankingAutomation.testCases.BaseClass - launching URL
2023-08-26 22:26:50,184 [main] INFO com.BankingAutomation.testCases.BaseClass - User Name set successfully
2023-08-26 22:26:50,473 [main] INFO com.BankingAutomation.testCases.BaseClass - Password set successfully
2023-08-26 22:26:52,175 [main] INFO com.BankingAutomation.testCases.BaseClass - Submit Button Clicked
2023-08-26 22:26:55,401 [main] INFO com.BankingAutomation.testCases.BaseClass - Add Customer is clicked
2023-08-26 22:27:13,766 [main] INFO com.BankingAutomation.testCases.BaseClass - Submit btn clicked
2023-08-26 22:27:17,262 [main] INFO com.BankingAutomation.testCases.BaseClass - Test Case ended and Chrome is closed
2023-08-26 22:27:42,820 [main] INFO com.BankingAutomation.testCases.BaseClass - Chrome instance is open
2023-08-26 22:27:52,609 [main] INFO com.BankingAutomation.testCases.BaseClass - launching URL
2023-08-26 22:27:53,117 [main] INFO com.BankingAutomation.testCases.BaseClass - User Name set successfully
2023-08-26 22:27:53,409 [main] INFO com.BankingAutomation.testCases.BaseClass - Password set successfully
2023-08-26 22:27:58,429 [main] INFO com.BankingAutomation.testCases.BaseClass - Submit Button Clicked
2023-08-26 22:28:01,598 [main] INFO com.BankingAutomation.testCases.BaseClass - Add Customer is clicked
2023-08-26 22:28:20,716 [main] INFO com.BankingAutomation.testCases.BaseClass - Submit btn clicked
2023-08-26 22:28:23,282 [main] INFO com.BankingAutomation.testCases.BaseClass - Test Case ended and Chrome is closed
2023-08-26 22:30:49,345 [main] INFO com.BankingAutomation.testCases.BaseClass - Chrome instance is open
2023-08-26 22:31:04,599 [main] INFO com.BankingAutomation.testCases.BaseClass - launching URL
2023-08-26 22:31:05,115 [main] INFO com.BankingAutomation.testCases.BaseClass - User Name set successfully
2023-08-26 22:31:06,159 [main] INFO com.BankingAutomation.testCases.BaseClass - Password set successfully
2023-08-26 22:31:10,629 [main] INFO com.BankingAutomation.testCases.BaseClass - Submit Button Clicked
2023-08-26 22:31:13,827 [main] INFO com.BankingAutomation.testCases.BaseClass - Add Customer is clicked
2023-08-26 22:31:30,710 [main] INFO com.BankingAutomation.testCases.BaseClass - Submit btn clicked
2023-08-26 22:31:33,113 [main] INFO com.BankingAutomation.testCases.BaseClass - Test Case ended and Chrome is closed
2023-08-26 22:31:54,983 [main] INFO com.BankingAutomation.testCases.BaseClass - Chrome instance is open
2023-08-26 22:32:06,241 [main] INFO com.BankingAutomation.testCases.BaseClass - launching URL
2023-08-26 22:32:06,670 [main] INFO com.BankingAutomation.testCases.BaseClass - User Name set successfully
2023-08-26 22:32:06,867 [main] INFO com.BankingAutomation.testCases.BaseClass - Password set successfully
2023-08-26 22:32:08,243 [main] INFO com.BankingAutomation.testCases.BaseClass - Submit Button Clicked
2023-08-26 22:32:11,483 [main] INFO com.BankingAutomation.testCases.BaseClass - Add Customer is clicked
2023-08-26 22:32:30,655 [main] INFO com.BankingAutomation.testCases.BaseClass - Submit btn clicked
2023-08-26 22:33:57,001 [main] INFO com.BankingAutomation.testCases.BaseClass - logOut clicked
2023-08-26 22:33:58,141 [main] INFO com.BankingAutomation.testCases.BaseClass - Test Case ended and Chrome is closed
2023-08-26 22:35:45,600 [main] INFO com.BankingAutomation.testCases.BaseClass - Chrome instance is open
2023-08-26 22:35:58,744 [main] INFO com.BankingAutomation.testCases.BaseClass - launching URL
2023-08-26 22:35:59,525 [main] INFO com.BankingAutomation.testCases.BaseClass - User Name set successfully
2023-08-26 22:35:59,723 [main] INFO com.BankingAutomation.testCases.BaseClass - Password set successfully
2023-08-26 22:36:02,881 [main] INFO com.BankingAutomation.testCases.BaseClass - Submit Button Clicked
2023-08-26 22:36:06,058 [main] INFO com.BankingAutomation.testCases.BaseClass - Add Customer is clicked
2023-08-26 22:36:25,357 [main] INFO com.BankingAutomation.testCases.BaseClass - Submit btn clicked
2023-08-26 22:41:05,242 [main] INFO com.BankingAutomation.testCases.BaseClass - Chrome instance is open
2023-08-26 22:41:17,305 [main] INFO com.BankingAutomation.testCases.BaseClass - launching URL
2023-08-26 22:41:17,932 [main] INFO com.BankingAutomation.testCases.BaseClass - User Name set successfully
2023-08-26 22:41:18,811 [main] INFO com.BankingAutomation.testCases.BaseClass - Password set successfully
2023-08-26 22:41:20,974 [main] INFO com.BankingAutomation.testCases.BaseClass - Submit Button Clicked
2023-08-26 22:41:24,162 [main] INFO com.BankingAutomation.testCases.BaseClass - Add Customer is clicked
2023-08-26 22:41:43,146 [main] INFO com.BankingAutomation.testCases.BaseClass - Submit btn clicked
2023-08-26 22:41:51,422 [main] INFO com.BankingAutomation.testCases.BaseClass - logOut clicked
2023-08-26 22:41:52,528 [main] INFO com.BankingAutomation.testCases.BaseClass - Test Case ended and Chrome is closed
2023-08-26 22:46:43,467 [main] INFO com.BankingAutomation.testCases.BaseClass - Chrome instance is open
2023-08-26 22:46:50,511 [main] INFO com.BankingAutomation.testCases.BaseClass - launching URL
2023-08-26 22:46:51,003 [main] INFO com.BankingAutomation.testCases.BaseClass - User Name set successfully
2023-08-26 22:46:51,214 [main] INFO com.BankingAutomation.testCases.BaseClass - Password set successfully
2023-08-26 22:46:53,999 [main] INFO com.BankingAutomation.testCases.BaseClass - Submit Button Clicked
2023-08-26 22:46:57,182 [main] INFO com.BankingAutomation.testCases.BaseClass - Add Customer is clicked
2023-08-26 22:47:16,342 [main] INFO com.BankingAutomation.testCases.BaseClass - Submit btn clicked
2023-08-26 22:47:24,556 [main] INFO com.BankingAutomation.testCases.BaseClass - logOut clicked
2023-08-26 22:47:25,557 [main] INFO com.BankingAutomation.testCases.BaseClass - Test Case ended and Chrome is closed
2023-08-26 22:48:10,906 [main] INFO com.BankingAutomation.testCases.BaseClass - Chrome instance is open
2023-08-26 22:48:24,581 [main] INFO com.BankingAutomation.testCases.BaseClass - launching URL
2023-08-26 22:48:25,019 [main] INFO com.BankingAutomation.testCases.BaseClass - User Name set successfully
2023-08-26 22:48:25,230 [main] INFO com.BankingAutomation.testCases.BaseClass - Password set successfully
2023-08-26 22:48:28,858 [main] INFO com.BankingAutomation.testCases.BaseClass - Submit Button Clicked
2023-08-26 22:48:32,087 [main] INFO com.BankingAutomation.testCases.BaseClass - Add Customer is clicked
2023-08-26 22:48:52,274 [main] INFO com.BankingAutomation.testCases.BaseClass - Submit btn clicked
2023-08-26 22:49:01,478 [main] INFO com.BankingAutomation.testCases.BaseClass - logOut clicked
2023-08-26 22:49:02,692 [main] INFO com.BankingAutomation.testCases.BaseClass - Test Case ended and Chrome is closed
2023-08-26 22:57:04,352 [main] INFO com.BankingAutomation.testCases.BaseClass - Chrome instance is open
2023-08-26 22:57:19,423 [main] INFO com.BankingAutomation.testCases.BaseClass - launching URL
2023-08-26 22:57:19,902 [main] INFO com.BankingAutomation.testCases.BaseClass - User Name set successfully
2023-08-26 22:57:20,158 [main] INFO com.BankingAutomation.testCases.BaseClass - Password set successfully
2023-08-26 22:57:22,121 [main] INFO com.BankingAutomation.testCases.BaseClass - Submit Button Clicked
2023-08-26 22:57:25,275 [main] INFO com.BankingAutomation.testCases.BaseClass - Add Customer is clicked
2023-08-26 22:57:43,271 [main] INFO com.BankingAutomation.testCases.BaseClass - Submit btn clicked
2023-08-26 22:57:51,574 [main] INFO com.BankingAutomation.testCases.BaseClass - logOut clicked
2023-08-26 22:57:52,666 [main] INFO com.BankingAutomation.testCases.BaseClass - Test Case ended and Chrome is closed
2023-08-26 23:00:27,852 [main] INFO com.BankingAutomation.testCases.BaseClass - Chrome instance is open
2023-08-26 23:00:38,593 [main] INFO com.BankingAutomation.testCases.BaseClass - launching URL
2023-08-26 23:00:39,107 [main] INFO com.BankingAutomation.testCases.BaseClass - User Name set successfully
2023-08-26 23:00:39,827 [main] INFO com.BankingAutomation.testCases.BaseClass - Password set successfully
2023-08-26 23:00:41,274 [main] INFO com.BankingAutomation.testCases.BaseClass - Submit Button Clicked
2023-08-26 23:00:44,588 [main] INFO com.BankingAutomation.testCases.BaseClass - Add Customer is clicked
2023-08-26 23:01:04,764 [main] INFO com.BankingAutomation.testCases.BaseClass - Submit btn clicked
2023-08-26 23:01:13,227 [main] INFO com.BankingAutomation.testCases.BaseClass - logOut clicked
2023-08-26 23:01:14,446 [main] INFO com.BankingAutomation.testCases.BaseClass - Test Case ended and Chrome is closed
2023-08-26 23:06:14,691 [main] INFO com.BankingAutomation.testCases.BaseClass - Chrome instance is open
2023-08-26 23:06:21,029 [main] INFO com.BankingAutomation.testCases.BaseClass - launching URL
2023-08-26 23:06:21,531 [main] INFO com.BankingAutomation.testCases.BaseClass - User Name set successfully
2023-08-26 23:06:22,046 [main] INFO com.BankingAutomation.testCases.BaseClass - Password set successfully
2023-08-26 23:06:24,046 [main] INFO com.BankingAutomation.testCases.BaseClass - Submit Button Clicked
2023-08-26 23:06:27,203 [main] INFO com.BankingAutomation.testCases.BaseClass - Add Customer is clicked
2023-08-26 23:06:46,275 [main] INFO com.BankingAutomation.testCases.BaseClass - Submit btn clicked
2023-08-26 23:07:34,936 [main] INFO com.BankingAutomation.testCases.BaseClass - logOut clicked
2023-08-26 23:07:36,009 [main] INFO com.BankingAutomation.testCases.BaseClass - Test Case ended and Chrome is closed
2023-08-26 23:08:49,638 [main] INFO com.BankingAutomation.testCases.BaseClass - Chrome instance is open
2023-08-26 23:09:05,590 [main] INFO com.BankingAutomation.testCases.BaseClass - launching URL
2023-08-26 23:09:06,036 [main] INFO com.BankingAutomation.testCases.BaseClass - User Name set successfully
2023-08-26 23:09:06,786 [main] INFO com.BankingAutomation.testCases.BaseClass - Password set successfully
2023-08-26 23:09:09,077 [main] INFO com.BankingAutomation.testCases.BaseClass - Submit Button Clicked
2023-08-26 23:09:12,235 [main] INFO com.BankingAutomation.testCases.BaseClass - Add Customer is clicked
2023-08-26 23:09:31,901 [main] INFO com.BankingAutomation.testCases.BaseClass - Submit btn clicked
2023-08-26 23:09:47,160 [main] INFO com.BankingAutomation.testCases.BaseClass - logOut clicked
2023-08-26 23:09:48,232 [main] INFO com.BankingAutomation.testCases.BaseClass - Test Case ended and Chrome is closed
2023-08-26 23:21:51,946 [main] INFO com.BankingAutomation.testCases.BaseClass - Chrome instance is open
2023-08-26 23:21:59,896 [main] INFO com.BankingAutomation.testCases.BaseClass - launching URL
2023-08-26 23:22:00,427 [main] INFO com.BankingAutomation.testCases.BaseClass - User Name set successfully
2023-08-26 23:22:00,700 [main] INFO com.BankingAutomation.testCases.BaseClass - Password set successfully
2023-08-26 23:22:03,026 [main] INFO com.BankingAutomation.testCases.BaseClass - Submit Button Clicked
2023-08-26 23:22:06,226 [main] INFO com.BankingAutomation.testCases.BaseClass - Add Customer is clicked
2023-08-26 23:22:24,362 [main] INFO com.BankingAutomation.testCases.BaseClass - Submit btn clicked
2023-08-26 23:22:32,798 [main] INFO com.BankingAutomation.testCases.BaseClass - logOut clicked
2023-08-26 23:22:33,976 [main] INFO com.BankingAutomation.testCases.BaseClass - Test Case ended and Chrome is closed
2023-08-26 23:25:29,173 [main] INFO com.BankingAutomation.testCases.BaseClass - Chrome instance is open
2023-08-26 23:25:36,838 [main] INFO com.BankingAutomation.testCases.BaseClass - launching URL
2023-08-26 23:25:37,312 [main] INFO com.BankingAutomation.testCases.BaseClass - User Name set successfully
2023-08-26 23:25:37,990 [main] INFO com.BankingAutomation.testCases.BaseClass - Password set successfully
2023-08-26 23:25:40,797 [main] INFO com.BankingAutomation.testCases.BaseClass - Submit Button Clicked
2023-08-26 23:25:43,964 [main] INFO com.BankingAutomation.testCases.BaseClass - Add Customer is clicked
2023-08-26 23:26:03,864 [main] INFO com.BankingAutomation.testCases.BaseClass - Submit btn clicked
2023-08-26 23:26:24,650 [main] INFO com.BankingAutomation.testCases.BaseClass - logOut clicked
2023-08-26 23:26:25,930 [main] INFO com.BankingAutomation.testCases.BaseClass - Test Case ended and Chrome is closed
2023-08-26 23:28:47,406 [main] INFO com.BankingAutomation.testCases.BaseClass - Chrome instance is open
2023-08-26 23:28:54,994 [main] INFO com.BankingAutomation.testCases.BaseClass - launching URL
2023-08-26 23:28:55,640 [main] INFO com.BankingAutomation.testCases.BaseClass - User Name set successfully
2023-08-26 23:28:56,488 [main] INFO com.BankingAutomation.testCases.BaseClass - Password set successfully
2023-08-26 23:28:58,113 [main] INFO com.BankingAutomation.testCases.BaseClass - Submit Button Clicked
2023-08-26 23:29:01,355 [main] INFO com.BankingAutomation.testCases.BaseClass - Add Customer is clicked
2023-08-26 23:29:20,930 [main] INFO com.BankingAutomation.testCases.BaseClass - Submit btn clicked
2023-08-26 23:29:44,552 [main] INFO com.BankingAutomation.testCases.BaseClass - logOut clicked
2023-08-26 23:29:45,595 [main] INFO com.BankingAutomation.testCases.BaseClass - Test Case ended and Chrome is closed
2023-08-26 23:37:44,000 [main] INFO com.BankingAutomation.testCases.BaseClass - Chrome instance is open
2023-08-26 23:38:04,751 [main] INFO com.BankingAutomation.testCases.BaseClass - launching URL
2023-08-26 23:38:05,199 [main] INFO com.BankingAutomation.testCases.BaseClass - User Name set successfully
2023-08-26 23:38:06,090 [main] INFO com.BankingAutomation.testCases.BaseClass - Password set successfully
2023-08-26 23:38:07,594 [main] INFO com.BankingAutomation.testCases.BaseClass - Submit Button Clicked
2023-08-26 23:38:10,780 [main] INFO com.BankingAutomation.testCases.BaseClass - Add Customer is clicked
2023-08-26 23:38:30,440 [main] INFO com.BankingAutomation.testCases.BaseClass - Submit btn clicked
2023-08-26 23:38:31,617 [main] INFO com.BankingAutomation.testCases.BaseClass - Test Case ended and Chrome is closed
2023-08-26 23:40:18,798 [main] INFO com.BankingAutomation.testCases.BaseClass - Chrome instance is open
2023-08-26 23:40:39,612 [main] INFO com.BankingAutomation.testCases.BaseClass - launching URL
2023-08-26 23:40:40,112 [main] INFO com.BankingAutomation.testCases.BaseClass - User Name set successfully
2023-08-26 23:40:40,692 [main] INFO com.BankingAutomation.testCases.BaseClass - Password set successfully
2023-08-26 23:40:43,278 [main] INFO com.BankingAutomation.testCases.BaseClass - Submit Button Clicked
2023-08-26 23:40:46,446 [main] INFO com.BankingAutomation.testCases.BaseClass - Add Customer is clicked
2023-08-26 23:41:05,153 [main] INFO com.BankingAutomation.testCases.BaseClass - Submit btn clicked
2023-08-26 23:41:13,565 [main] INFO com.BankingAutomation.testCases.BaseClass - logOut clicked
2023-08-26 23:41:14,605 [main] INFO com.BankingAutomation.testCases.BaseClass - Test Case ended and Chrome is closed
2023-08-27 00:10:11,555 [main] INFO com.BankingAutomation.testCases.BaseClass - Chrome instance is open
2023-08-27 00:10:19,202 [main] INFO com.BankingAutomation.testCases.BaseClass - launching URL
2023-08-27 00:10:19,760 [main] INFO com.BankingAutomation.testCases.BaseClass - User Name set successfully
2023-08-27 00:10:20,740 [main] INFO com.BankingAutomation.testCases.BaseClass - Password set successfully
2023-08-27 00:10:23,772 [main] INFO com.BankingAutomation.testCases.BaseClass - Submit Button Clicked
2023-08-27 00:10:26,924 [main] INFO com.BankingAutomation.testCases.BaseClass - Add Customer is clicked
2023-08-27 00:10:47,008 [main] INFO com.BankingAutomation.testCases.BaseClass - Submit btn clicked
2023-08-27 00:11:43,141 [main] INFO com.BankingAutomation.testCases.BaseClass - logOut clicked
2023-08-27 00:11:44,229 [main] INFO com.BankingAutomation.testCases.BaseClass - Test Case ended and Chrome is closed
2023-08-27 00:17:10,743 [main] INFO com.BankingAutomation.testCases.BaseClass - Chrome instance is open
2023-08-27 00:17:20,930 [main] INFO com.BankingAutomation.testCases.BaseClass - launching URL
2023-08-27 00:17:21,650 [main] INFO com.BankingAutomation.testCases.BaseClass - User Name set successfully
2023-08-27 00:17:22,594 [main] INFO com.BankingAutomation.testCases.BaseClass - Password set successfully
2023-08-27 00:17:24,158 [main] INFO com.BankingAutomation.testCases.BaseClass - Submit Button Clicked
2023-08-27 00:17:27,323 [main] INFO com.BankingAutomation.testCases.BaseClass - Add Customer is clicked
2023-08-27 00:17:46,741 [main] INFO com.BankingAutomation.testCases.BaseClass - Submit btn clicked
2023-08-27 00:17:54,305 [main] INFO com.BankingAutomation.testCases.BaseClass - logOut clicked
2023-08-27 00:17:55,370 [main] INFO com.BankingAutomation.testCases.BaseClass - Test Case ended and Chrome is closed
2023-08-27 00:20:18,659 [main] INFO com.BankingAutomation.testCases.BaseClass - Chrome instance is open
2023-08-27 00:20:35,823 [main] INFO com.BankingAutomation.testCases.BaseClass - launching URL
2023-08-27 00:20:36,347 [main] INFO com.BankingAutomation.testCases.BaseClass - User Name set successfully
2023-08-27 00:20:36,586 [main] INFO com.BankingAutomation.testCases.BaseClass - Password set successfully
2023-08-27 00:20:39,031 [main] INFO com.BankingAutomation.testCases.BaseClass - Submit Button Clicked
2023-08-27 00:20:42,170 [main] INFO com.BankingAutomation.testCases.BaseClass - Add Customer is clicked
2023-08-27 00:21:00,561 [main] INFO com.BankingAutomation.testCases.BaseClass - Submit btn clicked
2023-08-27 00:21:03,021 [main] INFO com.BankingAutomation.testCases.BaseClass - Test Case ended and Chrome is closed
2023-08-27 00:23:57,890 [main] INFO com.BankingAutomation.testCases.BaseClass - Chrome instance is open
2023-08-27 00:24:05,029 [main] INFO com.BankingAutomation.testCases.BaseClass - launching URL
2023-08-27 00:24:05,512 [main] INFO com.BankingAutomation.testCases.BaseClass - User Name set successfully
2023-08-27 00:24:06,240 [main] INFO com.BankingAutomation.testCases.BaseClass - Password set successfully
2023-08-27 00:24:08,017 [main] INFO com.BankingAutomation.testCases.BaseClass - Submit Button Clicked
2023-08-27 00:24:11,162 [main] INFO com.BankingAutomation.testCases.BaseClass - Add Customer is clicked
2023-08-27 00:24:30,636 [main] INFO com.BankingAutomation.testCases.BaseClass - Submit btn clicked
2023-08-27 00:24:38,893 [main] INFO com.BankingAutomation.testCases.BaseClass - logOut clicked
2023-08-27 00:24:39,950 [main] INFO com.BankingAutomation.testCases.BaseClass - Test Case ended and Chrome is closed
2023-08-27 00:28:02,660 [main] INFO com.BankingAutomation.testCases.BaseClass - Chrome instance is open
2023-08-27 00:28:10,053 [main] INFO com.BankingAutomation.testCases.BaseClass - launching URL
2023-08-27 00:28:11,491 [main] INFO com.BankingAutomation.testCases.BaseClass - User Name set successfully
2023-08-27 00:28:11,663 [main] INFO com.BankingAutomation.testCases.BaseClass - Password set successfully
2023-08-27 00:28:15,976 [main] INFO com.BankingAutomation.testCases.BaseClass - Submit Button Clicked
2023-08-27 00:28:19,170 [main] INFO com.BankingAutomation.testCases.BaseClass - Add Customer is clicked
2023-08-27 00:28:38,471 [main] INFO com.BankingAutomation.testCases.BaseClass - Submit btn clicked
2023-08-27 00:28:48,785 [main] INFO com.BankingAutomation.testCases.BaseClass - logOut clicked
2023-08-27 00:28:50,397 [main] INFO com.BankingAutomation.testCases.BaseClass - Test Case ended and Chrome is closed
2023-08-27 00:30:20,647 [main] INFO com.BankingAutomation.testCases.BaseClass - Chrome instance is open
2023-08-27 00:30:28,297 [main] INFO com.BankingAutomation.testCases.BaseClass - launching URL
2023-08-27 00:30:28,863 [main] INFO com.BankingAutomation.testCases.BaseClass - User Name set successfully
2023-08-27 00:30:29,868 [main] INFO com.BankingAutomation.testCases.BaseClass - Password set successfully
2023-08-27 00:30:31,393 [main] INFO com.BankingAutomation.testCases.BaseClass - Submit Button Clicked
2023-08-27 00:30:34,593 [main] INFO com.BankingAutomation.testCases.BaseClass - Add Customer is clicked
2023-08-27 00:30:54,195 [main] INFO com.BankingAutomation.testCases.BaseClass - Submit btn clicked
2023-08-27 00:31:01,738 [main] INFO com.BankingAutomation.testCases.BaseClass - logOut clicked
2023-08-27 00:31:03,089 [main] INFO com.BankingAutomation.testCases.BaseClass - Test Case ended and Chrome is closed
2023-08-28 00:28:54,104 [main] INFO com.BankingAutomation.testCases.BaseClass - Chrome instance is open
2023-08-28 00:29:01,469 [main] INFO com.BankingAutomation.testCases.BaseClass - launching URL
2023-08-28 00:29:02,922 [main] INFO com.BankingAutomation.testCases.BaseClass - User Name set successfully
2023-08-28 00:29:03,125 [main] INFO com.BankingAutomation.testCases.BaseClass - Password set successfully
2023-08-28 00:29:04,714 [main] INFO com.BankingAutomation.testCases.BaseClass - Submit Button Clicked
2023-08-28 00:29:08,001 [main] INFO com.BankingAutomation.testCases.BaseClass - Add Customer is clicked
2023-08-28 00:29:27,375 [main] INFO com.BankingAutomation.testCases.BaseClass - Submit btn clicked
2023-08-28 00:29:35,825 [main] INFO com.BankingAutomation.testCases.BaseClass - logOut clicked
2023-08-28 00:29:37,582 [main] INFO com.BankingAutomation.testCases.BaseClass - Test Case ended and Chrome is closed
2023-08-28 00:31:18,381 [main] INFO com.BankingAutomation.testCases.BaseClass - Chrome instance is open
2023-08-28 00:31:28,626 [main] INFO com.BankingAutomation.testCases.BaseClass - launching URL
2023-08-28 00:31:30,409 [main] INFO com.BankingAutomation.testCases.BaseClass - User Name set successfully
2023-08-28 00:31:30,620 [main] INFO com.BankingAutomation.testCases.BaseClass - Password set successfully
2023-08-28 00:31:33,476 [main] INFO com.BankingAutomation.testCases.BaseClass - Submit Button Clicked
2023-08-28 00:31:36,619 [main] INFO com.BankingAutomation.testCases.BaseClass - Add Customer is clicked
2023-08-28 00:31:56,584 [main] INFO com.BankingAutomation.testCases.BaseClass - Submit btn clicked
2023-08-28 00:32:48,392 [main] INFO com.BankingAutomation.testCases.BaseClass - logOut clicked
2023-08-28 00:32:49,622 [main] INFO com.BankingAutomation.testCases.BaseClass - Test Case ended and Chrome is closed
2023-08-28 00:34:21,684 [main] INFO com.BankingAutomation.testCases.BaseClass - Chrome instance is open
2023-08-28 00:34:31,220 [main] INFO com.BankingAutomation.testCases.BaseClass - launching URL
2023-08-28 00:34:31,718 [main] INFO com.BankingAutomation.testCases.BaseClass - User Name set successfully
2023-08-28 00:34:32,674 [main] INFO com.BankingAutomation.testCases.BaseClass - Password set successfully
2023-08-28 00:34:34,072 [main] INFO com.BankingAutomation.testCases.BaseClass - Submit Button Clicked
2023-08-28 00:34:37,399 [main] INFO com.BankingAutomation.testCases.BaseClass - Add Customer is clicked
2023-08-28 00:34:57,088 [main] INFO com.BankingAutomation.testCases.BaseClass - Submit btn clicked
2023-08-28 00:35:07,133 [main] INFO com.BankingAutomation.testCases.BaseClass - logOut clicked
2023-08-28 00:35:08,314 [main] INFO com.BankingAutomation.testCases.BaseClass - Test Case ended and Chrome is closed
2023-08-28 00:43:40,012 [main] INFO com.BankingAutomation.testCases.BaseClass - Chrome instance is open
2023-08-28 00:43:46,661 [main] INFO com.BankingAutomation.testCases.BaseClass - launching URL
2023-08-28 00:43:47,185 [main] INFO com.BankingAutomation.testCases.BaseClass - User Name set successfully
2023-08-28 00:43:47,748 [main] INFO com.BankingAutomation.testCases.BaseClass - Password set successfully
2023-08-28 00:43:49,777 [main] INFO com.BankingAutomation.testCases.BaseClass - Submit Button Clicked
2023-08-28 00:43:52,939 [main] INFO com.BankingAutomation.testCases.BaseClass - Add Customer is clicked
2023-08-28 00:44:12,438 [main] INFO com.BankingAutomation.testCases.BaseClass - Submit btn clicked
2023-08-28 00:44:20,426 [main] INFO com.BankingAutomation.testCases.BaseClass - logOut clicked
2023-08-28 00:44:21,489 [main] INFO com.BankingAutomation.testCases.BaseClass - Test Case ended and Chrome is closed
2023-08-28 00:49:36,284 [main] INFO com.BankingAutomation.testCases.BaseClass - Chrome instance is open
2023-08-28 00:49:43,554 [main] INFO com.BankingAutomation.testCases.BaseClass - launching URL
2023-08-28 00:49:44,058 [main] INFO com.BankingAutomation.testCases.BaseClass - User Name set successfully
2023-08-28 00:49:44,918 [main] INFO com.BankingAutomation.testCases.BaseClass - Password set successfully
2023-08-28 00:49:48,066 [main] INFO com.BankingAutomation.testCases.BaseClass - Submit Button Clicked
2023-08-28 00:49:51,218 [main] INFO com.BankingAutomation.testCases.BaseClass - Add Customer is clicked
2023-08-28 00:50:10,757 [main] INFO com.BankingAutomation.testCases.BaseClass - Submit btn clicked
2023-08-28 00:50:17,850 [main] INFO com.BankingAutomation.testCases.BaseClass - logOut clicked
2023-08-28 00:50:19,011 [main] INFO com.BankingAutomation.testCases.BaseClass - Test Case ended and Chrome is closed
2023-08-28 00:51:25,733 [main] INFO com.BankingAutomation.testCases.BaseClass - Chrome instance is open
2023-08-28 00:51:31,836 [main] INFO com.BankingAutomation.testCases.BaseClass - launching URL
2023-08-28 00:51:32,307 [main] INFO com.BankingAutomation.testCases.BaseClass - User Name set successfully
2023-08-28 00:51:32,610 [main] INFO com.BankingAutomation.testCases.BaseClass - Password set successfully
2023-08-28 00:51:35,377 [main] INFO com.BankingAutomation.testCases.BaseClass - Submit Button Clicked
2023-08-28 00:51:38,594 [main] INFO com.BankingAutomation.testCases.BaseClass - Add Customer is clicked
2023-08-28 00:51:54,257 [main] INFO com.BankingAutomation.testCases.BaseClass - Submit btn clicked
2023-08-28 00:51:56,262 [main] INFO com.BankingAutomation.testCases.BaseClass - Test Case ended and Chrome is closed
2023-08-28 00:52:31,622 [main] INFO com.BankingAutomation.testCases.BaseClass - Chrome instance is open
2023-08-28 00:52:36,865 [main] INFO com.BankingAutomation.testCases.BaseClass - launching URL
2023-08-28 00:52:37,315 [main] INFO com.BankingAutomation.testCases.BaseClass - User Name set successfully
2023-08-28 00:52:37,621 [main] INFO com.BankingAutomation.testCases.BaseClass - Password set successfully
2023-08-28 00:52:39,871 [main] INFO com.BankingAutomation.testCases.BaseClass - Submit Button Clicked
2023-08-28 00:52:43,050 [main] INFO com.BankingAutomation.testCases.BaseClass - Add Customer is clicked
2023-08-28 00:53:02,019 [main] INFO com.BankingAutomation.testCases.BaseClass - Submit btn clicked
2023-08-28 00:53:10,392 [main] INFO com.BankingAutomation.testCases.BaseClass - logOut clicked
2023-08-28 00:53:11,404 [main] INFO com.BankingAutomation.testCases.BaseClass - Test Case ended and Chrome is closed
2023-08-28 16:55:07,660 [main] INFO com.BankingAutomation.testCases.BaseClass - Chrome instance is open
2023-08-28 16:55:32,034 [main] INFO com.BankingAutomation.testCases.BaseClass - launching URL
2023-08-28 16:55:32,618 [main] INFO com.BankingAutomation.testCases.BaseClass - UserName is entered sucessfully
2023-08-28 16:55:33,555 [main] INFO com.BankingAutomation.testCases.BaseClass - Password is entered sucessfully
2023-08-28 16:55:36,322 [main] INFO com.BankingAutomation.testCases.BaseClass - Submit button is clicked
2023-08-28 16:55:37,270 [main] INFO com.BankingAutomation.testCases.BaseClass - Title not Matched
2023-08-28 16:55:38,279 [main] INFO com.BankingAutomation.testCases.BaseClass - Test Case ended and Chrome is closed
2023-08-28 16:55:41,441 [main] INFO com.BankingAutomation.testCases.BaseClass - Chrome instance is open
2023-08-28 16:55:46,846 [main] INFO com.BankingAutomation.testCases.BaseClass - launching URL
2023-08-28 16:55:47,841 [main] INFO com.BankingAutomation.testCases.BaseClass - Test Case ended and Chrome is closed
2023-08-28 16:59:08,266 [main] INFO com.BankingAutomation.testCases.BaseClass - Chrome instance is open
2023-08-28 16:59:15,299 [main] INFO com.BankingAutomation.testCases.BaseClass - launching URL
2023-08-28 16:59:15,878 [main] INFO com.BankingAutomation.testCases.BaseClass - UserName is entered sucessfully
2023-08-28 16:59:16,183 [main] INFO com.BankingAutomation.testCases.BaseClass - Password is entered sucessfully
2023-08-28 16:59:18,445 [main] INFO com.BankingAutomation.testCases.BaseClass - Submit button is clicked
2023-08-28 16:59:18,972 [main] INFO com.BankingAutomation.testCases.BaseClass - Title not Matched
2023-08-28 16:59:23,940 [main] INFO com.BankingAutomation.testCases.BaseClass - Chrome instance is open
2023-08-28 16:59:31,451 [main] INFO com.BankingAutomation.testCases.BaseClass - launching URL
2023-08-28 16:59:36,612 [main] INFO com.BankingAutomation.testCases.BaseClass - Test Case ended and Chrome is closed
2023-08-28 17:46:06,008 [main] INFO com.BankingAutomation.testCases.BaseClass - Chrome instance is open
2023-08-28 17:46:24,399 [main] INFO com.BankingAutomation.testCases.BaseClass - launching URL
2023-08-28 17:46:24,971 [main] INFO com.BankingAutomation.testCases.BaseClass - UserName is entered sucessfully
2023-08-28 17:46:25,626 [main] INFO com.BankingAutomation.testCases.BaseClass - Password is entered sucessfully
2023-08-28 17:46:27,029 [main] INFO com.BankingAutomation.testCases.BaseClass - Submit button is clicked
2023-08-28 17:46:27,084 [main] INFO com.BankingAutomation.testCases.BaseClass - Title Matched
2023-08-28 17:46:31,704 [main] INFO com.BankingAutomation.testCases.BaseClass - Chrome instance is open
2023-08-28 17:46:38,015 [main] INFO com.BankingAutomation.testCases.BaseClass - launching URL
2023-08-28 17:46:38,554 [main] INFO com.BankingAutomation.testCases.BaseClass - User Name set successfully
2023-08-28 17:46:40,395 [main] INFO com.BankingAutomation.testCases.BaseClass - Password set successfully
2023-08-28 17:46:47,000 [main] INFO com.BankingAutomation.testCases.BaseClass - Submit Button Clicked
2023-08-28 17:46:50,192 [main] INFO com.BankingAutomation.testCases.BaseClass - Add Customer Link is clicked
2023-08-28 17:47:09,760 [main] INFO com.BankingAutomation.testCases.BaseClass - Submit btn clicked
2023-08-28 17:47:17,412 [main] INFO com.BankingAutomation.testCases.BaseClass - logOut clicked
2023-08-28 17:47:19,702 [main] INFO com.BankingAutomation.testCases.BaseClass - Test Case ended and Chrome is closed
2023-08-28 18:11:12,461 [main] INFO com.BankingAutomation.testCases.BaseClass - Chrome instance is open
2023-08-28 18:11:25,926 [main] INFO com.BankingAutomation.testCases.BaseClass - launching URL
2023-08-28 18:11:26,535 [main] INFO com.BankingAutomation.testCases.BaseClass - UserName is entered sucessfully
2023-08-28 18:11:27,500 [main] INFO com.BankingAutomation.testCases.BaseClass - Password is entered sucessfully
2023-08-28 18:11:29,275 [main] INFO com.BankingAutomation.testCases.BaseClass - Submit button is clicked
2023-08-28 18:11:29,329 [main] INFO com.BankingAutomation.testCases.BaseClass - Title Matched
2023-08-28 18:11:35,823 [main] INFO com.BankingAutomation.testCases.BaseClass - Chrome instance is open
2023-08-28 18:11:50,906 [main] INFO com.BankingAutomation.testCases.BaseClass - launching URL
2023-08-28 18:11:51,659 [main] INFO com.BankingAutomation.testCases.BaseClass - User Name set successfully
2023-08-28 18:11:52,758 [main] INFO com.BankingAutomation.testCases.BaseClass - Password set successfully
2023-08-28 18:11:55,228 [main] INFO com.BankingAutomation.testCases.BaseClass - Submit Button Clicked
2023-08-28 18:11:58,500 [main] INFO com.BankingAutomation.testCases.BaseClass - Add Customer Link is clicked
2023-08-28 18:12:19,162 [main] INFO com.BankingAutomation.testCases.BaseClass - Submit btn clicked
2023-08-28 18:12:22,459 [main] INFO com.BankingAutomation.testCases.BaseClass - Test Case ended and Chrome is closed
2023-08-28 18:14:49,339 [main] INFO com.BankingAutomation.testCases.BaseClass - Chrome instance is open
2023-08-28 18:14:57,053 [main] INFO com.BankingAutomation.testCases.BaseClass - launching URL
2023-08-28 18:14:57,798 [main] INFO com.BankingAutomation.testCases.BaseClass - UserName is entered sucessfully
2023-08-28 18:14:58,499 [main] INFO com.BankingAutomation.testCases.BaseClass - Password is entered sucessfully
2023-08-28 18:14:59,922 [main] INFO com.BankingAutomation.testCases.BaseClass - Submit button is clicked
2023-08-28 18:14:59,987 [main] INFO com.BankingAutomation.testCases.BaseClass - Title Matched
2023-08-28 18:15:05,003 [main] INFO com.BankingAutomation.testCases.BaseClass - Chrome instance is open
2023-08-28 18:15:11,423 [main] INFO com.BankingAutomation.testCases.BaseClass - launching URL
2023-08-28 18:15:12,443 [main] INFO com.BankingAutomation.testCases.BaseClass - User Name set successfully
2023-08-28 18:15:13,814 [main] INFO com.BankingAutomation.testCases.BaseClass - Password set successfully
2023-08-28 18:15:16,973 [main] INFO com.BankingAutomation.testCases.BaseClass - Submit Button Clicked
2023-08-28 18:15:20,274 [main] INFO com.BankingAutomation.testCases.BaseClass - Add Customer Link is clicked
2023-08-28 18:15:41,729 [main] INFO com.BankingAutomation.testCases.BaseClass - Submit btn clicked
2023-08-28 18:19:37,518 [main] INFO com.BankingAutomation.testCases.BaseClass - Chrome instance is open
2023-08-28 18:19:51,176 [main] INFO com.BankingAutomation.testCases.BaseClass - launching URL
2023-08-28 18:19:51,721 [main] INFO com.BankingAutomation.testCases.BaseClass - User Name set successfully
2023-08-28 18:19:52,146 [main] INFO com.BankingAutomation.testCases.BaseClass - Password set successfully
2023-08-28 18:19:53,892 [main] INFO com.BankingAutomation.testCases.BaseClass - Submit Button Clicked
2023-08-28 18:19:57,057 [main] INFO com.BankingAutomation.testCases.BaseClass - Add Customer Link is clicked
2023-08-28 18:20:17,258 [main] INFO com.BankingAutomation.testCases.BaseClass - Submit btn clicked
2023-08-28 18:24:08,506 [main] INFO com.BankingAutomation.testCases.BaseClass - Chrome instance is open
2023-08-28 18:24:17,895 [main] INFO com.BankingAutomation.testCases.BaseClass - launching URL
2023-08-28 18:24:18,385 [main] INFO com.BankingAutomation.testCases.BaseClass - User Name set successfully
2023-08-28 18:24:18,609 [main] INFO com.BankingAutomation.testCases.BaseClass - Password set successfully
2023-08-28 18:24:21,293 [main] INFO com.BankingAutomation.testCases.BaseClass - Submit Button Clicked
2023-08-28 18:24:24,586 [main] INFO com.BankingAutomation.testCases.BaseClass - Add Customer Link is clicked
2023-08-28 18:24:43,949 [main] INFO com.BankingAutomation.testCases.BaseClass - Submit btn clicked
2023-08-28 18:25:18,102 [main] INFO com.BankingAutomation.testCases.BaseClass - Chrome instance is open
2023-08-28 18:25:27,209 [main] INFO com.BankingAutomation.testCases.BaseClass - launching URL
2023-08-28 18:25:27,681 [main] INFO com.BankingAutomation.testCases.BaseClass - User Name set successfully
2023-08-28 18:25:27,875 [main] INFO com.BankingAutomation.testCases.BaseClass - Password set successfully
2023-08-28 18:25:30,328 [main] INFO com.BankingAutomation.testCases.BaseClass - Submit Button Clicked
2023-08-28 18:25:33,529 [main] INFO com.BankingAutomation.testCases.BaseClass - Add Customer Link is clicked
2023-08-28 18:25:52,107 [main] INFO com.BankingAutomation.testCases.BaseClass - Submit btn clicked
2023-08-28 18:29:15,016 [main] INFO com.BankingAutomation.testCases.BaseClass - Chrome instance is open
2023-08-28 18:29:22,351 [main] INFO com.BankingAutomation.testCases.BaseClass - launching URL
2023-08-28 18:29:23,133 [main] INFO com.BankingAutomation.testCases.BaseClass - User Name set successfully
2023-08-28 18:29:23,517 [main] INFO com.BankingAutomation.testCases.BaseClass - Password set successfully
2023-08-28 18:29:25,142 [main] INFO com.BankingAutomation.testCases.BaseClass - Submit Button Clicked
2023-08-28 18:29:28,498 [main] INFO com.BankingAutomation.testCases.BaseClass - Add Customer Link is clicked
2023-08-28 18:29:48,727 [main] INFO com.BankingAutomation.testCases.BaseClass - Submit btn clicked
2023-08-28 18:39:36,512 [main] INFO com.BankingAutomation.testCases.BaseClass - Chrome instance is open
2023-08-28 18:39:42,444 [main] INFO com.BankingAutomation.testCases.BaseClass - launching URL
2023-08-28 18:39:43,115 [main] INFO com.BankingAutomation.testCases.BaseClass - User Name set successfully
2023-08-28 18:39:43,863 [main] INFO com.BankingAutomation.testCases.BaseClass - Password set successfully
2023-08-28 18:39:45,420 [main] INFO com.BankingAutomation.testCases.BaseClass - Submit Button Clicked
2023-08-28 18:39:48,624 [main] INFO com.BankingAutomation.testCases.BaseClass - Add Customer Link is clicked
2023-08-28 18:40:06,470 [main] INFO com.BankingAutomation.testCases.BaseClass - Submit btn clicked
2023-08-28 18:41:34,543 [main] INFO com.BankingAutomation.testCases.BaseClass - Chrome instance is open
2023-08-28 18:41:48,122 [main] INFO com.BankingAutomation.testCases.BaseClass - launching URL
2023-08-28 18:41:49,513 [main] INFO com.BankingAutomation.testCases.BaseClass - User Name set successfully
2023-08-28 18:41:49,685 [main] INFO com.BankingAutomation.testCases.BaseClass - Password set successfully
2023-08-28 18:41:51,872 [main] INFO com.BankingAutomation.testCases.BaseClass - Submit Button Clicked
2023-08-28 18:41:55,084 [main] INFO com.BankingAutomation.testCases.BaseClass - Add Customer Link is clicked
2023-08-28 18:42:15,004 [main] INFO com.BankingAutomation.testCases.BaseClass - Submit btn clicked
2023-08-28 18:49:55,133 [main] INFO com.BankingAutomation.testCases.BaseClass - Chrome instance is open
2023-08-28 18:50:01,262 [main] INFO com.BankingAutomation.testCases.BaseClass - launching URL
2023-08-28 18:50:01,770 [main] INFO com.BankingAutomation.testCases.BaseClass - User Name set successfully
2023-08-28 18:50:02,878 [main] INFO com.BankingAutomation.testCases.BaseClass - Password set successfully
2023-08-28 18:50:05,615 [main] INFO com.BankingAutomation.testCases.BaseClass - Submit Button Clicked
2023-08-28 18:50:08,819 [main] INFO com.BankingAutomation.testCases.BaseClass - Add Customer Link is clicked
2023-08-28 18:50:28,426 [main] INFO com.BankingAutomation.testCases.BaseClass - Submit btn clicked
2023-08-28 18:58:40,500 [main] INFO com.BankingAutomation.testCases.BaseClass - Chrome instance is open
2023-08-28 18:58:48,925 [main] INFO com.BankingAutomation.testCases.BaseClass - launching URL
2023-08-28 18:58:49,422 [main] INFO com.BankingAutomation.testCases.BaseClass - User Name set successfully
2023-08-28 18:58:49,656 [main] INFO com.BankingAutomation.testCases.BaseClass - Password set successfully
2023-08-28 18:58:51,597 [main] INFO com.BankingAutomation.testCases.BaseClass - Submit Button Clicked
2023-08-28 18:58:54,836 [main] INFO com.BankingAutomation.testCases.BaseClass - Add Customer Link is clicked
2023-08-28 18:59:14,440 [main] INFO com.BankingAutomation.testCases.BaseClass - Submit btn clicked
2023-08-28 18:59:20,986 [main] INFO com.BankingAutomation.testCases.BaseClass - logOut clicked
2023-08-28 19:07:38,756 [main] INFO com.BankingAutomation.testCases.BaseClass - Chrome instance is open
2023-08-28 19:07:53,926 [main] INFO com.BankingAutomation.testCases.BaseClass - launching URL
2023-08-28 19:07:54,526 [main] INFO com.BankingAutomation.testCases.BaseClass - User Name set successfully
2023-08-28 19:07:55,373 [main] INFO com.BankingAutomation.testCases.BaseClass - Password set successfully
2023-08-28 19:07:56,824 [main] INFO com.BankingAutomation.testCases.BaseClass - Submit Button Clicked
2023-08-28 19:08:00,159 [main] INFO com.BankingAutomation.testCases.BaseClass - Add Customer Link is clicked
2023-08-28 19:08:18,776 [main] INFO com.BankingAutomation.testCases.BaseClass - Submit btn clicked
2023-08-28 19:09:15,386 [main] INFO com.BankingAutomation.testCases.BaseClass - Chrome instance is open
2023-08-28 19:09:21,554 [main] INFO com.BankingAutomation.testCases.BaseClass - launching URL
2023-08-28 19:09:22,077 [main] INFO com.BankingAutomation.testCases.BaseClass - User Name set successfully
2023-08-28 19:09:22,849 [main] INFO com.BankingAutomation.testCases.BaseClass - Password set successfully
2023-08-28 19:09:24,471 [main] INFO com.BankingAutomation.testCases.BaseClass - Submit Button Clicked
2023-08-28 19:09:27,756 [main] INFO com.BankingAutomation.testCases.BaseClass - Add Customer Link is clicked
2023-08-28 19:09:45,579 [main] INFO com.BankingAutomation.testCases.BaseClass - Submit btn clicked
2023-08-28 19:10:30,534 [main] INFO com.BankingAutomation.testCases.BaseClass - logOut clicked
2023-08-28 19:10:31,697 [main] INFO com.BankingAutomation.testCases.BaseClass - Test Case ended and Chrome is closed
2023-08-28 19:48:56,188 [main] INFO com.BankingAutomation.testCases.BaseClass - Chrome instance is open
2023-08-28 19:49:03,073 [main] INFO com.BankingAutomation.testCases.BaseClass - launching URL
2023-08-28 19:49:03,686 [main] INFO com.BankingAutomation.testCases.BaseClass - User Name set successfully
2023-08-28 19:49:05,110 [main] INFO com.BankingAutomation.testCases.BaseClass - Password set successfully
2023-08-28 19:49:06,559 [main] INFO com.BankingAutomation.testCases.BaseClass - Submit Button Clicked
2023-08-28 19:49:09,707 [main] INFO com.BankingAutomation.testCases.BaseClass - Add Customer Link is clicked
2023-08-28 19:49:27,228 [main] INFO com.BankingAutomation.testCases.BaseClass - Submit btn clicked
2023-08-28 19:49:28,772 [main] INFO com.BankingAutomation.testCases.BaseClass - Test Case ended and Chrome is closed
2023-08-28 19:50:23,379 [main] INFO com.BankingAutomation.testCases.BaseClass - Chrome instance is open
2023-08-28 19:50:30,316 [main] INFO com.BankingAutomation.testCases.BaseClass - launching URL
2023-08-28 19:50:30,779 [main] INFO com.BankingAutomation.testCases.BaseClass - User Name set successfully
2023-08-28 19:50:30,964 [main] INFO com.BankingAutomation.testCases.BaseClass - Password set successfully
2023-08-28 19:50:34,490 [main] INFO com.BankingAutomation.testCases.BaseClass - Submit Button Clicked
2023-08-28 19:50:37,681 [main] INFO com.BankingAutomation.testCases.BaseClass - Add Customer Link is clicked
2023-08-28 19:50:54,705 [main] INFO com.BankingAutomation.testCases.BaseClass - Submit btn clicked
2023-08-28 19:50:56,261 [main] INFO com.BankingAutomation.testCases.BaseClass - Test Case ended and Chrome is closed
2023-08-28 19:52:06,497 [main] INFO com.BankingAutomation.testCases.BaseClass - Chrome instance is open
2023-08-28 19:52:21,050 [main] INFO com.BankingAutomation.testCases.BaseClass - launching URL
2023-08-28 19:52:21,569 [main] INFO com.BankingAutomation.testCases.BaseClass - User Name set successfully
2023-08-28 19:52:22,072 [main] INFO com.BankingAutomation.testCases.BaseClass - Password set successfully
2023-08-28 19:52:23,860 [main] INFO com.BankingAutomation.testCases.BaseClass - Submit Button Clicked
2023-08-28 19:52:27,005 [main] INFO com.BankingAutomation.testCases.BaseClass - Add Customer Link is clicked
2023-08-28 19:52:46,743 [main] INFO com.BankingAutomation.testCases.BaseClass - Submit btn clicked
2023-08-28 19:53:11,766 [main] INFO com.BankingAutomation.testCases.BaseClass - logOut clicked
2023-08-28 19:53:12,779 [main] INFO com.BankingAutomation.testCases.BaseClass - Test Case ended and Chrome is closed
2023-08-28 19:55:40,948 [main] INFO com.BankingAutomation.testCases.BaseClass - Chrome instance is open
2023-08-28 19:55:57,478 [main] INFO com.BankingAutomation.testCases.BaseClass - launching URL
2023-08-28 19:55:57,904 [main] INFO com.BankingAutomation.testCases.BaseClass - User Name set successfully
2023-08-28 19:55:58,093 [main] INFO com.BankingAutomation.testCases.BaseClass - Password set successfully
2023-08-28 19:55:59,979 [main] INFO com.BankingAutomation.testCases.BaseClass - Submit Button Clicked
2023-08-28 19:56:03,117 [main] INFO com.BankingAutomation.testCases.BaseClass - Add Customer Link is clicked
2023-08-28 19:56:21,536 [main] INFO com.BankingAutomation.testCases.BaseClass - Submit btn clicked
2023-08-28 19:56:31,136 [main] INFO com.BankingAutomation.testCases.BaseClass - logOut clicked
2023-08-28 19:56:32,429 [main] INFO com.BankingAutomation.testCases.BaseClass - Test Case ended and Chrome is closed
2023-08-28 20:22:02,405 [main] INFO com.BankingAutomation.testCases.BaseClass - Chrome instance is open
2023-08-28 20:22:26,439 [main] INFO com.BankingAutomation.testCases.BaseClass - launching URL
2023-08-28 20:22:26,937 [main] INFO com.BankingAutomation.testCases.BaseClass - User Name set successfully
2023-08-28 20:22:28,116 [main] INFO com.BankingAutomation.testCases.BaseClass - Password set successfully
2023-08-28 20:22:30,633 [main] INFO com.BankingAutomation.testCases.BaseClass - Submit Button Clicked
2023-08-28 20:22:33,849 [main] INFO com.BankingAutomation.testCases.BaseClass - Add Customer Link is clicked
2023-08-28 20:22:52,539 [main] INFO com.BankingAutomation.testCases.BaseClass - Submit btn clicked
2023-08-28 20:23:00,365 [main] INFO com.BankingAutomation.testCases.BaseClass - logOut clicked
2023-08-28 20:23:01,648 [main] INFO com.BankingAutomation.testCases.BaseClass - Test Case ended and Chrome is closed
2023-08-28 20:31:28,982 [main] INFO com.BankingAutomation.testCases.BaseClass - Chrome instance is open
2023-08-28 20:31:38,862 [main] INFO com.BankingAutomation.testCases.BaseClass - launching URL
2023-08-28 20:31:39,442 [main] INFO com.BankingAutomation.testCases.BaseClass - User Name set successfully
2023-08-28 20:31:40,372 [main] INFO com.BankingAutomation.testCases.BaseClass - Password set successfully
2023-08-28 20:31:42,742 [main] INFO com.BankingAutomation.testCases.BaseClass - Submit Button Clicked
2023-08-28 20:31:45,920 [main] INFO com.BankingAutomation.testCases.BaseClass - Add Customer Link is clicked
2023-08-28 20:32:06,557 [main] INFO com.BankingAutomation.testCases.BaseClass - Submit btn clicked
2023-08-28 20:32:15,662 [main] INFO com.BankingAutomation.testCases.BaseClass - logOut clicked
2023-08-28 20:32:16,813 [main] INFO com.BankingAutomation.testCases.BaseClass - Test Case ended and Chrome is closed
2023-08-28 21:34:21,735 [main] INFO com.BankingAutomation.testCases.BaseClass - Chrome instance is open
2023-08-28 21:34:42,931 [main] INFO com.BankingAutomation.testCases.BaseClass - launching URL
2023-08-28 21:34:43,424 [main] INFO com.BankingAutomation.testCases.BaseClass - User Name set successfully
2023-08-28 21:34:43,705 [main] INFO com.BankingAutomation.testCases.BaseClass - Password set successfully
2023-08-28 21:34:47,378 [main] INFO com.BankingAutomation.testCases.BaseClass - Submit Button Clicked
2023-08-28 21:34:50,576 [main] INFO com.BankingAutomation.testCases.BaseClass - Add Customer Link is clicked
2023-08-28 21:35:08,771 [main] INFO com.BankingAutomation.testCases.BaseClass - Submit btn clicked
2023-08-28 21:35:13,225 [main] INFO com.BankingAutomation.testCases.BaseClass - Test Case ended and Chrome is closed
2023-08-28 21:39:05,366 [main] INFO com.BankingAutomation.testCases.BaseClass - Chrome instance is open
2023-08-28 21:39:13,764 [main] INFO com.BankingAutomation.testCases.BaseClass - launching URL
2023-08-28 21:39:14,284 [main] INFO com.BankingAutomation.testCases.BaseClass - User Name set successfully
2023-08-28 21:39:14,622 [main] INFO com.BankingAutomation.testCases.BaseClass - Password set successfully
2023-08-28 21:39:18,305 [main] INFO com.BankingAutomation.testCases.BaseClass - Submit Button Clicked
2023-08-28 21:39:21,479 [main] INFO com.BankingAutomation.testCases.BaseClass - Add Customer Link is clicked
2023-08-28 21:39:37,998 [main] INFO com.BankingAutomation.testCases.BaseClass - Submit btn clicked
2023-08-28 21:39:40,712 [main] INFO com.BankingAutomation.testCases.BaseClass - Test Case ended and Chrome is closed
2023-08-28 21:39:53,385 [main] INFO com.BankingAutomation.testCases.BaseClass - Chrome instance is open
2023-08-28 21:40:22,287 [main] INFO com.BankingAutomation.testCases.BaseClass - launching URL
2023-08-28 21:40:22,814 [main] INFO com.BankingAutomation.testCases.BaseClass - User Name set successfully
2023-08-28 21:40:23,165 [main] INFO com.BankingAutomation.testCases.BaseClass - Password set successfully
2023-08-28 21:40:25,052 [main] INFO com.BankingAutomation.testCases.BaseClass - Submit Button Clicked
2023-08-28 21:40:28,246 [main] INFO com.BankingAutomation.testCases.BaseClass - Add Customer Link is clicked
2023-08-28 21:40:47,723 [main] INFO com.BankingAutomation.testCases.BaseClass - Submit btn clicked
2023-08-28 21:40:57,066 [main] INFO com.BankingAutomation.testCases.BaseClass - logOut clicked
2023-08-28 21:40:58,730 [main] INFO com.BankingAutomation.testCases.BaseClass - Test Case ended and Chrome is closed
2023-08-28 21:51:11,003 [main] INFO com.BankingAutomation.testCases.BaseClass - Chrome instance is open
2023-08-28 21:51:20,117 [main] INFO com.BankingAutomation.testCases.BaseClass - launching URL
2023-08-28 21:51:20,682 [main] INFO com.BankingAutomation.testCases.BaseClass - User Name set successfully
2023-08-28 21:51:20,869 [main] INFO com.BankingAutomation.testCases.BaseClass - Password set successfully
2023-08-28 21:51:22,658 [main] INFO com.BankingAutomation.testCases.BaseClass - Submit Button Clicked
2023-08-28 21:51:25,824 [main] INFO com.BankingAutomation.testCases.BaseClass - Add Customer Link is clicked
2023-08-28 21:51:45,808 [main] INFO com.BankingAutomation.testCases.BaseClass - Submit btn clicked
2023-08-28 21:54:49,582 [main] INFO com.BankingAutomation.testCases.BaseClass - Test Case ended and Chrome is closed
2023-08-28 22:00:31,265 [main] INFO com.BankingAutomation.testCases.BaseClass - Chrome instance is open
2023-08-28 22:00:43,622 [main] INFO com.BankingAutomation.testCases.BaseClass - launching URL
2023-08-28 22:00:44,314 [main] INFO com.BankingAutomation.testCases.BaseClass - User Name set successfully
2023-08-28 22:00:44,710 [main] INFO com.BankingAutomation.testCases.BaseClass - Password set successfully
2023-08-28 22:00:48,417 [main] INFO com.BankingAutomation.testCases.BaseClass - Submit Button Clicked
2023-08-28 22:00:51,664 [main] INFO com.BankingAutomation.testCases.BaseClass - Add Customer Link is clicked
2023-08-28 22:01:11,687 [main] INFO com.BankingAutomation.testCases.BaseClass - Submit btn clicked
2023-08-28 22:01:20,128 [main] INFO com.BankingAutomation.testCases.BaseClass - logOut clicked
2023-08-28 22:01:21,259 [main] INFO com.BankingAutomation.testCases.BaseClass - Test Case ended and Chrome is closed
2023-08-28 22:02:10,826 [main] INFO com.BankingAutomation.testCases.BaseClass - Chrome instance is open
2023-08-28 22:02:20,985 [main] INFO com.BankingAutomation.testCases.BaseClass - launching URL
2023-08-28 22:02:21,621 [main] INFO com.BankingAutomation.testCases.BaseClass - User Name set successfully
2023-08-28 22:02:23,139 [main] INFO com.BankingAutomation.testCases.BaseClass - Password set successfully
2023-08-28 22:02:25,245 [main] INFO com.BankingAutomation.testCases.BaseClass - Submit Button Clicked
2023-08-28 22:02:28,434 [main] INFO com.BankingAutomation.testCases.BaseClass - Add Customer Link is clicked
2023-08-28 22:02:47,422 [main] INFO com.BankingAutomation.testCases.BaseClass - Submit btn clicked
2023-08-28 22:02:56,033 [main] INFO com.BankingAutomation.testCases.BaseClass - logOut clicked
2023-08-28 22:02:57,213 [main] INFO com.BankingAutomation.testCases.BaseClass - Test Case ended and Chrome is closed
2023-08-28 22:13:24,945 [main] INFO com.BankingAutomation.testCases.BaseClass - Chrome instance is open
2023-08-28 22:13:42,552 [main] INFO com.BankingAutomation.testCases.BaseClass - launching URL
2023-08-28 22:13:43,084 [main] INFO com.BankingAutomation.testCases.BaseClass - User Name set successfully
2023-08-28 22:13:43,642 [main] INFO com.BankingAutomation.testCases.BaseClass - Password set successfully
2023-08-28 22:13:45,196 [main] INFO com.BankingAutomation.testCases.BaseClass - Submit Button Clicked
2023-08-28 22:13:48,391 [main] INFO com.BankingAutomation.testCases.BaseClass - Add Customer Link is clicked
2023-08-28 22:14:05,995 [main] INFO com.BankingAutomation.testCases.BaseClass - Submit btn clicked
2023-08-28 22:14:14,595 [main] INFO com.BankingAutomation.testCases.BaseClass - logOut clicked
2023-08-28 22:14:15,818 [main] INFO com.BankingAutomation.testCases.BaseClass - Test Case ended and Chrome is closed
2023-08-28 23:13:38,641 [main] INFO com.BankingAutomation.testCases.BaseClass - Chrome instance is open
2023-08-28 23:13:46,684 [main] INFO com.BankingAutomation.testCases.BaseClass - launching URL
2023-08-28 23:13:47,248 [main] INFO com.BankingAutomation.testCases.BaseClass - User Name set successfully
2023-08-28 23:13:48,197 [main] INFO com.BankingAutomation.testCases.BaseClass - Password set successfully
2023-08-28 23:13:49,606 [main] INFO com.BankingAutomation.testCases.BaseClass - Submit Button Clicked
2023-08-28 23:13:53,729 [main] INFO com.BankingAutomation.testCases.BaseClass - Test Case ended and Chrome is closed
2023-08-28 23:22:52,859 [main] INFO com.BankingAutomation.testCases.BaseClass - Chrome instance is open
2023-08-28 23:23:03,992 [main] INFO com.BankingAutomation.testCases.BaseClass - launching URL
2023-08-28 23:23:04,581 [main] INFO com.BankingAutomation.testCases.BaseClass - User Name set successfully
2023-08-28 23:23:05,738 [main] INFO com.BankingAutomation.testCases.BaseClass - Password set successfully
2023-08-28 23:23:07,943 [main] INFO com.BankingAutomation.testCases.BaseClass - Submit Button Clicked
2023-08-28 23:23:11,081 [main] INFO com.BankingAutomation.testCases.BaseClass - Add Customer Link is clicked
2023-08-28 23:23:30,455 [main] INFO com.BankingAutomation.testCases.BaseClass - Submit btn clicked
2023-08-28 23:23:34,614 [main] INFO com.BankingAutomation.testCases.BaseClass - Test Case ended and Chrome is closed
2023-08-28 23:39:28,654 [main] INFO com.BankingAutomation.testCases.BaseClass - Chrome instance is open
2023-08-28 23:39:28,675 [main] INFO com.BankingAutomation.testCases.BaseClass - Chrome instance is open
2023-08-28 23:39:38,443 [main] INFO com.BankingAutomation.testCases.BaseClass - launching URL
2023-08-28 23:39:39,978 [main] INFO com.BankingAutomation.testCases.BaseClass - User Name set successfully
2023-08-28 23:39:40,200 [main] INFO com.BankingAutomation.testCases.BaseClass - Password set successfully
2023-08-28 23:39:43,498 [main] INFO com.BankingAutomation.testCases.BaseClass - Submit Button Clicked
2023-08-28 23:39:45,700 [main] INFO com.BankingAutomation.testCases.BaseClass - launching URL
2023-08-28 23:39:46,394 [main] INFO com.BankingAutomation.testCases.BaseClass - User Name set successfully
2023-08-28 23:39:47,259 [main] INFO com.BankingAutomation.testCases.BaseClass - Add Customer Link is clicked
2023-08-28 23:39:47,990 [main] INFO com.BankingAutomation.testCases.BaseClass - Password set successfully
2023-08-28 23:39:50,544 [main] INFO com.BankingAutomation.testCases.BaseClass - Submit Button Clicked
2023-08-28 23:39:53,804 [main] INFO com.BankingAutomation.testCases.BaseClass - Add Customer Link is clicked
2023-08-28 23:40:05,418 [main] INFO com.BankingAutomation.testCases.BaseClass - Submit btn clicked
2023-08-28 23:40:08,374 [main] INFO com.BankingAutomation.testCases.BaseClass - Test Case ended and Chrome is closed
2023-08-28 23:40:15,752 [main] INFO com.BankingAutomation.testCases.BaseClass - Submit btn clicked
2023-08-28 23:40:19,391 [main] INFO com.BankingAutomation.testCases.BaseClass - Test Case ended and Chrome is closed
2023-08-28 23:41:35,047 [main] INFO com.BankingAutomation.testCases.BaseClass - Chrome instance is open
2023-08-28 23:41:46,258 [main] INFO com.BankingAutomation.testCases.BaseClass - launching URL
2023-08-28 23:41:47,405 [main] INFO com.BankingAutomation.testCases.BaseClass - User Name set successfully
2023-08-28 23:41:47,572 [main] INFO com.BankingAutomation.testCases.BaseClass - Password set successfully
2023-08-28 23:41:50,302 [main] INFO com.BankingAutomation.testCases.BaseClass - Submit Button Clicked
2023-08-28 23:41:53,514 [main] INFO com.BankingAutomation.testCases.BaseClass - Add Customer Link is clicked
2023-08-28 23:42:13,745 [main] INFO com.BankingAutomation.testCases.BaseClass - Submit btn clicked
2023-08-28 23:42:48,644 [main] INFO com.BankingAutomation.testCases.BaseClass - logOut clicked
2023-08-28 23:42:50,043 [main] INFO com.BankingAutomation.testCases.BaseClass - Test Case ended and Chrome is closed
2023-08-28 23:43:35,804 [main] INFO com.BankingAutomation.testCases.BaseClass - Chrome instance is open
2023-08-28 23:43:45,257 [main] INFO com.BankingAutomation.testCases.BaseClass - launching URL
2023-08-28 23:43:45,807 [main] INFO com.BankingAutomation.testCases.BaseClass - User Name set successfully
2023-08-28 23:43:46,841 [main] INFO com.BankingAutomation.testCases.BaseClass - Password set successfully
2023-08-28 23:43:49,024 [main] INFO com.BankingAutomation.testCases.BaseClass - Submit Button Clicked
2023-08-28 23:43:52,162 [main] INFO com.BankingAutomation.testCases.BaseClass - Add Customer Link is clicked
2023-08-28 23:44:11,751 [main] INFO com.BankingAutomation.testCases.BaseClass - Submit btn clicked
2023-08-28 23:44:42,193 [main] INFO com.BankingAutomation.testCases.BaseClass - Chrome instance is open
2023-08-28 23:44:42,394 [main] ERROR org.testng.internal.Utils - [Error] org.testng.TestNGException: 
Cannot inject @Test annotated Method [addHashMapToSheetHorizontally] with [class java.lang.String, class java.lang.String, interface java.util.Map].
For more information on native dependency injection please refer to https://testng.org/doc/documentation-main.html#native-dependency-injection
	at org.testng.internal.Parameters.checkParameterTypes(Parameters.java:436)
	at org.testng.internal.Parameters.createParametersForMethod(Parameters.java:350)
	at org.testng.internal.Parameters.createParameters(Parameters.java:693)
	at org.testng.internal.Parameters.handleParameters(Parameters.java:879)
	at org.testng.internal.Parameters.handleParameters(Parameters.java:728)
	at org.testng.internal.invokers.ParameterHandler.handleParameters(ParameterHandler.java:72)
	at org.testng.internal.invokers.ParameterHandler.createParameters(ParameterHandler.java:51)
	at org.testng.internal.invokers.TestInvoker$MethodInvocationAgent.invoke(TestInvoker.java:924)
	at org.testng.internal.invokers.TestInvoker.invokeTestMethods(TestInvoker.java:194)
	at org.testng.internal.invokers.TestMethodWorker.invokeTestMethods(TestMethodWorker.java:148)
	at org.testng.internal.invokers.TestMethodWorker.run(TestMethodWorker.java:128)
	at java.base/java.util.ArrayList.forEach(ArrayList.java:1511)
	at org.testng.TestRunner.privateRun(TestRunner.java:829)
	at org.testng.TestRunner.run(TestRunner.java:602)
	at org.testng.SuiteRunner.runTest(SuiteRunner.java:437)
	at org.testng.SuiteRunner.runSequentially(SuiteRunner.java:431)
	at org.testng.SuiteRunner.privateRun(SuiteRunner.java:391)
	at org.testng.SuiteRunner.run(SuiteRunner.java:330)
	at org.testng.SuiteRunnerWorker.runSuite(SuiteRunnerWorker.java:52)
	at org.testng.SuiteRunnerWorker.run(SuiteRunnerWorker.java:95)
	at org.testng.TestNG.runSuitesSequentially(TestNG.java:1256)
	at org.testng.TestNG.runSuitesLocally(TestNG.java:1176)
	at org.testng.TestNG.runSuites(TestNG.java:1099)
	at org.testng.TestNG.run(TestNG.java:1067)
	at org.testng.remote.AbstractRemoteTestNG.run(AbstractRemoteTestNG.java:115)
	at org.testng.remote.RemoteTestNG.initAndRun(RemoteTestNG.java:251)
	at org.testng.remote.RemoteTestNG.main(RemoteTestNG.java:77)

2023-08-28 23:44:42,657 [main] INFO org.testng.internal.Utils - [TestNG] Time taken by org.testng.internal.ExitCodeListener@985696: 0 ms
2023-08-28 23:44:42,761 [main] INFO org.testng.internal.Utils - [TestNG] Time taken by org.testng.reporters.SuiteHTMLReporter@5631962: 103 ms
2023-08-28 23:44:43,007 [main] INFO org.testng.internal.Utils - [TestNG] Time taken by org.testng.reporters.jq.Main@42e22a53: 245 ms
2023-08-28 23:44:43,040 [main] INFO org.testng.internal.Utils - [TestNG] Time taken by org.testng.reporters.FailedReporter@5a6482a9: 32 ms
2023-08-28 23:44:43,126 [main] INFO org.testng.internal.Utils - [TestNG] Time taken by org.testng.reporters.XMLReporter@2532b351: 85 ms
2023-08-28 23:44:43,161 [main] INFO org.testng.internal.Utils - [TestNG] Time taken by org.testng.reporters.EmailableReporter2@3d36dff4: 34 ms
2023-08-28 23:44:43,187 [main] INFO org.testng.internal.Utils - [TestNG] Time taken by org.testng.reporters.JUnitReportReporter@7351a16e: 24 ms
2023-08-28 23:44:58,832 [main] INFO com.BankingAutomation.testCases.BaseClass - logOut clicked
2023-08-28 23:45:00,136 [main] INFO com.BankingAutomation.testCases.BaseClass - Test Case ended and Chrome is closed
2023-08-29 00:10:12,368 [main] INFO com.BankingAutomation.testCases.BaseClass - Chrome instance is open
2023-08-29 00:10:25,402 [main] INFO com.BankingAutomation.testCases.BaseClass - launching URL
2023-08-29 00:10:26,003 [main] INFO com.BankingAutomation.testCases.BaseClass - User Name set successfully
2023-08-29 00:10:26,784 [main] INFO com.BankingAutomation.testCases.BaseClass - Password set successfully
2023-08-29 00:10:28,224 [main] INFO com.BankingAutomation.testCases.BaseClass - Submit Button Clicked
2023-08-29 00:10:31,424 [main] INFO com.BankingAutomation.testCases.BaseClass - Add Customer Link is clicked
2023-08-29 00:10:49,250 [main] INFO com.BankingAutomation.testCases.BaseClass - Submit btn clicked
2023-08-29 00:10:57,466 [main] INFO com.BankingAutomation.testCases.BaseClass - logOut clicked
2023-08-29 00:10:58,619 [main] INFO com.BankingAutomation.testCases.BaseClass - Test Case ended and Chrome is closed
2023-08-29 00:11:01,704 [main] INFO com.BankingAutomation.testCases.BaseClass - Chrome instance is open
2023-08-29 00:11:16,258 [main] INFO com.BankingAutomation.testCases.BaseClass - launching URL
2023-08-29 00:11:16,678 [main] INFO com.BankingAutomation.testCases.BaseClass - User Name set successfully
2023-08-29 00:11:17,498 [main] INFO com.BankingAutomation.testCases.BaseClass - Password set successfully
2023-08-29 00:11:19,523 [main] INFO com.BankingAutomation.testCases.BaseClass - Submit Button Clicked
2023-08-29 00:11:22,647 [main] INFO com.BankingAutomation.testCases.BaseClass - Add Customer Link is clicked
2023-08-29 00:11:41,948 [main] INFO com.BankingAutomation.testCases.BaseClass - Submit btn clicked
2023-08-29 00:11:48,540 [main] INFO com.BankingAutomation.testCases.BaseClass - logOut clicked
2023-08-29 00:11:49,629 [main] INFO com.BankingAutomation.testCases.BaseClass - Test Case ended and Chrome is closed
2023-08-31 23:51:28,281 [main] INFO com.BankingAutomation.testCases.BaseClass - Chrome instance is open
2023-08-31 23:51:36,140 [main] INFO com.BankingAutomation.testCases.BaseClass - launching URL
2023-08-31 23:51:36,887 [main] INFO com.BankingAutomation.testCases.BaseClass - User Name set successfully
2023-08-31 23:51:37,254 [main] INFO com.BankingAutomation.testCases.BaseClass - Password set successfully
2023-08-31 23:51:40,654 [main] INFO com.BankingAutomation.testCases.BaseClass - Submit Button Clicked
2023-08-31 23:51:43,810 [main] INFO com.BankingAutomation.testCases.BaseClass - Add Customer Link is clicked
2023-08-31 23:52:03,686 [main] INFO com.BankingAutomation.testCases.BaseClass - Submit btn clicked
2023-08-31 23:52:12,284 [main] INFO com.BankingAutomation.testCases.BaseClass - logOut clicked
2023-08-31 23:52:13,555 [main] INFO com.BankingAutomation.testCases.BaseClass - Test Case ended and Chrome is closed
2023-08-31 23:52:16,575 [main] INFO com.BankingAutomation.testCases.BaseClass - Chrome instance is open
2023-08-31 23:52:21,455 [main] INFO com.BankingAutomation.testCases.BaseClass - launching URL
2023-08-31 23:52:21,911 [main] INFO com.BankingAutomation.testCases.BaseClass - User Name set successfully
2023-08-31 23:52:22,124 [main] INFO com.BankingAutomation.testCases.BaseClass - Password set successfully
2023-08-31 23:52:24,087 [main] INFO com.BankingAutomation.testCases.BaseClass - Submit Button Clicked
2023-08-31 23:52:27,230 [main] INFO com.BankingAutomation.testCases.BaseClass - Add Customer Link is clicked
2023-08-31 23:52:46,751 [main] INFO com.BankingAutomation.testCases.BaseClass - Submit btn clicked
2023-08-31 23:52:53,043 [main] INFO com.BankingAutomation.testCases.BaseClass - logOut clicked
2023-08-31 23:52:54,126 [main] INFO com.BankingAutomation.testCases.BaseClass - Test Case ended and Chrome is closed
2023-09-01 00:06:49,158 [main] INFO com.BankingAutomation.testCases.BaseClass - Chrome instance is open
2023-09-01 00:06:53,329 [main] INFO com.BankingAutomation.testCases.BaseClass - launching URL
2023-09-01 00:06:56,251 [main] INFO com.BankingAutomation.testCases.BaseClass - User Name set successfully
2023-09-01 00:06:56,443 [main] INFO com.BankingAutomation.testCases.BaseClass - Password set successfully
2023-09-01 00:06:58,690 [main] INFO com.BankingAutomation.testCases.BaseClass - Submit Button Clicked
2023-09-01 00:07:01,935 [main] INFO com.BankingAutomation.testCases.BaseClass - Add Customer Link is clicked
2023-09-01 00:07:21,841 [main] INFO com.BankingAutomation.testCases.BaseClass - Submit btn clicked
2023-09-01 00:07:30,808 [main] INFO com.BankingAutomation.testCases.BaseClass - logOut clicked
2023-09-01 00:07:31,889 [main] INFO com.BankingAutomation.testCases.BaseClass - Test Case ended and Chrome is closed
2023-09-02 09:34:08,811 [main] INFO com.BankingAutomation.testCases.BaseClass - Chrome instance is open
2023-09-02 09:34:08,822 [main] INFO com.BankingAutomation.testCases.BaseClass - Chrome instance is open
2023-09-02 09:34:27,418 [main] INFO com.BankingAutomation.testCases.BaseClass - launching URL
2023-09-02 09:34:29,288 [main] INFO com.BankingAutomation.testCases.BaseClass - User Name set successfully
2023-09-02 09:34:29,655 [main] INFO com.BankingAutomation.testCases.BaseClass - Password set successfully
2023-09-02 09:34:32,158 [main] INFO com.BankingAutomation.testCases.BaseClass - Submit Button Clicked
2023-09-02 09:34:33,344 [main] INFO com.BankingAutomation.testCases.BaseClass - launching URL
2023-09-02 09:34:35,022 [main] INFO com.BankingAutomation.testCases.BaseClass - User Name set successfully
2023-09-02 09:34:35,379 [main] INFO com.BankingAutomation.testCases.BaseClass - Password set successfully
2023-09-02 09:34:35,844 [main] INFO com.BankingAutomation.testCases.BaseClass - Add Customer Link is clicked
2023-09-02 09:34:46,259 [main] INFO com.BankingAutomation.testCases.BaseClass - Submit Button Clicked
2023-09-02 09:34:49,583 [main] INFO com.BankingAutomation.testCases.BaseClass - Add Customer Link is clicked
2023-09-02 09:35:02,011 [main] INFO com.BankingAutomation.testCases.BaseClass - Submit btn clicked
2023-09-02 09:35:09,404 [main] INFO com.BankingAutomation.testCases.BaseClass - Submit btn clicked
2023-09-02 09:35:10,319 [main] ERROR org.testng.internal.Utils - [Error] org.testng.TestNGException: 
Cannot inject @Test annotated Method [addHashMapToSheetHorizontally] with [class java.lang.String, class java.lang.String, interface java.util.List].
For more information on native dependency injection please refer to https://testng.org/doc/documentation-main.html#native-dependency-injection
	at org.testng.internal.Parameters.checkParameterTypes(Parameters.java:436)
	at org.testng.internal.Parameters.createParametersForMethod(Parameters.java:350)
	at org.testng.internal.Parameters.createParameters(Parameters.java:693)
	at org.testng.internal.Parameters.handleParameters(Parameters.java:879)
	at org.testng.internal.Parameters.handleParameters(Parameters.java:728)
	at org.testng.internal.invokers.ParameterHandler.handleParameters(ParameterHandler.java:72)
	at org.testng.internal.invokers.ParameterHandler.createParameters(ParameterHandler.java:51)
	at org.testng.internal.invokers.TestInvoker$MethodInvocationAgent.invoke(TestInvoker.java:924)
	at org.testng.internal.invokers.TestInvoker.invokeTestMethods(TestInvoker.java:194)
	at org.testng.internal.invokers.TestMethodWorker.invokeTestMethods(TestMethodWorker.java:148)
	at org.testng.internal.invokers.TestMethodWorker.run(TestMethodWorker.java:128)
	at java.base/java.util.ArrayList.forEach(ArrayList.java:1511)
	at org.testng.TestRunner.privateRun(TestRunner.java:829)
	at org.testng.TestRunner.run(TestRunner.java:602)
	at org.testng.SuiteRunner.runTest(SuiteRunner.java:437)
	at org.testng.SuiteRunner.runSequentially(SuiteRunner.java:431)
	at org.testng.SuiteRunner.privateRun(SuiteRunner.java:391)
	at org.testng.SuiteRunner.run(SuiteRunner.java:330)
	at org.testng.SuiteRunnerWorker.runSuite(SuiteRunnerWorker.java:52)
	at org.testng.SuiteRunnerWorker.run(SuiteRunnerWorker.java:95)
	at org.testng.TestNG.runSuitesSequentially(TestNG.java:1256)
	at org.testng.TestNG.runSuitesLocally(TestNG.java:1176)
	at org.testng.TestNG.runSuites(TestNG.java:1099)
	at org.testng.TestNG.run(TestNG.java:1067)
	at org.testng.remote.AbstractRemoteTestNG.run(AbstractRemoteTestNG.java:115)
	at org.testng.remote.RemoteTestNG.initAndRun(RemoteTestNG.java:251)
	at org.testng.remote.RemoteTestNG.main(RemoteTestNG.java:77)

2023-09-02 09:35:10,794 [main] INFO org.testng.internal.Utils - [TestNG] Time taken by org.testng.internal.ExitCodeListener@4832f03b: 0 ms
2023-09-02 09:35:10,881 [main] INFO org.testng.internal.Utils - [TestNG] Time taken by org.testng.reporters.SuiteHTMLReporter@3a790e40: 87 ms
2023-09-02 09:35:11,134 [main] INFO org.testng.internal.Utils - [TestNG] Time taken by org.testng.reporters.jq.Main@149b0577: 252 ms
2023-09-02 09:35:11,175 [main] INFO org.testng.internal.Utils - [TestNG] Time taken by org.testng.reporters.FailedReporter@5f14761c: 41 ms
2023-09-02 09:35:11,200 [main] INFO org.testng.internal.Utils - [TestNG] Time taken by org.testng.reporters.XMLReporter@35c9a231: 24 ms
2023-09-02 09:35:11,226 [main] INFO org.testng.internal.Utils - [TestNG] Time taken by org.testng.reporters.EmailableReporter2@5a8c93: 25 ms
2023-09-02 09:35:11,352 [main] INFO org.testng.internal.Utils - [TestNG] Time taken by org.testng.reporters.JUnitReportReporter@3bc4ef12: 103 ms
2023-09-02 09:48:11,414 [main] INFO com.BankingAutomation.testCases.BaseClass - Chrome instance is open
2023-09-02 09:48:19,207 [main] INFO com.BankingAutomation.testCases.BaseClass - launching URL
2023-09-02 09:48:21,556 [main] INFO com.BankingAutomation.testCases.BaseClass - User Name set successfully
2023-09-02 09:48:21,812 [main] INFO com.BankingAutomation.testCases.BaseClass - Password set successfully
2023-09-02 09:48:24,200 [main] INFO com.BankingAutomation.testCases.BaseClass - Submit Button Clicked
2023-09-02 09:48:27,415 [main] INFO com.BankingAutomation.testCases.BaseClass - Add Customer Link is clicked
2023-09-02 09:48:46,875 [main] INFO com.BankingAutomation.testCases.BaseClass - Submit btn clicked
2023-09-02 09:48:52,979 [main] INFO com.BankingAutomation.testCases.BaseClass - Test Case ended and Chrome is closed
2023-09-02 10:10:33,269 [main] INFO com.BankingAutomation.testCases.BaseClass - Chrome instance is open
2023-09-02 10:10:42,037 [main] INFO com.BankingAutomation.testCases.BaseClass - launching URL
2023-09-02 10:10:44,474 [main] INFO com.BankingAutomation.testCases.BaseClass - User Name set successfully
2023-09-02 10:10:44,750 [main] INFO com.BankingAutomation.testCases.BaseClass - Password set successfully
2023-09-02 10:10:46,549 [main] INFO com.BankingAutomation.testCases.BaseClass - Submit Button Clicked
2023-09-02 10:10:49,712 [main] INFO com.BankingAutomation.testCases.BaseClass - Add Customer Link is clicked
2023-09-02 10:11:12,222 [main] INFO com.BankingAutomation.testCases.BaseClass - Submit btn clicked
2023-09-02 10:11:22,910 [main] INFO com.BankingAutomation.testCases.BaseClass - logOut clicked
2023-09-02 10:11:25,915 [main] INFO com.BankingAutomation.testCases.BaseClass - Test Case ended and Chrome is closed
2023-09-02 11:29:49,770 [main] INFO com.BankingAutomation.testCases.BaseClass - Chrome instance is open
2023-09-02 11:29:54,752 [main] INFO com.BankingAutomation.testCases.BaseClass - launching URL
2023-09-02 11:30:59,366 [main] INFO com.BankingAutomation.testCases.BaseClass - UserNAme set
2023-09-02 11:30:59,526 [main] INFO com.BankingAutomation.testCases.BaseClass - Password set
2023-09-02 11:31:01,524 [main] INFO com.BankingAutomation.testCases.BaseClass - Login Btn Clicked
2023-09-02 11:31:04,673 [main] INFO com.BankingAutomation.testCases.BaseClass - New Customer Clicked
2023-09-02 11:31:14,631 [main] INFO com.BankingAutomation.testCases.BaseClass - Test Case ended and Chrome is closed
2023-09-02 11:34:11,525 [main] INFO com.BankingAutomation.testCases.BaseClass - Chrome instance is open
2023-09-02 11:34:11,565 [main] INFO com.BankingAutomation.testCases.BaseClass - Chrome instance is open
2023-09-02 11:34:20,080 [main] INFO com.BankingAutomation.testCases.BaseClass - launching URL
2023-09-02 11:34:20,122 [main] INFO com.BankingAutomation.testCases.BaseClass - launching URL
2023-09-02 11:34:26,402 [main] INFO com.BankingAutomation.testCases.BaseClass - UserNAme set
2023-09-02 11:34:26,402 [main] INFO com.BankingAutomation.testCases.BaseClass - UserNAme set
2023-09-02 11:34:26,677 [main] INFO com.BankingAutomation.testCases.BaseClass - Password set
2023-09-02 11:34:26,693 [main] INFO com.BankingAutomation.testCases.BaseClass - Password set
2023-09-02 11:34:29,125 [main] INFO com.BankingAutomation.testCases.BaseClass - Login Btn Clicked
2023-09-02 11:34:29,191 [main] INFO com.BankingAutomation.testCases.BaseClass - Login Btn Clicked
2023-09-02 11:34:32,413 [main] INFO com.BankingAutomation.testCases.BaseClass - New Customer Clicked
2023-09-02 11:34:32,841 [main] INFO com.BankingAutomation.testCases.BaseClass - New Customer Clicked
2023-09-02 11:35:22,821 [main] INFO com.BankingAutomation.testCases.BaseClass - Test Case ended and Chrome is closed
2023-09-02 11:50:14,306 [main] INFO com.BankingAutomation.testCases.BaseClass - Chrome instance is open
2023-09-02 11:50:20,521 [main] INFO com.BankingAutomation.testCases.BaseClass - launching URL
2023-09-02 11:50:24,153 [main] INFO com.BankingAutomation.testCases.BaseClass - UserNAme set
2023-09-02 11:50:24,363 [main] INFO com.BankingAutomation.testCases.BaseClass - Password set
2023-09-02 11:50:27,903 [main] INFO com.BankingAutomation.testCases.BaseClass - Login Btn Clicked
2023-09-02 11:50:31,108 [main] INFO com.BankingAutomation.testCases.BaseClass - New Customer Clicked
2023-09-02 11:50:51,023 [main] INFO com.BankingAutomation.testCases.BaseClass - Test Case ended and Chrome is closed
2023-09-02 12:01:10,665 [main] INFO com.BankingAutomation.testCases.BaseClass - Chrome instance is open
2023-09-02 12:01:19,016 [main] INFO com.BankingAutomation.testCases.BaseClass - launching URL
2023-09-02 12:01:23,760 [main] INFO com.BankingAutomation.testCases.BaseClass - UserNAme set
2023-09-02 12:01:23,956 [main] INFO com.BankingAutomation.testCases.BaseClass - Password set
2023-09-02 12:01:26,240 [main] INFO com.BankingAutomation.testCases.BaseClass - Login Btn Clicked
2023-09-02 12:01:29,435 [main] INFO com.BankingAutomation.testCases.BaseClass - New Customer Clicked
2023-09-02 12:07:44,712 [main] INFO com.BankingAutomation.testCases.BaseClass - Chrome instance is open
2023-09-02 12:07:49,102 [main] INFO com.BankingAutomation.testCases.BaseClass - launching URL
2023-09-02 12:07:52,357 [main] INFO com.BankingAutomation.testCases.BaseClass - UserNAme set
2023-09-02 12:07:52,543 [main] INFO com.BankingAutomation.testCases.BaseClass - Password set
2023-09-02 12:07:54,483 [main] INFO com.BankingAutomation.testCases.BaseClass - Login Btn Clicked
2023-09-02 12:07:57,810 [main] INFO com.BankingAutomation.testCases.BaseClass - New Customer Clicked
2023-09-02 12:10:44,455 [main] INFO com.BankingAutomation.testCases.BaseClass - Chrome instance is open
2023-09-02 12:10:50,623 [main] INFO com.BankingAutomation.testCases.BaseClass - launching URL
2023-09-02 12:10:54,158 [main] INFO com.BankingAutomation.testCases.BaseClass - UserNAme set
2023-09-02 12:10:54,371 [main] INFO com.BankingAutomation.testCases.BaseClass - Password set
2023-09-02 12:10:56,268 [main] INFO com.BankingAutomation.testCases.BaseClass - Login Btn Clicked
2023-09-02 12:10:59,486 [main] INFO com.BankingAutomation.testCases.BaseClass - New Customer Clicked
2023-09-02 12:12:44,877 [main] INFO com.BankingAutomation.testCases.BaseClass - Test Case ended and Chrome is closed
2023-09-02 12:49:21,878 [main] INFO com.BankingAutomation.testCases.BaseClass - Chrome instance is open
2023-09-02 12:49:27,260 [main] INFO com.BankingAutomation.testCases.BaseClass - launching URL
2023-09-02 12:49:30,451 [main] INFO com.BankingAutomation.testCases.BaseClass - UserNAme set
2023-09-02 12:49:30,655 [main] INFO com.BankingAutomation.testCases.BaseClass - Password set
2023-09-02 12:49:31,971 [main] INFO com.BankingAutomation.testCases.BaseClass - Login Btn Clicked
2023-09-02 12:49:35,295 [main] INFO com.BankingAutomation.testCases.BaseClass - New Customer Clicked
2023-09-02 12:51:18,290 [main] INFO com.BankingAutomation.testCases.BaseClass - Test Case ended and Chrome is closed
2023-09-02 12:51:18,365 [main] INFO org.testng.internal.Utils - [TestNG] Time taken by org.testng.internal.ExitCodeListener@16a35bd: 0 ms
2023-09-02 12:51:18,432 [main] INFO org.testng.internal.Utils - [TestNG] Time taken by org.testng.reporters.SuiteHTMLReporter@4462efe1: 66 ms
2023-09-02 12:51:18,651 [main] INFO org.testng.internal.Utils - [TestNG] Time taken by org.testng.reporters.jq.Main@30b975ad: 218 ms
2023-09-02 12:51:18,655 [main] INFO org.testng.internal.Utils - [TestNG] Time taken by org.testng.reporters.FailedReporter@75e09567: 1 ms
2023-09-02 12:51:18,679 [main] INFO org.testng.internal.Utils - [TestNG] Time taken by org.testng.reporters.XMLReporter@6949e948: 24 ms
2023-09-02 12:51:18,697 [main] INFO org.testng.internal.Utils - [TestNG] Time taken by org.testng.reporters.EmailableReporter2@526a9908: 15 ms
2023-09-02 12:51:18,706 [main] INFO org.testng.internal.Utils - [TestNG] Time taken by org.testng.reporters.JUnitReportReporter@134ff8f8: 8 ms
2023-09-02 13:29:59,512 [main] INFO com.BankingAutomation.testCases.BaseClass - Chrome instance is open
2023-09-02 13:30:04,308 [main] INFO com.BankingAutomation.testCases.BaseClass - launching URL
2023-09-02 13:30:08,240 [main] INFO com.BankingAutomation.testCases.BaseClass - UserNAme set
2023-09-02 13:30:08,747 [main] INFO com.BankingAutomation.testCases.BaseClass - Password set
2023-09-02 13:30:10,633 [main] INFO com.BankingAutomation.testCases.BaseClass - Login Btn Clicked
2023-09-02 13:30:14,015 [main] INFO com.BankingAutomation.testCases.BaseClass - New Customer Clicked
2023-09-02 13:32:31,266 [main] INFO com.BankingAutomation.testCases.BaseClass - Test Case ended and Chrome is closed
2023-09-02 13:35:00,751 [main] INFO com.BankingAutomation.testCases.BaseClass - Chrome instance is open
2023-09-02 13:35:06,516 [main] INFO com.BankingAutomation.testCases.BaseClass - launching URL
2023-09-02 13:35:09,672 [main] INFO com.BankingAutomation.testCases.BaseClass - UserNAme set
2023-09-02 13:35:09,881 [main] INFO com.BankingAutomation.testCases.BaseClass - Password set
2023-09-02 13:35:11,216 [main] INFO com.BankingAutomation.testCases.BaseClass - Login Btn Clicked
2023-09-02 13:35:14,444 [main] INFO com.BankingAutomation.testCases.BaseClass - New Customer Clicked
2023-09-02 13:35:36,147 [main] INFO com.BankingAutomation.testCases.BaseClass - Test Case ended and Chrome is closed
2023-09-02 13:35:36,271 [main] INFO org.testng.internal.Utils - [TestNG] Time taken by org.testng.internal.ExitCodeListener@1db87583: 0 ms
2023-09-02 13:35:36,326 [main] INFO org.testng.internal.Utils - [TestNG] Time taken by org.testng.reporters.SuiteHTMLReporter@167381c7: 53 ms
2023-09-02 13:35:36,627 [main] INFO org.testng.internal.Utils - [TestNG] Time taken by org.testng.reporters.jq.Main@49fa1d74: 300 ms
2023-09-02 13:35:36,663 [main] INFO org.testng.internal.Utils - [TestNG] Time taken by org.testng.reporters.FailedReporter@2f74900b: 30 ms
2023-09-02 13:35:36,691 [main] INFO org.testng.internal.Utils - [TestNG] Time taken by org.testng.reporters.XMLReporter@286090c: 26 ms
2023-09-02 13:35:36,738 [main] INFO org.testng.internal.Utils - [TestNG] Time taken by org.testng.reporters.EmailableReporter2@3458eca5: 45 ms
2023-09-02 13:35:36,866 [main] INFO org.testng.internal.Utils - [TestNG] Time taken by org.testng.reporters.JUnitReportReporter@2c991465: 126 ms
2023-09-02 13:41:45,118 [main] INFO com.BankingAutomation.testCases.BaseClass - Chrome instance is open
2023-09-02 13:41:48,676 [main] INFO com.BankingAutomation.testCases.BaseClass - launching URL
2023-09-02 13:41:53,655 [main] INFO com.BankingAutomation.testCases.BaseClass - UserNAme set
2023-09-02 13:41:53,892 [main] INFO com.BankingAutomation.testCases.BaseClass - Password set
2023-09-02 13:41:56,880 [main] INFO com.BankingAutomation.testCases.BaseClass - Login Btn Clicked
2023-09-02 13:42:00,109 [main] INFO com.BankingAutomation.testCases.BaseClass - New Customer Clicked
2023-09-02 13:42:20,483 [main] INFO com.BankingAutomation.testCases.BaseClass - Test Case ended and Chrome is closed
2023-09-02 13:42:20,569 [main] INFO org.testng.internal.Utils - [TestNG] Time taken by org.testng.internal.ExitCodeListener@7c112f5f: 0 ms
2023-09-02 13:42:20,616 [main] INFO org.testng.internal.Utils - [TestNG] Time taken by org.testng.reporters.SuiteHTMLReporter@46383a78: 47 ms
2023-09-02 13:42:20,799 [main] INFO org.testng.internal.Utils - [TestNG] Time taken by org.testng.reporters.jq.Main@6fbb4061: 180 ms
2023-09-02 13:42:20,822 [main] INFO org.testng.internal.Utils - [TestNG] Time taken by org.testng.reporters.FailedReporter@68ed3f30: 22 ms
2023-09-02 13:42:20,840 [main] INFO org.testng.internal.Utils - [TestNG] Time taken by org.testng.reporters.XMLReporter@2dfb885e: 17 ms
2023-09-02 13:42:20,859 [main] INFO org.testng.internal.Utils - [TestNG] Time taken by org.testng.reporters.EmailableReporter2@5ceecfee: 18 ms
2023-09-02 13:42:20,879 [main] INFO org.testng.internal.Utils - [TestNG] Time taken by org.testng.reporters.JUnitReportReporter@4462efe1: 18 ms
2023-09-02 13:49:33,223 [main] INFO com.BankingAutomation.testCases.BaseClass - Chrome instance is open
2023-09-02 13:49:38,591 [main] INFO com.BankingAutomation.testCases.BaseClass - launching URL
2023-09-02 13:49:44,584 [main] INFO com.BankingAutomation.testCases.BaseClass - UserNAme set
2023-09-02 13:49:44,780 [main] INFO com.BankingAutomation.testCases.BaseClass - Password set
2023-09-02 13:49:46,483 [main] INFO com.BankingAutomation.testCases.BaseClass - Login Btn Clicked
2023-09-02 13:49:49,648 [main] INFO com.BankingAutomation.testCases.BaseClass - New Customer Clicked
2023-09-02 13:50:10,985 [main] INFO com.BankingAutomation.testCases.BaseClass - Test Case ended and Chrome is closed
2023-09-02 14:03:00,882 [main] INFO com.BankingAutomation.testCases.BaseClass - Chrome instance is open
2023-09-02 14:03:06,834 [main] INFO com.BankingAutomation.testCases.BaseClass - launching URL
2023-09-02 14:03:12,929 [main] INFO com.BankingAutomation.testCases.BaseClass - UserNAme set
2023-09-02 14:03:13,093 [main] INFO com.BankingAutomation.testCases.BaseClass - Password set
2023-09-02 14:03:14,370 [main] INFO com.BankingAutomation.testCases.BaseClass - Login Btn Clicked
2023-09-02 14:03:17,717 [main] INFO com.BankingAutomation.testCases.BaseClass - New Customer Clicked
2023-09-02 14:03:39,305 [main] INFO com.BankingAutomation.testCases.BaseClass - Test Case ended and Chrome is closed
2023-09-02 14:08:49,293 [main] INFO com.BankingAutomation.testCases.BaseClass - Chrome instance is open
2023-09-02 14:08:54,617 [main] INFO com.BankingAutomation.testCases.BaseClass - launching URL
2023-09-02 14:09:00,551 [main] INFO com.BankingAutomation.testCases.BaseClass - UserNAme set
2023-09-02 14:09:00,726 [main] INFO com.BankingAutomation.testCases.BaseClass - Password set
2023-09-02 14:09:02,572 [main] INFO com.BankingAutomation.testCases.BaseClass - Login Btn Clicked
2023-09-02 14:09:05,872 [main] INFO com.BankingAutomation.testCases.BaseClass - New Customer Clicked
2023-09-02 14:09:27,126 [main] INFO com.BankingAutomation.testCases.BaseClass - Test Case ended and Chrome is closed
2023-09-02 14:10:19,472 [main] INFO com.BankingAutomation.testCases.BaseClass - Chrome instance is open
2023-09-02 14:10:24,948 [main] INFO com.BankingAutomation.testCases.BaseClass - launching URL
2023-09-02 14:10:30,599 [main] INFO com.BankingAutomation.testCases.BaseClass - UserNAme set
2023-09-02 14:10:30,773 [main] INFO com.BankingAutomation.testCases.BaseClass - Password set
2023-09-02 14:10:32,060 [main] INFO com.BankingAutomation.testCases.BaseClass - Login Btn Clicked
2023-09-02 14:10:35,289 [main] INFO com.BankingAutomation.testCases.BaseClass - New Customer Clicked
2023-09-02 14:10:58,640 [main] INFO com.BankingAutomation.testCases.BaseClass - logOut clicked
2023-09-02 14:11:00,481 [main] INFO com.BankingAutomation.testCases.BaseClass - UserNAme set
2023-09-02 14:11:00,860 [main] INFO com.BankingAutomation.testCases.BaseClass - Password set
2023-09-02 14:11:02,366 [main] INFO com.BankingAutomation.testCases.BaseClass - Login Btn Clicked
2023-09-02 14:11:05,880 [main] INFO com.BankingAutomation.testCases.BaseClass - New Customer Clicked
2023-09-02 14:11:12,294 [main] INFO com.BankingAutomation.testCases.BaseClass - Test Case ended and Chrome is closed
2023-09-02 14:13:48,885 [main] INFO com.BankingAutomation.testCases.BaseClass - Chrome instance is open
2023-09-02 14:13:54,464 [main] INFO com.BankingAutomation.testCases.BaseClass - launching URL
2023-09-02 14:14:00,394 [main] INFO com.BankingAutomation.testCases.BaseClass - UserNAme set
2023-09-02 14:14:00,587 [main] INFO com.BankingAutomation.testCases.BaseClass - Password set
2023-09-02 14:14:02,627 [main] INFO com.BankingAutomation.testCases.BaseClass - Login Btn Clicked
2023-09-02 14:14:05,873 [main] INFO com.BankingAutomation.testCases.BaseClass - New Customer Clicked
2023-09-02 14:14:26,356 [main] INFO com.BankingAutomation.testCases.BaseClass - Test Case ended and Chrome is closed
2023-09-02 14:15:50,691 [main] INFO com.BankingAutomation.testCases.BaseClass - Chrome instance is open
2023-09-02 14:15:58,368 [main] INFO com.BankingAutomation.testCases.BaseClass - launching URL
2023-09-02 14:16:05,883 [main] INFO com.BankingAutomation.testCases.BaseClass - UserNAme set
2023-09-02 14:16:07,106 [main] INFO com.BankingAutomation.testCases.BaseClass - Password set
2023-09-02 14:16:10,405 [main] INFO com.BankingAutomation.testCases.BaseClass - Login Btn Clicked
2023-09-02 14:16:14,845 [main] INFO com.BankingAutomation.testCases.BaseClass - New Customer Clicked
2023-09-02 14:16:42,549 [main] INFO com.BankingAutomation.testCases.BaseClass - logOut clicked
2023-09-02 14:16:44,098 [main] INFO com.BankingAutomation.testCases.BaseClass - UserNAme set
2023-09-02 14:16:44,394 [main] INFO com.BankingAutomation.testCases.BaseClass - Password set
2023-09-02 14:16:46,094 [main] INFO com.BankingAutomation.testCases.BaseClass - Login Btn Clicked
2023-09-02 14:16:49,592 [main] INFO com.BankingAutomation.testCases.BaseClass - New Customer Clicked
2023-09-02 14:16:56,108 [main] INFO com.BankingAutomation.testCases.BaseClass - Test Case ended and Chrome is closed
2023-09-02 14:20:27,222 [main] INFO com.BankingAutomation.testCases.BaseClass - Chrome instance is open
2023-09-02 14:20:32,313 [main] INFO com.BankingAutomation.testCases.BaseClass - launching URL
2023-09-02 14:20:39,500 [main] INFO com.BankingAutomation.testCases.BaseClass - UserNAme set
2023-09-02 14:20:39,680 [main] INFO com.BankingAutomation.testCases.BaseClass - Password set
2023-09-02 14:20:41,581 [main] INFO com.BankingAutomation.testCases.BaseClass - Login Btn Clicked
2023-09-02 14:20:44,838 [main] INFO com.BankingAutomation.testCases.BaseClass - New Customer Clicked
2023-09-02 14:21:08,851 [main] INFO com.BankingAutomation.testCases.BaseClass - Test Case ended and Chrome is closed
2023-09-02 15:28:50,013 [main] INFO com.BankingAutomation.testCases.BaseClass - Chrome instance is open
2023-09-02 15:28:56,177 [main] INFO com.BankingAutomation.testCases.BaseClass - launching URL
2023-09-02 15:29:06,742 [main] INFO com.BankingAutomation.testCases.BaseClass - UserNAme set
2023-09-02 15:29:06,951 [main] INFO com.BankingAutomation.testCases.BaseClass - Password set
2023-09-02 15:29:08,939 [main] INFO com.BankingAutomation.testCases.BaseClass - Login Btn Clicked
2023-09-02 15:29:12,185 [main] INFO com.BankingAutomation.testCases.BaseClass - New Customer Clicked
2023-09-02 15:29:35,807 [main] INFO com.BankingAutomation.testCases.BaseClass - logOut clicked
2023-09-02 15:29:37,432 [main] INFO com.BankingAutomation.testCases.BaseClass - UserNAme set
2023-09-02 15:29:37,576 [main] INFO com.BankingAutomation.testCases.BaseClass - Password set
2023-09-02 15:29:38,761 [main] INFO com.BankingAutomation.testCases.BaseClass - Login Btn Clicked
2023-09-02 15:29:42,240 [main] INFO com.BankingAutomation.testCases.BaseClass - New Customer Clicked
2023-09-02 15:29:49,519 [main] INFO com.BankingAutomation.testCases.BaseClass - Test Case ended and Chrome is closed
2023-09-02 15:34:28,264 [main] INFO com.BankingAutomation.testCases.BaseClass - Chrome instance is open
2023-09-02 15:34:44,399 [main] INFO com.BankingAutomation.testCases.BaseClass - launching URL
2023-09-02 15:34:55,493 [main] INFO com.BankingAutomation.testCases.BaseClass - UserNAme set
2023-09-02 15:34:55,642 [main] INFO com.BankingAutomation.testCases.BaseClass - Password set
2023-09-02 15:34:57,616 [main] INFO com.BankingAutomation.testCases.BaseClass - Login Btn Clicked
2023-09-02 15:35:00,858 [main] INFO com.BankingAutomation.testCases.BaseClass - New Customer Clicked
2023-09-02 15:35:27,079 [main] INFO com.BankingAutomation.testCases.BaseClass - Test Case ended and Chrome is closed
2023-09-02 15:36:21,878 [main] INFO com.BankingAutomation.testCases.BaseClass - Chrome instance is open
2023-09-02 15:36:28,916 [main] INFO com.BankingAutomation.testCases.BaseClass - launching URL
2023-09-02 15:36:37,997 [main] INFO com.BankingAutomation.testCases.BaseClass - UserNAme set
2023-09-02 15:36:38,184 [main] INFO com.BankingAutomation.testCases.BaseClass - Password set
2023-09-02 15:36:40,155 [main] INFO com.BankingAutomation.testCases.BaseClass - Login Btn Clicked
2023-09-02 15:36:43,498 [main] INFO com.BankingAutomation.testCases.BaseClass - New Customer Clicked
2023-09-02 15:37:05,881 [main] INFO com.BankingAutomation.testCases.BaseClass - logOut clicked
2023-09-02 15:37:07,628 [main] INFO com.BankingAutomation.testCases.BaseClass - UserNAme set
2023-09-02 15:37:07,776 [main] INFO com.BankingAutomation.testCases.BaseClass - Password set
2023-09-02 15:37:08,855 [main] INFO com.BankingAutomation.testCases.BaseClass - Login Btn Clicked
2023-09-02 15:37:12,289 [main] INFO com.BankingAutomation.testCases.BaseClass - New Customer Clicked
2023-09-02 15:37:19,397 [main] INFO com.BankingAutomation.testCases.BaseClass - Test Case ended and Chrome is closed
2023-09-02 15:39:01,876 [main] INFO com.BankingAutomation.testCases.BaseClass - Chrome instance is open
2023-09-02 15:39:09,593 [main] INFO com.BankingAutomation.testCases.BaseClass - launching URL
2023-09-02 15:39:21,166 [main] INFO com.BankingAutomation.testCases.BaseClass - UserNAme set
2023-09-02 15:39:21,353 [main] INFO com.BankingAutomation.testCases.BaseClass - Password set
2023-09-02 15:39:23,381 [main] INFO com.BankingAutomation.testCases.BaseClass - Login Btn Clicked
2023-09-02 15:39:26,724 [main] INFO com.BankingAutomation.testCases.BaseClass - New Customer Clicked
2023-09-02 15:40:53,568 [main] INFO com.BankingAutomation.testCases.BaseClass - logOut clicked
2023-09-02 15:40:55,474 [main] INFO com.BankingAutomation.testCases.BaseClass - UserNAme set
2023-09-02 15:40:55,628 [main] INFO com.BankingAutomation.testCases.BaseClass - Password set
2023-09-02 15:40:57,827 [main] INFO com.BankingAutomation.testCases.BaseClass - Login Btn Clicked
2023-09-02 15:41:01,426 [main] INFO com.BankingAutomation.testCases.BaseClass - New Customer Clicked
2023-09-02 15:41:08,656 [main] INFO com.BankingAutomation.testCases.BaseClass - Test Case ended and Chrome is closed
2023-09-02 15:51:50,167 [main] INFO com.BankingAutomation.testCases.BaseClass - Chrome instance is open
2023-09-02 15:51:56,138 [main] INFO com.BankingAutomation.testCases.BaseClass - launching URL
2023-09-02 15:52:07,496 [main] INFO com.BankingAutomation.testCases.BaseClass - UserNAme set
2023-09-02 15:52:07,678 [main] INFO com.BankingAutomation.testCases.BaseClass - Password set
2023-09-02 15:52:10,973 [main] INFO com.BankingAutomation.testCases.BaseClass - Login Btn Clicked
2023-09-02 15:52:14,192 [main] INFO com.BankingAutomation.testCases.BaseClass - New Customer Clicked
2023-09-02 15:53:35,033 [main] INFO com.BankingAutomation.testCases.BaseClass - Test Case ended and Chrome is closed
2023-09-02 15:53:35,551 [main] INFO org.testng.internal.Utils - [TestNG] Time taken by org.testng.internal.ExitCodeListener@39da5e49: 0 ms
2023-09-02 15:53:35,741 [main] INFO org.testng.internal.Utils - [TestNG] Time taken by org.testng.reporters.SuiteHTMLReporter@2de6f1bc: 187 ms
2023-09-02 15:53:36,211 [main] INFO org.testng.internal.Utils - [TestNG] Time taken by org.testng.reporters.jq.Main@a54acec: 469 ms
2023-09-02 15:53:36,269 [main] INFO org.testng.internal.Utils - [TestNG] Time taken by org.testng.reporters.FailedReporter@4315c28c: 57 ms
2023-09-02 15:53:36,481 [main] INFO org.testng.internal.Utils - [TestNG] Time taken by org.testng.reporters.XMLReporter@5e7abaf7: 211 ms
2023-09-02 15:53:36,528 [main] INFO org.testng.internal.Utils - [TestNG] Time taken by org.testng.reporters.EmailableReporter2@22d8f4ed: 46 ms
2023-09-02 15:53:36,717 [main] INFO org.testng.internal.Utils - [TestNG] Time taken by org.testng.reporters.JUnitReportReporter@267f9765: 187 ms
2023-09-02 15:54:35,846 [main] INFO com.BankingAutomation.testCases.BaseClass - Chrome instance is open
2023-09-02 15:54:43,049 [main] INFO com.BankingAutomation.testCases.BaseClass - launching URL
2023-09-02 15:54:54,971 [main] INFO com.BankingAutomation.testCases.BaseClass - UserNAme set
2023-09-02 15:54:55,156 [main] INFO com.BankingAutomation.testCases.BaseClass - Password set
2023-09-02 15:54:57,090 [main] INFO com.BankingAutomation.testCases.BaseClass - Login Btn Clicked
2023-09-02 15:55:00,282 [main] INFO com.BankingAutomation.testCases.BaseClass - New Customer Clicked
2023-09-02 15:55:32,776 [main] INFO com.BankingAutomation.testCases.BaseClass - Test Case ended and Chrome is closed
2023-09-02 15:55:33,220 [main] INFO org.testng.internal.Utils - [TestNG] Time taken by org.testng.internal.ExitCodeListener@51c65a43: 0 ms
2023-09-02 15:55:33,330 [main] INFO org.testng.internal.Utils - [TestNG] Time taken by org.testng.reporters.SuiteHTMLReporter@4fba8eec: 109 ms
2023-09-02 15:55:33,636 [main] INFO org.testng.internal.Utils - [TestNG] Time taken by org.testng.reporters.jq.Main@4b033eac: 304 ms
2023-09-02 15:55:33,720 [main] INFO org.testng.internal.Utils - [TestNG] Time taken by org.testng.reporters.FailedReporter@383cb5ce: 83 ms
2023-09-02 15:55:33,848 [main] INFO org.testng.internal.Utils - [TestNG] Time taken by org.testng.reporters.XMLReporter@267f9765: 127 ms
2023-09-02 15:55:33,898 [main] INFO org.testng.internal.Utils - [TestNG] Time taken by org.testng.reporters.EmailableReporter2@7a1a3468: 49 ms
2023-09-02 15:55:34,019 [main] INFO org.testng.internal.Utils - [TestNG] Time taken by org.testng.reporters.JUnitReportReporter@58dad04a: 121 ms
2023-09-02 15:56:08,549 [main] INFO com.BankingAutomation.testCases.BaseClass - Chrome instance is open
2023-09-02 15:56:13,675 [main] INFO com.BankingAutomation.testCases.BaseClass - launching URL
2023-09-02 15:56:24,602 [main] INFO com.BankingAutomation.testCases.BaseClass - UserNAme set
2023-09-02 15:56:24,779 [main] INFO com.BankingAutomation.testCases.BaseClass - Password set
2023-09-02 15:56:26,679 [main] INFO com.BankingAutomation.testCases.BaseClass - Login Btn Clicked
2023-09-02 15:56:29,991 [main] INFO com.BankingAutomation.testCases.BaseClass - New Customer Clicked
2023-09-02 16:00:09,088 [main] INFO com.BankingAutomation.testCases.BaseClass - logOut clicked
2023-09-02 16:00:56,215 [main] INFO com.BankingAutomation.testCases.BaseClass - UserNAme set
2023-09-02 16:00:56,658 [main] INFO com.BankingAutomation.testCases.BaseClass - Password set
2023-09-02 16:00:58,712 [main] INFO com.BankingAutomation.testCases.BaseClass - Login Btn Clicked
2023-09-02 16:01:21,063 [main] INFO com.BankingAutomation.testCases.BaseClass - New Customer Clicked
2023-09-02 16:04:05,202 [main] INFO com.BankingAutomation.testCases.BaseClass - Chrome instance is open
2023-09-02 16:04:12,966 [main] INFO com.BankingAutomation.testCases.BaseClass - launching URL
2023-09-02 16:04:24,351 [main] INFO com.BankingAutomation.testCases.BaseClass - UserNAme set
2023-09-02 16:04:24,560 [main] INFO com.BankingAutomation.testCases.BaseClass - Password set
2023-09-02 16:04:26,503 [main] INFO com.BankingAutomation.testCases.BaseClass - Login Btn Clicked
2023-09-02 16:04:29,823 [main] INFO com.BankingAutomation.testCases.BaseClass - New Customer Clicked
2023-09-02 16:05:40,501 [main] INFO com.BankingAutomation.testCases.BaseClass - logOut clicked
2023-09-02 16:05:41,862 [main] INFO com.BankingAutomation.testCases.BaseClass - UserNAme set
2023-09-02 16:05:42,108 [main] INFO com.BankingAutomation.testCases.BaseClass - Password set
2023-09-02 16:05:43,293 [main] INFO com.BankingAutomation.testCases.BaseClass - Login Btn Clicked
2023-09-02 16:06:31,543 [main] INFO com.BankingAutomation.testCases.BaseClass - New Customer Clicked
2023-09-02 16:07:10,311 [main] INFO com.BankingAutomation.testCases.BaseClass - Test Case ended and Chrome is closed
2023-09-02 16:07:10,734 [main] INFO org.testng.internal.Utils - [TestNG] Time taken by org.testng.internal.ExitCodeListener@153cb763: 0 ms
2023-09-02 16:07:10,841 [main] INFO org.testng.internal.Utils - [TestNG] Time taken by org.testng.reporters.SuiteHTMLReporter@4bf03fee: 105 ms
2023-09-02 16:07:11,258 [main] INFO org.testng.internal.Utils - [TestNG] Time taken by org.testng.reporters.jq.Main@31f77791: 414 ms
2023-09-02 16:07:11,302 [main] INFO org.testng.internal.Utils - [TestNG] Time taken by org.testng.reporters.FailedReporter@7e3236d: 42 ms
2023-09-02 16:07:11,485 [main] INFO org.testng.internal.Utils - [TestNG] Time taken by org.testng.reporters.XMLReporter@149274cb: 179 ms
2023-09-02 16:07:11,579 [main] INFO org.testng.internal.Utils - [TestNG] Time taken by org.testng.reporters.EmailableReporter2@31efacad: 94 ms
2023-09-02 16:07:11,646 [main] INFO org.testng.internal.Utils - [TestNG] Time taken by org.testng.reporters.JUnitReportReporter@5d124d29: 65 ms
2023-09-02 16:20:58,035 [main] INFO com.BankingAutomation.testCases.BaseClass - Chrome instance is open
2023-09-02 16:21:04,574 [main] INFO com.BankingAutomation.testCases.BaseClass - launching URL
2023-09-02 16:21:09,351 [main] INFO com.BankingAutomation.testCases.BaseClass - Test Case ended and Chrome is closed
2023-09-02 16:23:49,861 [main] INFO com.BankingAutomation.testCases.BaseClass - Chrome instance is open
2023-09-02 16:23:55,494 [main] INFO com.BankingAutomation.testCases.BaseClass - launching URL
2023-09-02 16:24:01,933 [main] INFO com.BankingAutomation.testCases.BaseClass - Test Case ended and Chrome is closed
2023-09-02 16:26:26,755 [main] INFO com.BankingAutomation.testCases.BaseClass - Chrome instance is open
2023-09-02 16:26:32,640 [main] INFO com.BankingAutomation.testCases.BaseClass - launching URL
2023-09-02 16:26:35,959 [main] ERROR org.testng.internal.Utils - [Error] java.lang.NullPointerException: Cannot invoke &quot;org.apache.poi.xssf.usermodel.XSSFRow.getCell(int)&quot; because &quot;com.BankingAutomation.utilities.XLSUtils.xlsRow&quot; is null
	at com.BankingAutomation.utilities.XLSUtils.addCustomerDetails(XLSUtils.java:83)
	at com.BankingAutomation.testCases.AddCustDetails.getCustomerDetails(AddCustDetails.java:104)
	at java.base/jdk.internal.reflect.NativeMethodAccessorImpl.invoke0(Native Method)
	at java.base/jdk.internal.reflect.NativeMethodAccessorImpl.invoke(NativeMethodAccessorImpl.java:64)
	at java.base/jdk.internal.reflect.DelegatingMethodAccessorImpl.invoke(DelegatingMethodAccessorImpl.java:43)
	at java.base/java.lang.reflect.Method.invoke(Method.java:564)
	at org.testng.internal.invokers.MethodInvocationHelper.invokeMethod(MethodInvocationHelper.java:139)
	at org.testng.internal.invokers.MethodInvocationHelper.invokeMethod(MethodInvocationHelper.java:84)
	at org.testng.internal.invokers.MethodInvocationHelper.invokeMethodNoCheckedException(MethodInvocationHelper.java:53)
	at org.testng.internal.invokers.MethodInvocationHelper.invokeDataProvider(MethodInvocationHelper.java:157)
	at org.testng.internal.Parameters.handleParameters(Parameters.java:803)
	at org.testng.internal.Parameters.handleParameters(Parameters.java:728)
	at org.testng.internal.invokers.ParameterHandler.handleParameters(ParameterHandler.java:72)
	at org.testng.internal.invokers.ParameterHandler.createParameters(ParameterHandler.java:51)
	at org.testng.internal.invokers.TestInvoker$MethodInvocationAgent.invoke(TestInvoker.java:924)
	at org.testng.internal.invokers.TestInvoker.invokeTestMethods(TestInvoker.java:194)
	at org.testng.internal.invokers.TestMethodWorker.invokeTestMethods(TestMethodWorker.java:148)
	at org.testng.internal.invokers.TestMethodWorker.run(TestMethodWorker.java:128)
	at java.base/java.util.ArrayList.forEach(ArrayList.java:1511)
	at org.testng.TestRunner.privateRun(TestRunner.java:829)
	at org.testng.TestRunner.run(TestRunner.java:602)
	at org.testng.SuiteRunner.runTest(SuiteRunner.java:437)
	at org.testng.SuiteRunner.runSequentially(SuiteRunner.java:431)
	at org.testng.SuiteRunner.privateRun(SuiteRunner.java:391)
	at org.testng.SuiteRunner.run(SuiteRunner.java:330)
	at org.testng.SuiteRunnerWorker.runSuite(SuiteRunnerWorker.java:52)
	at org.testng.SuiteRunnerWorker.run(SuiteRunnerWorker.java:95)
	at org.testng.TestNG.runSuitesSequentially(TestNG.java:1256)
	at org.testng.TestNG.runSuitesLocally(TestNG.java:1176)
	at org.testng.TestNG.runSuites(TestNG.java:1099)
	at org.testng.TestNG.run(TestNG.java:1067)
	at org.testng.remote.AbstractRemoteTestNG.run(AbstractRemoteTestNG.java:115)
	at org.testng.remote.RemoteTestNG.initAndRun(RemoteTestNG.java:251)
	at org.testng.remote.RemoteTestNG.main(RemoteTestNG.java:77)

2023-09-02 16:26:37,018 [main] INFO com.BankingAutomation.testCases.BaseClass - Test Case ended and Chrome is closed
2023-09-02 16:26:37,093 [main] INFO org.testng.internal.Utils - [TestNG] Time taken by org.testng.internal.ExitCodeListener@2aff9dff: 0 ms
2023-09-02 16:26:37,146 [main] INFO org.testng.internal.Utils - [TestNG] Time taken by org.testng.reporters.SuiteHTMLReporter@712cfb63: 52 ms
2023-09-02 16:26:37,336 [main] INFO org.testng.internal.Utils - [TestNG] Time taken by org.testng.reporters.jq.Main@748d2277: 187 ms
2023-09-02 16:26:37,369 [main] INFO org.testng.internal.Utils - [TestNG] Time taken by org.testng.reporters.FailedReporter@20b9d5d5: 30 ms
2023-09-02 16:26:37,384 [main] INFO org.testng.internal.Utils - [TestNG] Time taken by org.testng.reporters.XMLReporter@618ff5c2: 13 ms
2023-09-02 16:26:37,397 [main] INFO org.testng.internal.Utils - [TestNG] Time taken by org.testng.reporters.EmailableReporter2@934b52f: 12 ms
2023-09-02 16:26:37,411 [main] INFO org.testng.internal.Utils - [TestNG] Time taken by org.testng.reporters.JUnitReportReporter@2938127d: 12 ms
2023-09-02 16:29:59,238 [main] INFO com.BankingAutomation.testCases.BaseClass - Chrome instance is open
2023-09-02 16:30:04,595 [main] INFO com.BankingAutomation.testCases.BaseClass - launching URL
2023-09-02 16:30:10,046 [main] INFO com.BankingAutomation.testCases.BaseClass - Test Case ended and Chrome is closed
2023-09-02 16:34:41,330 [main] INFO com.BankingAutomation.testCases.BaseClass - Chrome instance is open
2023-09-02 16:34:47,760 [main] INFO com.BankingAutomation.testCases.BaseClass - launching URL
2023-09-02 16:35:16,774 [main] INFO com.BankingAutomation.testCases.BaseClass - Test Case ended and Chrome is closed
2023-09-02 16:36:57,941 [main] INFO com.BankingAutomation.testCases.BaseClass - Chrome instance is open
2023-09-02 16:37:03,638 [main] INFO com.BankingAutomation.testCases.BaseClass - launching URL
2023-09-02 16:37:15,250 [main] INFO com.BankingAutomation.testCases.BaseClass - UserNAme set
2023-09-02 16:37:15,473 [main] INFO com.BankingAutomation.testCases.BaseClass - Password set
2023-09-02 16:37:17,350 [main] INFO com.BankingAutomation.testCases.BaseClass - Login Btn Clicked
2023-09-02 16:37:20,543 [main] INFO com.BankingAutomation.testCases.BaseClass - New Customer Clicked
2023-09-02 16:37:44,231 [main] INFO com.BankingAutomation.testCases.BaseClass - logOut clicked
2023-09-02 16:37:46,444 [main] INFO com.BankingAutomation.testCases.BaseClass - UserNAme set
2023-09-02 16:37:46,594 [main] INFO com.BankingAutomation.testCases.BaseClass - Password set
2023-09-02 16:37:48,268 [main] INFO com.BankingAutomation.testCases.BaseClass - Login Btn Clicked
2023-09-02 16:37:51,665 [main] INFO com.BankingAutomation.testCases.BaseClass - New Customer Clicked
2023-09-02 16:37:59,342 [main] INFO com.BankingAutomation.testCases.BaseClass - Test Case ended and Chrome is closed
2023-09-02 16:37:59,836 [main] INFO org.testng.internal.Utils - [TestNG] Time taken by org.testng.internal.ExitCodeListener@30a7653e: 0 ms
2023-09-02 16:38:00,033 [main] INFO org.testng.internal.Utils - [TestNG] Time taken by org.testng.reporters.SuiteHTMLReporter@4017fe2c: 197 ms
2023-09-02 16:38:00,385 [main] INFO org.testng.internal.Utils - [TestNG] Time taken by org.testng.reporters.jq.Main@22a260ff: 351 ms
2023-09-02 16:38:00,415 [main] INFO org.testng.internal.Utils - [TestNG] Time taken by org.testng.reporters.FailedReporter@480cbe2e: 30 ms
2023-09-02 16:38:00,584 [main] INFO org.testng.internal.Utils - [TestNG] Time taken by org.testng.reporters.XMLReporter@5f6b53ed: 166 ms
2023-09-02 16:38:00,676 [main] INFO org.testng.internal.Utils - [TestNG] Time taken by org.testng.reporters.EmailableReporter2@126f8f24: 91 ms
2023-09-02 16:38:00,812 [main] INFO org.testng.internal.Utils - [TestNG] Time taken by org.testng.reporters.JUnitReportReporter@4fecf308: 129 ms
2023-09-02 16:43:48,746 [main] INFO com.BankingAutomation.testCases.BaseClass - Chrome instance is open
2023-09-02 16:43:55,112 [main] INFO com.BankingAutomation.testCases.BaseClass - launching URL
2023-09-02 16:44:00,370 [main] INFO com.BankingAutomation.testCases.BaseClass - Test Case ended and Chrome is closed
2023-09-02 16:45:15,017 [main] INFO com.BankingAutomation.testCases.BaseClass - Chrome instance is open
2023-09-02 16:45:21,998 [main] INFO com.BankingAutomation.testCases.BaseClass - launching URL
2023-09-02 16:45:27,225 [main] INFO com.BankingAutomation.testCases.BaseClass - Test Case ended and Chrome is closed
2023-09-02 16:46:17,991 [main] INFO com.BankingAutomation.testCases.BaseClass - Chrome instance is open
2023-09-02 16:46:24,351 [main] INFO com.BankingAutomation.testCases.BaseClass - launching URL
2023-09-02 16:46:35,452 [main] INFO com.BankingAutomation.testCases.BaseClass - UserNAme set
2023-09-02 16:46:35,724 [main] INFO com.BankingAutomation.testCases.BaseClass - Password set
2023-09-02 16:46:37,662 [main] INFO com.BankingAutomation.testCases.BaseClass - Login Btn Clicked
2023-09-02 16:46:40,936 [main] INFO com.BankingAutomation.testCases.BaseClass - New Customer Clicked
2023-09-02 17:01:40,473 [main] INFO com.BankingAutomation.testCases.BaseClass - Chrome instance is open
2023-09-02 17:01:48,342 [main] INFO com.BankingAutomation.testCases.BaseClass - launching URL
2023-09-02 17:02:03,196 [main] INFO com.BankingAutomation.testCases.BaseClass - UserNAme set
2023-09-02 17:02:03,436 [main] INFO com.BankingAutomation.testCases.BaseClass - Password set
2023-09-02 17:02:05,664 [main] INFO com.BankingAutomation.testCases.BaseClass - Login Btn Clicked
2023-09-02 17:02:08,868 [main] INFO com.BankingAutomation.testCases.BaseClass - New Customer Clicked
2023-09-02 17:03:49,110 [main] INFO com.BankingAutomation.testCases.BaseClass - Test Case ended and Chrome is closed
2023-09-02 17:06:48,120 [main] INFO com.BankingAutomation.testCases.BaseClass - Chrome instance is open
2023-09-02 17:06:54,649 [main] INFO com.BankingAutomation.testCases.BaseClass - launching URL
2023-09-02 17:09:28,385 [main] INFO com.BankingAutomation.testCases.BaseClass - Chrome instance is open
2023-09-02 17:09:33,828 [main] INFO com.BankingAutomation.testCases.BaseClass - launching URL
2023-09-02 17:10:39,998 [main] INFO com.BankingAutomation.testCases.BaseClass - UserNAme set
2023-09-02 17:10:40,153 [main] INFO com.BankingAutomation.testCases.BaseClass - Password set
2023-09-02 17:10:42,297 [main] INFO com.BankingAutomation.testCases.BaseClass - Login Btn Clicked
2023-09-02 17:10:45,461 [main] INFO com.BankingAutomation.testCases.BaseClass - New Customer Clicked
2023-09-02 17:11:43,900 [AsyncHttpClient-1-4] WARN org.asynchttpclient.netty.handler.WebSocketHandler - onError
java.net.SocketException: Connection reset
	at java.base/sun.nio.ch.SocketChannelImpl.throwConnectionReset(SocketChannelImpl.java:367)
	at java.base/sun.nio.ch.SocketChannelImpl.read(SocketChannelImpl.java:398)
	at io.netty.buffer.PooledByteBuf.setBytes(PooledByteBuf.java:256)
	at io.netty.buffer.AbstractByteBuf.writeBytes(AbstractByteBuf.java:1132)
	at io.netty.channel.socket.nio.NioSocketChannel.doReadBytes(NioSocketChannel.java:357)
	at io.netty.channel.nio.AbstractNioByteChannel$NioByteUnsafe.read(AbstractNioByteChannel.java:151)
	at io.netty.channel.nio.NioEventLoop.processSelectedKey(NioEventLoop.java:788)
	at io.netty.channel.nio.NioEventLoop.processSelectedKeysOptimized(NioEventLoop.java:724)
	at io.netty.channel.nio.NioEventLoop.processSelectedKeys(NioEventLoop.java:650)
	at io.netty.channel.nio.NioEventLoop.run(NioEventLoop.java:562)
	at io.netty.util.concurrent.SingleThreadEventExecutor$4.run(SingleThreadEventExecutor.java:997)
	at io.netty.util.internal.ThreadExecutorMap$2.run(ThreadExecutorMap.java:74)
	at io.netty.util.concurrent.FastThreadLocalRunnable.run(FastThreadLocalRunnable.java:30)
	at java.base/java.lang.Thread.run(Thread.java:832)
2023-09-02 17:11:44,982 [main] INFO com.BankingAutomation.testCases.BaseClass - Test Case ended and Chrome is closed
2023-09-02 17:16:08,622 [main] INFO com.BankingAutomation.testCases.BaseClass - Chrome instance is open
2023-09-02 17:16:14,594 [main] INFO com.BankingAutomation.testCases.BaseClass - launching URL
2023-09-02 17:16:52,731 [main] INFO com.BankingAutomation.testCases.BaseClass - Test Case ended and Chrome is closed
2023-09-02 17:17:37,098 [main] INFO com.BankingAutomation.testCases.BaseClass - Chrome instance is open
2023-09-02 17:17:41,857 [main] INFO com.BankingAutomation.testCases.BaseClass - launching URL
2023-09-02 17:17:41,875 [main] ERROR org.testng.internal.Utils - [Error] java.io.FileNotFoundException: D:\eclipse\eclipse\eclipse-workspace\selenium\BankingAutomation_v1\src\test\java\com\BankingAutomation\testData\CustomerDetailsAd.xlsx (The system cannot find the file specified)
	at java.base/java.io.FileInputStream.open0(Native Method)
	at java.base/java.io.FileInputStream.open(FileInputStream.java:211)
	at java.base/java.io.FileInputStream.&lt;init&gt;(FileInputStream.java:153)
	at java.base/java.io.FileInputStream.&lt;init&gt;(FileInputStream.java:108)
	at com.BankingAutomation.utilities.XLSUtils.getRowCount(XLSUtils.java:23)
	at com.BankingAutomation.testCases.AddCustDetails.getCustomerDetails(AddCustDetails.java:94)
	at java.base/jdk.internal.reflect.NativeMethodAccessorImpl.invoke0(Native Method)
	at java.base/jdk.internal.reflect.NativeMethodAccessorImpl.invoke(NativeMethodAccessorImpl.java:64)
	at java.base/jdk.internal.reflect.DelegatingMethodAccessorImpl.invoke(DelegatingMethodAccessorImpl.java:43)
	at java.base/java.lang.reflect.Method.invoke(Method.java:564)
	at org.testng.internal.invokers.MethodInvocationHelper.invokeMethod(MethodInvocationHelper.java:139)
	at org.testng.internal.invokers.MethodInvocationHelper.invokeMethod(MethodInvocationHelper.java:84)
	at org.testng.internal.invokers.MethodInvocationHelper.invokeMethodNoCheckedException(MethodInvocationHelper.java:53)
	at org.testng.internal.invokers.MethodInvocationHelper.invokeDataProvider(MethodInvocationHelper.java:157)
	at org.testng.internal.Parameters.handleParameters(Parameters.java:803)
	at org.testng.internal.Parameters.handleParameters(Parameters.java:728)
	at org.testng.internal.invokers.ParameterHandler.handleParameters(ParameterHandler.java:72)
	at org.testng.internal.invokers.ParameterHandler.createParameters(ParameterHandler.java:51)
	at org.testng.internal.invokers.TestInvoker$MethodInvocationAgent.invoke(TestInvoker.java:924)
	at org.testng.internal.invokers.TestInvoker.invokeTestMethods(TestInvoker.java:194)
	at org.testng.internal.invokers.TestMethodWorker.invokeTestMethods(TestMethodWorker.java:148)
	at org.testng.internal.invokers.TestMethodWorker.run(TestMethodWorker.java:128)
	at java.base/java.util.ArrayList.forEach(ArrayList.java:1511)
	at org.testng.TestRunner.privateRun(TestRunner.java:829)
	at org.testng.TestRunner.run(TestRunner.java:602)
	at org.testng.SuiteRunner.runTest(SuiteRunner.java:437)
	at org.testng.SuiteRunner.runSequentially(SuiteRunner.java:431)
	at org.testng.SuiteRunner.privateRun(SuiteRunner.java:391)
	at org.testng.SuiteRunner.run(SuiteRunner.java:330)
	at org.testng.SuiteRunnerWorker.runSuite(SuiteRunnerWorker.java:52)
	at org.testng.SuiteRunnerWorker.run(SuiteRunnerWorker.java:95)
	at org.testng.TestNG.runSuitesSequentially(TestNG.java:1256)
	at org.testng.TestNG.runSuitesLocally(TestNG.java:1176)
	at org.testng.TestNG.runSuites(TestNG.java:1099)
	at org.testng.TestNG.run(TestNG.java:1067)
	at org.testng.remote.AbstractRemoteTestNG.run(AbstractRemoteTestNG.java:115)
	at org.testng.remote.RemoteTestNG.initAndRun(RemoteTestNG.java:251)
	at org.testng.remote.RemoteTestNG.main(RemoteTestNG.java:77)

2023-09-02 17:17:43,099 [main] INFO com.BankingAutomation.testCases.BaseClass - Test Case ended and Chrome is closed
2023-09-02 17:17:43,214 [main] INFO org.testng.internal.Utils - [TestNG] Time taken by org.testng.internal.ExitCodeListener@40d10481: 0 ms
2023-09-02 17:17:43,357 [main] INFO org.testng.internal.Utils - [TestNG] Time taken by org.testng.reporters.SuiteHTMLReporter@675ffd1d: 141 ms
2023-09-02 17:17:43,623 [main] INFO org.testng.internal.Utils - [TestNG] Time taken by org.testng.reporters.jq.Main@e4d2696: 264 ms
2023-09-02 17:17:43,660 [main] INFO org.testng.internal.Utils - [TestNG] Time taken by org.testng.reporters.FailedReporter@67403656: 33 ms
2023-09-02 17:17:43,709 [main] INFO org.testng.internal.Utils - [TestNG] Time taken by org.testng.reporters.XMLReporter@2bf94401: 47 ms
2023-09-02 17:17:43,723 [main] INFO org.testng.internal.Utils - [TestNG] Time taken by org.testng.reporters.EmailableReporter2@3b7b05a8: 13 ms
2023-09-02 17:17:43,742 [main] INFO org.testng.internal.Utils - [TestNG] Time taken by org.testng.reporters.JUnitReportReporter@38eb2fb0: 18 ms
2023-09-02 17:18:23,122 [main] INFO com.BankingAutomation.testCases.BaseClass - Chrome instance is open
2023-09-02 17:18:26,973 [main] INFO com.BankingAutomation.testCases.BaseClass - launching URL
2023-09-02 17:21:50,315 [main] INFO com.BankingAutomation.testCases.BaseClass - Test Case ended and Chrome is closed
2023-09-02 17:24:21,360 [main] INFO com.BankingAutomation.testCases.BaseClass - Chrome instance is open
2023-09-02 17:24:27,303 [main] INFO com.BankingAutomation.testCases.BaseClass - launching URL
2023-09-02 17:25:05,649 [main] INFO com.BankingAutomation.testCases.BaseClass - UserNAme set
2023-09-02 17:25:05,861 [main] INFO com.BankingAutomation.testCases.BaseClass - Password set
2023-09-02 17:25:08,223 [main] INFO com.BankingAutomation.testCases.BaseClass - Login Btn Clicked
2023-09-02 17:25:11,401 [main] INFO com.BankingAutomation.testCases.BaseClass - New Customer Clicked
2023-09-02 17:25:50,852 [main] INFO com.BankingAutomation.testCases.BaseClass - logOut clicked
2023-09-02 17:25:53,205 [main] INFO com.BankingAutomation.testCases.BaseClass - Test Case ended and Chrome is closed
2023-09-02 17:27:22,276 [main] INFO com.BankingAutomation.testCases.BaseClass - Chrome instance is open
2023-09-02 17:27:27,261 [main] INFO com.BankingAutomation.testCases.BaseClass - launching URL
2023-09-02 17:27:49,631 [main] INFO com.BankingAutomation.testCases.BaseClass - UserNAme set
2023-09-02 17:27:49,847 [main] INFO com.BankingAutomation.testCases.BaseClass - Password set
2023-09-02 17:27:52,676 [main] INFO com.BankingAutomation.testCases.BaseClass - Login Btn Clicked
2023-09-02 17:27:55,862 [main] INFO com.BankingAutomation.testCases.BaseClass - New Customer Clicked
2023-09-02 17:31:08,887 [main] INFO com.BankingAutomation.testCases.BaseClass - Test Case ended and Chrome is closed
2023-09-02 17:32:41,904 [main] INFO com.BankingAutomation.testCases.BaseClass - Chrome instance is open
2023-09-02 17:32:47,681 [main] INFO com.BankingAutomation.testCases.BaseClass - launching URL
2023-09-02 17:32:50,850 [main] INFO com.BankingAutomation.testCases.BaseClass - UserNAme set
2023-09-02 17:32:51,103 [main] INFO com.BankingAutomation.testCases.BaseClass - Password set
2023-09-02 17:32:52,665 [main] INFO com.BankingAutomation.testCases.BaseClass - Login Btn Clicked
2023-09-02 17:32:55,860 [main] INFO com.BankingAutomation.testCases.BaseClass - New Customer Clicked
2023-09-02 17:33:28,913 [main] INFO com.BankingAutomation.testCases.BaseClass - logOut clicked
2023-09-02 17:33:30,191 [main] INFO com.BankingAutomation.testCases.BaseClass - UserNAme set
2023-09-02 17:33:30,403 [main] INFO com.BankingAutomation.testCases.BaseClass - Password set
2023-09-02 17:33:31,560 [main] INFO com.BankingAutomation.testCases.BaseClass - Login Btn Clicked
2023-09-02 17:34:05,980 [main] INFO com.BankingAutomation.testCases.BaseClass - New Customer Clicked
2023-09-02 17:35:24,239 [main] INFO com.BankingAutomation.testCases.BaseClass - Test Case ended and Chrome is closed
2023-09-02 18:31:45,479 [main] INFO com.BankingAutomation.testCases.BaseClass - Chrome instance is open
2023-09-02 18:31:52,318 [main] INFO com.BankingAutomation.testCases.BaseClass - launching URL
2023-09-02 18:31:55,281 [main] INFO com.BankingAutomation.testCases.BaseClass - LogIn bn clicked
2023-09-02 18:31:56,486 [main] INFO com.BankingAutomation.testCases.BaseClass - Test Case ended and Chrome is closed
2023-09-02 18:34:05,321 [main] INFO com.BankingAutomation.testCases.BaseClass - Chrome instance is open
2023-09-02 18:34:12,058 [main] INFO com.BankingAutomation.testCases.BaseClass - launching URL
2023-09-02 18:34:16,189 [main] INFO com.BankingAutomation.testCases.BaseClass - LogIn bn clicked
2023-09-02 18:34:17,850 [main] INFO com.BankingAutomation.testCases.BaseClass - Test Case ended and Chrome is closed
2023-09-02 18:34:18,039 [main] INFO org.testng.internal.Utils - [TestNG] Time taken by org.testng.internal.ExitCodeListener@9d1a267: 0 ms
2023-09-02 18:34:18,093 [main] INFO org.testng.internal.Utils - [TestNG] Time taken by org.testng.reporters.SuiteHTMLReporter@33cbfa57: 53 ms
2023-09-02 18:34:18,325 [main] INFO org.testng.internal.Utils - [TestNG] Time taken by org.testng.reporters.jq.Main@14f3c6fc: 230 ms
2023-09-02 18:34:18,347 [main] INFO org.testng.internal.Utils - [TestNG] Time taken by org.testng.reporters.FailedReporter@6fd5717c: 21 ms
2023-09-02 18:34:18,377 [main] INFO org.testng.internal.Utils - [TestNG] Time taken by org.testng.reporters.XMLReporter@3cee53dc: 28 ms
2023-09-02 18:34:18,396 [main] INFO org.testng.internal.Utils - [TestNG] Time taken by org.testng.reporters.EmailableReporter2@4393593c: 19 ms
2023-09-02 18:34:18,440 [main] INFO org.testng.internal.Utils - [TestNG] Time taken by org.testng.reporters.JUnitReportReporter@2c43eb8: 43 ms
2023-09-02 22:28:03,816 [main] INFO com.BankingAutomation.testCases.BaseClass - Chrome instance is open
2023-09-02 22:28:09,275 [main] INFO com.BankingAutomation.testCases.BaseClass - launching URL
2023-09-02 22:28:12,823 [main] INFO com.BankingAutomation.testCases.BaseClass - Test Case ended and Chrome is closed
2023-09-02 22:28:54,784 [main] INFO com.BankingAutomation.testCases.BaseClass - Chrome instance is open
2023-09-02 22:28:58,687 [main] INFO com.BankingAutomation.testCases.BaseClass - launching URL
2023-09-02 22:29:02,454 [main] INFO com.BankingAutomation.testCases.BaseClass - LogIn bn clicked
2023-09-02 22:29:32,045 [main] INFO com.BankingAutomation.testCases.BaseClass - Test Case ended and Chrome is closed
2023-09-02 22:29:32,211 [main] INFO org.testng.internal.Utils - [TestNG] Time taken by org.testng.internal.ExitCodeListener@54aca26f: 0 ms
2023-09-02 22:29:32,267 [main] INFO org.testng.internal.Utils - [TestNG] Time taken by org.testng.reporters.SuiteHTMLReporter@5c748168: 55 ms
2023-09-02 22:29:32,427 [main] INFO org.testng.internal.Utils - [TestNG] Time taken by org.testng.reporters.jq.Main@33b082c5: 159 ms
2023-09-02 22:29:32,458 [main] INFO org.testng.internal.Utils - [TestNG] Time taken by org.testng.reporters.FailedReporter@4d774249: 30 ms
2023-09-02 22:29:32,480 [main] INFO org.testng.internal.Utils - [TestNG] Time taken by org.testng.reporters.XMLReporter@73ad4ecc: 19 ms
2023-09-02 22:29:32,509 [main] INFO org.testng.internal.Utils - [TestNG] Time taken by org.testng.reporters.EmailableReporter2@26d820eb: 21 ms
2023-09-02 22:29:32,536 [main] INFO org.testng.internal.Utils - [TestNG] Time taken by org.testng.reporters.JUnitReportReporter@49293b43: 26 ms
2023-09-02 22:30:52,827 [main] INFO com.BankingAutomation.testCases.BaseClass - Chrome instance is open
2023-09-02 22:30:56,716 [main] INFO com.BankingAutomation.testCases.BaseClass - launching URL
2023-09-02 22:31:00,684 [main] INFO com.BankingAutomation.testCases.BaseClass - LogIn bn clicked
2023-09-02 22:34:09,440 [main] INFO com.BankingAutomation.testCases.BaseClass - Chrome instance is open
2023-09-02 22:34:17,309 [main] INFO com.BankingAutomation.testCases.BaseClass - launching URL
2023-09-02 22:34:23,918 [main] INFO com.BankingAutomation.testCases.BaseClass - LogIn bn clicked
2023-09-02 22:34:26,802 [main] INFO com.BankingAutomation.testCases.BaseClass - Test Case ended and Chrome is closed
2023-09-02 22:34:26,819 [main] INFO com.BankingAutomation.testCases.BaseClass - Test Case ended and Chrome is closed
2023-09-02 22:34:27,136 [main] INFO org.testng.internal.Utils - [TestNG] Time taken by org.testng.internal.ExitCodeListener@54aca26f: 0 ms
2023-09-02 22:34:27,153 [main] INFO org.testng.internal.Utils - [TestNG] Time taken by org.testng.internal.ExitCodeListener@314ed053: 0 ms
2023-09-02 22:34:27,209 [main] INFO org.testng.internal.Utils - [TestNG] Time taken by org.testng.reporters.SuiteHTMLReporter@5c748168: 71 ms
2023-09-02 22:34:27,225 [main] INFO org.testng.internal.Utils - [TestNG] Time taken by org.testng.reporters.SuiteHTMLReporter@6441c486: 71 ms
2023-09-02 22:34:27,426 [main] ERROR org.testng.reporters.jq.Main - D:\eclipse\eclipse\eclipse-workspace\selenium\BankingAutomation_v1\test-output\testng-reports.css
java.nio.file.FileAlreadyExistsException: D:\eclipse\eclipse\eclipse-workspace\selenium\BankingAutomation_v1\test-output\testng-reports.css
	at java.base/sun.nio.fs.WindowsException.translateToIOException(WindowsException.java:87)
	at java.base/sun.nio.fs.WindowsException.rethrowAsIOException(WindowsException.java:103)
	at java.base/sun.nio.fs.WindowsException.rethrowAsIOException(WindowsException.java:108)
	at java.base/sun.nio.fs.WindowsFileSystemProvider.newByteChannel(WindowsFileSystemProvider.java:235)
	at java.base/java.nio.file.spi.FileSystemProvider.newOutputStream(FileSystemProvider.java:478)
	at java.base/java.nio.file.Files.newOutputStream(Files.java:224)
	at java.base/java.nio.file.Files.copy(Files.java:3144)
	at org.testng.reporters.jq.Main.generateReport(Main.java:95)
	at org.testng.TestNG.generateReports(TestNG.java:1134)
	at org.testng.TestNG.run(TestNG.java:1072)
	at org.testng.remote.AbstractRemoteTestNG.run(AbstractRemoteTestNG.java:115)
	at org.testng.remote.RemoteTestNG.initAndRun(RemoteTestNG.java:251)
	at org.testng.remote.RemoteTestNG.main(RemoteTestNG.java:77)
2023-09-02 22:34:27,443 [main] INFO org.testng.internal.Utils - [TestNG] Time taken by org.testng.reporters.jq.Main@776802b0: 233 ms
2023-09-02 22:34:27,482 [main] INFO org.testng.internal.Utils - [TestNG] Time taken by org.testng.reporters.FailedReporter@30814f43: 38 ms
2023-09-02 22:34:27,528 [main] INFO org.testng.internal.Utils - [TestNG] Time taken by org.testng.reporters.XMLReporter@53ac845a: 45 ms
2023-09-02 22:34:27,572 [main] INFO org.testng.internal.Utils - [TestNG] Time taken by org.testng.reporters.jq.Main@16073fa8: 345 ms
2023-09-02 22:34:27,598 [main] INFO org.testng.internal.Utils - [TestNG] Time taken by org.testng.reporters.EmailableReporter2@76c52298: 53 ms
2023-09-02 22:34:27,783 [main] INFO org.testng.internal.Utils - [TestNG] Time taken by org.testng.reporters.FailedReporter@17b64941: 191 ms
2023-09-02 22:34:27,863 [main] INFO org.testng.internal.Utils - [TestNG] Time taken by org.testng.reporters.JUnitReportReporter@4393593c: 262 ms
2023-09-02 22:34:27,863 [main] INFO org.testng.internal.Utils - [TestNG] Time taken by org.testng.reporters.XMLReporter@69da0b12: 78 ms
2023-09-02 22:34:27,910 [main] INFO org.testng.internal.Utils - [TestNG] Time taken by org.testng.reporters.EmailableReporter2@507d20bb: 45 ms
2023-09-02 22:34:27,956 [main] INFO org.testng.internal.Utils - [TestNG] Time taken by org.testng.reporters.JUnitReportReporter@5ff60a8c: 45 ms
2023-09-02 22:35:42,124 [main] INFO com.BankingAutomation.testCases.BaseClass - Chrome instance is open
2023-09-02 22:35:50,095 [main] INFO com.BankingAutomation.testCases.BaseClass - launching URL
2023-09-02 22:35:52,420 [main] INFO com.BankingAutomation.testCases.BaseClass - LogIn bn clicked
2023-09-02 22:35:54,112 [main] INFO com.BankingAutomation.testCases.BaseClass - Test Case ended and Chrome is closed
2023-09-02 22:36:52,110 [main] INFO com.BankingAutomation.testCases.BaseClass - Chrome instance is open
2023-09-02 22:36:59,225 [main] INFO com.BankingAutomation.testCases.BaseClass - launching URL
2023-09-02 22:37:03,735 [main] INFO com.BankingAutomation.testCases.BaseClass - LogIn bn clicked
2023-09-02 22:39:56,299 [main] INFO com.BankingAutomation.testCases.BaseClass - Chrome instance is open
2023-09-02 22:40:02,776 [main] INFO com.BankingAutomation.testCases.BaseClass - launching URL
2023-09-02 22:40:05,518 [main] INFO com.BankingAutomation.testCases.BaseClass - LogIn bn clicked
2023-09-02 22:40:42,853 [main] INFO com.BankingAutomation.testCases.BaseClass - Test Case ended and Chrome is closed
2023-09-02 22:41:46,133 [main] INFO com.BankingAutomation.testCases.BaseClass - Chrome instance is open
2023-09-02 22:41:52,191 [main] INFO com.BankingAutomation.testCases.BaseClass - launching URL
2023-09-02 22:41:56,925 [main] INFO com.BankingAutomation.testCases.BaseClass - LogIn bn clicked
2023-09-02 22:41:58,640 [main] INFO com.BankingAutomation.testCases.BaseClass - Test Case ended and Chrome is closed
2023-09-02 22:47:29,557 [main] INFO com.BankingAutomation.testCases.BaseClass - Chrome instance is open
2023-09-02 22:47:35,914 [main] INFO com.BankingAutomation.testCases.BaseClass - launching URL
2023-09-02 22:47:40,611 [main] INFO com.BankingAutomation.testCases.BaseClass - LogIn bn clicked
2023-09-02 22:47:42,303 [main] INFO com.BankingAutomation.testCases.BaseClass - Test Case ended and Chrome is closed
2023-09-02 22:47:42,487 [main] INFO org.testng.internal.Utils - [TestNG] Time taken by org.testng.internal.ExitCodeListener@4e61e4c2: 0 ms
2023-09-02 22:47:42,536 [main] INFO org.testng.internal.Utils - [TestNG] Time taken by org.testng.reporters.SuiteHTMLReporter@2c6ee758: 48 ms
2023-09-02 22:47:42,703 [main] INFO org.testng.internal.Utils - [TestNG] Time taken by org.testng.reporters.jq.Main@6972c30a: 166 ms
2023-09-02 22:47:42,732 [main] INFO org.testng.internal.Utils - [TestNG] Time taken by org.testng.reporters.FailedReporter@68c87fc3: 26 ms
2023-09-02 22:47:42,755 [main] INFO org.testng.internal.Utils - [TestNG] Time taken by org.testng.reporters.XMLReporter@2125ad3: 22 ms
2023-09-02 22:47:42,777 [main] INFO org.testng.internal.Utils - [TestNG] Time taken by org.testng.reporters.EmailableReporter2@26a2f7f9: 21 ms
2023-09-02 22:47:42,809 [main] INFO org.testng.internal.Utils - [TestNG] Time taken by org.testng.reporters.JUnitReportReporter@36f1046f: 30 ms
2023-09-02 22:49:49,417 [main] INFO com.BankingAutomation.testCases.BaseClass - Chrome instance is open
2023-09-02 22:49:54,633 [main] INFO com.BankingAutomation.testCases.BaseClass - launching URL
2023-09-02 22:49:57,188 [main] INFO com.BankingAutomation.testCases.BaseClass - LogIn bn clicked
2023-09-02 22:49:58,894 [main] INFO com.BankingAutomation.testCases.BaseClass - Test Case ended and Chrome is closed
2023-09-02 22:49:59,034 [main] INFO org.testng.internal.Utils - [TestNG] Time taken by org.testng.internal.ExitCodeListener@c6a6c1d: 0 ms
2023-09-02 22:49:59,086 [main] INFO org.testng.internal.Utils - [TestNG] Time taken by org.testng.reporters.SuiteHTMLReporter@640dc4c6: 51 ms
2023-09-02 22:49:59,270 [main] INFO org.testng.internal.Utils - [TestNG] Time taken by org.testng.reporters.jq.Main@57a48985: 182 ms
2023-09-02 22:49:59,309 [main] INFO org.testng.internal.Utils - [TestNG] Time taken by org.testng.reporters.FailedReporter@bc0f53b: 37 ms
2023-09-02 22:49:59,355 [main] INFO org.testng.internal.Utils - [TestNG] Time taken by org.testng.reporters.XMLReporter@7a5b769b: 44 ms
2023-09-02 22:49:59,397 [main] INFO org.testng.internal.Utils - [TestNG] Time taken by org.testng.reporters.EmailableReporter2@38eb2c50: 33 ms
2023-09-02 22:49:59,430 [main] INFO org.testng.internal.Utils - [TestNG] Time taken by org.testng.reporters.JUnitReportReporter@56d93692: 32 ms
2023-09-02 22:51:54,930 [main] INFO com.BankingAutomation.testCases.BaseClass - Chrome instance is open
2023-09-02 22:52:00,085 [main] INFO com.BankingAutomation.testCases.BaseClass - launching URL
2023-09-02 22:52:04,332 [main] INFO com.BankingAutomation.testCases.BaseClass - Test Case ended and Chrome is closed
2023-09-02 22:52:04,557 [main] INFO org.testng.internal.Utils - [TestNG] Time taken by org.testng.internal.ExitCodeListener@63fdffcd: 0 ms
2023-09-02 22:52:04,611 [main] INFO org.testng.internal.Utils - [TestNG] Time taken by org.testng.reporters.SuiteHTMLReporter@35636217: 53 ms
2023-09-02 22:52:04,777 [main] INFO org.testng.internal.Utils - [TestNG] Time taken by org.testng.reporters.jq.Main@9fec931: 165 ms
2023-09-02 22:52:04,809 [main] INFO org.testng.internal.Utils - [TestNG] Time taken by org.testng.reporters.FailedReporter@3f672204: 32 ms
2023-09-02 22:52:04,832 [main] INFO org.testng.internal.Utils - [TestNG] Time taken by org.testng.reporters.XMLReporter@252f626c: 21 ms
2023-09-02 22:52:04,855 [main] INFO org.testng.internal.Utils - [TestNG] Time taken by org.testng.reporters.EmailableReporter2@58496dc: 22 ms
2023-09-02 22:52:04,891 [main] INFO org.testng.internal.Utils - [TestNG] Time taken by org.testng.reporters.JUnitReportReporter@24361cfc: 34 ms
2023-09-02 22:52:58,481 [main] INFO com.BankingAutomation.testCases.BaseClass - Chrome instance is open
2023-09-02 22:53:04,683 [main] INFO com.BankingAutomation.testCases.BaseClass - launching URL
2023-09-02 22:53:07,520 [main] INFO com.BankingAutomation.testCases.BaseClass - LogIn bn clicked
2023-09-02 22:53:13,786 [main] INFO com.BankingAutomation.testCases.BaseClass - Test Case ended and Chrome is closed
2023-09-02 22:56:16,092 [main] INFO com.BankingAutomation.testCases.BaseClass - Chrome instance is open
2023-09-02 22:56:22,614 [main] INFO com.BankingAutomation.testCases.BaseClass - launching URL
2023-09-02 22:56:25,981 [main] INFO com.BankingAutomation.testCases.BaseClass - LogIn bn clicked
2023-09-02 22:56:31,499 [AsyncHttpClient-1-4] WARN org.asynchttpclient.netty.handler.WebSocketHandler - onError
java.net.SocketException: Connection reset
	at java.base/sun.nio.ch.SocketChannelImpl.throwConnectionReset(SocketChannelImpl.java:367)
	at java.base/sun.nio.ch.SocketChannelImpl.read(SocketChannelImpl.java:398)
	at io.netty.buffer.PooledByteBuf.setBytes(PooledByteBuf.java:256)
	at io.netty.buffer.AbstractByteBuf.writeBytes(AbstractByteBuf.java:1132)
	at io.netty.channel.socket.nio.NioSocketChannel.doReadBytes(NioSocketChannel.java:357)
	at io.netty.channel.nio.AbstractNioByteChannel$NioByteUnsafe.read(AbstractNioByteChannel.java:151)
	at io.netty.channel.nio.NioEventLoop.processSelectedKey(NioEventLoop.java:788)
	at io.netty.channel.nio.NioEventLoop.processSelectedKeysOptimized(NioEventLoop.java:724)
	at io.netty.channel.nio.NioEventLoop.processSelectedKeys(NioEventLoop.java:650)
	at io.netty.channel.nio.NioEventLoop.run(NioEventLoop.java:562)
	at io.netty.util.concurrent.SingleThreadEventExecutor$4.run(SingleThreadEventExecutor.java:997)
	at io.netty.util.internal.ThreadExecutorMap$2.run(ThreadExecutorMap.java:74)
	at io.netty.util.concurrent.FastThreadLocalRunnable.run(FastThreadLocalRunnable.java:30)
	at java.base/java.lang.Thread.run(Thread.java:832)
2023-09-02 22:56:32,418 [main] INFO com.BankingAutomation.testCases.BaseClass - Test Case ended and Chrome is closed
2023-09-02 22:57:28,745 [main] INFO com.BankingAutomation.testCases.BaseClass - Chrome instance is open
2023-09-02 22:57:33,350 [main] INFO com.BankingAutomation.testCases.BaseClass - launching URL
2023-09-02 22:57:36,412 [main] INFO com.BankingAutomation.testCases.BaseClass - LogIn bn clicked
2023-09-02 22:57:43,018 [main] INFO com.BankingAutomation.testCases.BaseClass - Test Case ended and Chrome is closed
2023-09-02 22:57:43,221 [main] INFO org.testng.internal.Utils - [TestNG] Time taken by org.testng.internal.ExitCodeListener@f3fcd59: 0 ms
2023-09-02 22:57:43,273 [main] INFO org.testng.internal.Utils - [TestNG] Time taken by org.testng.reporters.SuiteHTMLReporter@3bead518: 50 ms
2023-09-02 22:57:43,423 [main] INFO org.testng.internal.Utils - [TestNG] Time taken by org.testng.reporters.jq.Main@238acd0b: 149 ms
2023-09-02 22:57:43,459 [main] INFO org.testng.internal.Utils - [TestNG] Time taken by org.testng.reporters.FailedReporter@76c548f: 35 ms
2023-09-02 22:57:43,484 [main] INFO org.testng.internal.Utils - [TestNG] Time taken by org.testng.reporters.XMLReporter@4e31c3ec: 24 ms
2023-09-02 22:57:43,506 [main] INFO org.testng.internal.Utils - [TestNG] Time taken by org.testng.reporters.EmailableReporter2@6e495b48: 21 ms
2023-09-02 22:57:43,536 [main] INFO org.testng.internal.Utils - [TestNG] Time taken by org.testng.reporters.JUnitReportReporter@75e710b: 27 ms
2023-09-02 22:58:16,950 [main] INFO com.BankingAutomation.testCases.BaseClass - Chrome instance is open
2023-09-02 22:58:22,600 [main] INFO com.BankingAutomation.testCases.BaseClass - launching URL
2023-09-02 22:58:26,027 [main] INFO com.BankingAutomation.testCases.BaseClass - LogIn bn clicked
2023-09-02 22:58:32,849 [main] INFO com.BankingAutomation.testCases.BaseClass - Test Case ended and Chrome is closed
2023-09-02 22:58:33,058 [main] INFO org.testng.internal.Utils - [TestNG] Time taken by org.testng.internal.ExitCodeListener@48535004: 0 ms
2023-09-02 22:58:33,110 [main] INFO org.testng.internal.Utils - [TestNG] Time taken by org.testng.reporters.SuiteHTMLReporter@1cc9cfb2: 51 ms
2023-09-02 22:58:33,333 [main] INFO org.testng.internal.Utils - [TestNG] Time taken by org.testng.reporters.jq.Main@58496dc: 220 ms
2023-09-02 22:58:33,364 [main] INFO org.testng.internal.Utils - [TestNG] Time taken by org.testng.reporters.FailedReporter@56d93692: 31 ms
2023-09-02 22:58:33,395 [main] INFO org.testng.internal.Utils - [TestNG] Time taken by org.testng.reporters.XMLReporter@3cec79d3: 30 ms
2023-09-02 22:58:33,421 [main] INFO org.testng.internal.Utils - [TestNG] Time taken by org.testng.reporters.EmailableReporter2@28348c6: 25 ms
2023-09-02 22:58:33,455 [main] INFO org.testng.internal.Utils - [TestNG] Time taken by org.testng.reporters.JUnitReportReporter@58e92c23: 34 ms
2023-09-02 22:59:33,375 [main] INFO com.BankingAutomation.testCases.BaseClass - Chrome instance is open
2023-09-02 22:59:39,096 [main] INFO com.BankingAutomation.testCases.BaseClass - launching URL
2023-09-02 23:00:07,915 [main] INFO com.BankingAutomation.testCases.BaseClass - LogIn bn clicked
2023-09-02 23:01:19,948 [main] INFO com.BankingAutomation.testCases.BaseClass - Chrome instance is open
2023-09-02 23:01:25,607 [main] INFO com.BankingAutomation.testCases.BaseClass - launching URL
2023-09-02 23:01:30,072 [main] INFO com.BankingAutomation.testCases.BaseClass - LogIn bn clicked
2023-09-02 23:01:37,625 [main] INFO com.BankingAutomation.testCases.BaseClass - 49460 entered
2023-09-02 23:01:37,758 [main] INFO com.BankingAutomation.testCases.BaseClass - Submit btn Clicked
2023-09-02 23:01:40,553 [main] INFO com.BankingAutomation.testCases.BaseClass - Test Case ended and Chrome is closed
2023-09-02 23:03:14,831 [main] INFO com.BankingAutomation.testCases.BaseClass - Chrome instance is open
2023-09-02 23:03:18,562 [main] INFO com.BankingAutomation.testCases.BaseClass - launching URL
2023-09-02 23:03:22,277 [main] INFO com.BankingAutomation.testCases.BaseClass - LogIn bn clicked
2023-09-02 23:03:29,894 [main] INFO com.BankingAutomation.testCases.BaseClass - 11713 entered
2023-09-02 23:03:30,037 [main] INFO com.BankingAutomation.testCases.BaseClass - Submit btn Clicked
2023-09-02 23:03:33,345 [main] INFO com.BankingAutomation.testCases.BaseClass - logOut clicked
2023-09-02 23:03:36,810 [main] INFO com.BankingAutomation.testCases.BaseClass - LogIn bn clicked
2023-09-02 23:03:45,721 [main] INFO com.BankingAutomation.testCases.BaseClass - Test Case ended and Chrome is closed
2023-09-02 23:05:24,484 [main] INFO com.BankingAutomation.testCases.BaseClass - Chrome instance is open
2023-09-02 23:05:30,944 [main] INFO com.BankingAutomation.testCases.BaseClass - launching URL
2023-09-02 23:05:33,317 [main] INFO com.BankingAutomation.testCases.BaseClass - LogIn bn clicked
2023-09-02 23:05:40,420 [main] INFO com.BankingAutomation.testCases.BaseClass - 11713 entered
2023-09-02 23:05:40,533 [main] INFO com.BankingAutomation.testCases.BaseClass - Submit btn Clicked
2023-09-02 23:05:43,960 [main] INFO com.BankingAutomation.testCases.BaseClass - logOut clicked
2023-09-02 23:05:48,352 [main] INFO com.BankingAutomation.testCases.BaseClass - LogIn bn clicked
2023-09-02 23:05:57,125 [main] INFO com.BankingAutomation.testCases.BaseClass - Test Case ended and Chrome is closed
2023-09-10 19:24:55,362 [main] INFO com.BankingAutomation.testCases.BaseClass - Chrome instance is open
2023-09-10 19:25:00,075 [main] INFO com.BankingAutomation.testCases.BaseClass - launching URL
2023-09-10 19:25:00,962 [main] INFO com.BankingAutomation.testCases.BaseClass - UserName is entered sucessfully
2023-09-10 19:25:01,165 [main] INFO com.BankingAutomation.testCases.BaseClass - Password is entered sucessfully
2023-09-10 19:25:04,172 [main] INFO com.BankingAutomation.testCases.BaseClass - Submit button is clicked
2023-09-10 19:25:04,269 [main] INFO com.BankingAutomation.testCases.BaseClass - Title Matched
2023-09-10 19:25:06,517 [main] INFO com.BankingAutomation.testCases.BaseClass - Test Case ended and Chrome is closed
2023-09-10 19:25:09,931 [main] INFO com.BankingAutomation.testCases.BaseClass - Chrome instance is open
2023-09-10 19:25:16,992 [main] INFO com.BankingAutomation.testCases.BaseClass - launching URL
2023-09-10 19:25:20,863 [main] INFO com.BankingAutomation.testCases.BaseClass - User Name set successfully
2023-09-10 19:25:21,057 [main] INFO com.BankingAutomation.testCases.BaseClass - Password set successfully
2023-09-10 19:25:23,207 [main] INFO com.BankingAutomation.testCases.BaseClass - Submit Button Clicked
2023-09-10 19:25:26,254 [main] INFO com.BankingAutomation.testCases.BaseClass - Login passed
2023-09-10 19:25:33,480 [main] INFO com.BankingAutomation.testCases.BaseClass - User Name set successfully
2023-09-10 19:25:33,633 [main] INFO com.BankingAutomation.testCases.BaseClass - Password set successfully
2023-09-10 19:25:34,171 [main] INFO com.BankingAutomation.testCases.BaseClass - Submit Button Clicked
2023-09-10 19:25:40,776 [main] INFO com.BankingAutomation.testCases.BaseClass - User Name set successfully
2023-09-10 19:25:41,000 [main] INFO com.BankingAutomation.testCases.BaseClass - Password set successfully
2023-09-10 19:25:42,979 [main] INFO com.BankingAutomation.testCases.BaseClass - Submit Button Clicked
2023-09-10 19:25:45,998 [main] INFO com.BankingAutomation.testCases.BaseClass - Login passed
2023-09-10 19:25:54,343 [main] INFO com.BankingAutomation.testCases.BaseClass - User Name set successfully
2023-09-10 19:25:54,495 [main] INFO com.BankingAutomation.testCases.BaseClass - Password set successfully
2023-09-10 19:25:55,602 [main] INFO com.BankingAutomation.testCases.BaseClass - Submit Button Clicked
2023-09-10 19:26:01,702 [main] INFO com.BankingAutomation.testCases.BaseClass - User Name set successfully
2023-09-10 19:26:01,850 [main] INFO com.BankingAutomation.testCases.BaseClass - Password set successfully
2023-09-10 19:26:03,861 [main] INFO com.BankingAutomation.testCases.BaseClass - Submit Button Clicked
2023-09-10 19:26:06,909 [main] INFO com.BankingAutomation.testCases.BaseClass - Login passed
2023-09-10 19:26:15,088 [main] INFO com.BankingAutomation.testCases.BaseClass - User Name set successfully
2023-09-10 19:26:15,261 [main] INFO com.BankingAutomation.testCases.BaseClass - Password set successfully
2023-09-10 19:26:16,971 [main] INFO com.BankingAutomation.testCases.BaseClass - Submit Button Clicked
2023-09-10 19:26:19,987 [main] INFO com.BankingAutomation.testCases.BaseClass - Login passed
2023-09-10 19:26:27,147 [main] INFO com.BankingAutomation.testCases.BaseClass - User Name set successfully
2023-09-10 19:26:27,303 [main] INFO com.BankingAutomation.testCases.BaseClass - Password set successfully
2023-09-10 19:26:27,922 [main] INFO com.BankingAutomation.testCases.BaseClass - Submit Button Clicked
2023-09-10 19:26:33,933 [main] INFO com.BankingAutomation.testCases.BaseClass - User Name set successfully
2023-09-10 19:26:34,117 [main] INFO com.BankingAutomation.testCases.BaseClass - Password set successfully
2023-09-10 19:26:35,801 [main] INFO com.BankingAutomation.testCases.BaseClass - Submit Button Clicked
2023-09-10 19:26:38,845 [main] INFO com.BankingAutomation.testCases.BaseClass - Login passed
2023-09-10 19:26:47,196 [main] INFO com.BankingAutomation.testCases.BaseClass - User Name set successfully
2023-09-10 19:26:47,350 [main] INFO com.BankingAutomation.testCases.BaseClass - Password set successfully
2023-09-10 19:26:48,476 [main] INFO com.BankingAutomation.testCases.BaseClass - Submit Button Clicked
2023-09-10 19:26:54,533 [main] INFO com.BankingAutomation.testCases.BaseClass - User Name set successfully
2023-09-10 19:26:54,693 [main] INFO com.BankingAutomation.testCases.BaseClass - Password set successfully
2023-09-10 19:26:56,614 [main] INFO com.BankingAutomation.testCases.BaseClass - Submit Button Clicked
2023-09-10 19:26:59,660 [main] INFO com.BankingAutomation.testCases.BaseClass - Login passed
2023-09-10 19:27:07,616 [main] INFO com.BankingAutomation.testCases.BaseClass - Test Case ended and Chrome is closed
2023-09-10 19:27:10,863 [main] INFO com.BankingAutomation.testCases.BaseClass - Chrome instance is open
2023-09-10 19:27:34,421 [main] INFO com.BankingAutomation.testCases.BaseClass - launching URL
2023-09-10 19:27:34,929 [main] INFO com.BankingAutomation.testCases.BaseClass - User Name set successfully
2023-09-10 19:27:35,125 [main] INFO com.BankingAutomation.testCases.BaseClass - Password set successfully
2023-09-10 19:27:47,007 [main] INFO com.BankingAutomation.testCases.BaseClass - Submit Button Clicked
2023-09-10 19:27:50,241 [main] INFO com.BankingAutomation.testCases.BaseClass - Add Customer is clicked
2023-09-10 19:28:14,921 [main] INFO com.BankingAutomation.testCases.BaseClass - Submit btn clicked
2023-09-10 19:28:21,438 [main] INFO com.BankingAutomation.testCases.BaseClass - logOut clicked
2023-09-10 19:28:22,760 [main] INFO com.BankingAutomation.testCases.BaseClass - Test Case ended and Chrome is closed
2023-09-10 19:28:28,992 [main] INFO com.BankingAutomation.testCases.BaseClass - Chrome instance is open
2023-09-10 19:28:35,153 [main] INFO com.BankingAutomation.testCases.BaseClass - launching URL
2023-09-10 19:28:35,752 [main] INFO com.BankingAutomation.testCases.BaseClass - User Name set successfully
2023-09-10 19:28:36,619 [main] INFO com.BankingAutomation.testCases.BaseClass - Password set successfully
2023-09-10 19:28:38,036 [main] INFO com.BankingAutomation.testCases.BaseClass - Submit Button Clicked
2023-09-10 19:28:41,304 [main] INFO com.BankingAutomation.testCases.BaseClass - Add Customer Link is clicked
2023-09-10 19:29:01,248 [main] INFO com.BankingAutomation.testCases.BaseClass - Submit btn clicked
2023-09-10 19:29:03,369 [main] INFO com.BankingAutomation.testCases.BaseClass - Test Case ended and Chrome is closed
2023-09-10 19:29:06,653 [main] INFO com.BankingAutomation.testCases.BaseClass - Chrome instance is open
2023-09-10 19:29:12,280 [main] INFO com.BankingAutomation.testCases.BaseClass - launching URL
2023-09-10 19:29:12,737 [main] INFO com.BankingAutomation.testCases.BaseClass - User Name set successfully
2023-09-10 19:29:13,012 [main] INFO com.BankingAutomation.testCases.BaseClass - Password set successfully
2023-09-10 19:29:14,430 [main] INFO com.BankingAutomation.testCases.BaseClass - Submit Button Clicked
2023-09-10 19:29:17,669 [main] INFO com.BankingAutomation.testCases.BaseClass - Add Customer Link is clicked
2023-09-10 19:29:37,096 [main] INFO com.BankingAutomation.testCases.BaseClass - Submit btn clicked
2023-09-10 19:29:39,475 [main] INFO com.BankingAutomation.testCases.BaseClass - Test Case ended and Chrome is closed
2023-09-10 19:29:42,597 [main] INFO com.BankingAutomation.testCases.BaseClass - Chrome instance is open
2023-09-10 19:29:47,122 [main] INFO com.BankingAutomation.testCases.BaseClass - launching URL
2023-09-10 19:29:49,423 [main] INFO com.BankingAutomation.testCases.BaseClass - UserNAme set
2023-09-10 19:29:49,649 [main] INFO com.BankingAutomation.testCases.BaseClass - Password set
2023-09-10 19:29:50,945 [main] INFO com.BankingAutomation.testCases.BaseClass - Login Btn Clicked
2023-09-10 19:29:54,092 [main] INFO com.BankingAutomation.testCases.BaseClass - New Customer Clicked
2023-09-10 19:30:15,282 [main] INFO com.BankingAutomation.testCases.BaseClass - Test Case ended and Chrome is closed
2023-09-10 19:30:18,266 [main] INFO com.BankingAutomation.testCases.BaseClass - Chrome instance is open
2023-09-10 19:30:23,584 [main] INFO com.BankingAutomation.testCases.BaseClass - launching URL
2023-09-10 19:30:25,646 [main] INFO com.BankingAutomation.testCases.BaseClass - LogIn bn clicked
2023-09-10 19:30:33,346 [main] INFO com.BankingAutomation.testCases.BaseClass - 11713 entered
2023-09-10 19:30:34,165 [main] INFO com.BankingAutomation.testCases.BaseClass - Submit btn Clicked
2023-09-10 19:30:37,243 [main] INFO com.BankingAutomation.testCases.BaseClass - logOut clicked
2023-09-10 19:30:40,208 [main] INFO com.BankingAutomation.testCases.BaseClass - LogIn bn clicked
2023-09-10 19:30:48,265 [main] INFO com.BankingAutomation.testCases.BaseClass - Test Case ended and Chrome is closed
2023-09-10 19:52:05,102 [main] INFO com.BankingAutomation.testCases.BaseClass - Chrome instance is open
2023-09-10 19:52:11,588 [main] INFO com.BankingAutomation.testCases.BaseClass - launching URL
2023-09-10 19:52:13,216 [main] INFO com.BankingAutomation.testCases.BaseClass - UserName is entered sucessfully
2023-09-10 19:52:13,451 [main] INFO com.BankingAutomation.testCases.BaseClass - Password is entered sucessfully
2023-09-10 19:52:16,345 [main] INFO com.BankingAutomation.testCases.BaseClass - Submit button is clicked
2023-09-10 19:52:16,391 [main] INFO com.BankingAutomation.testCases.BaseClass - Title Matched
2023-09-10 19:52:18,594 [main] INFO com.BankingAutomation.testCases.BaseClass - Test Case ended and Chrome is closed
2023-09-10 19:52:21,494 [main] INFO com.BankingAutomation.testCases.BaseClass - Chrome instance is open
2023-09-10 19:52:27,270 [main] INFO com.BankingAutomation.testCases.BaseClass - launching URL
2023-09-10 19:52:30,750 [main] INFO com.BankingAutomation.testCases.BaseClass - User Name set successfully
2023-09-10 19:52:30,931 [main] INFO com.BankingAutomation.testCases.BaseClass - Password set successfully
2023-09-10 19:52:34,141 [main] INFO com.BankingAutomation.testCases.BaseClass - Submit Button Clicked
2023-09-10 19:52:37,231 [main] INFO com.BankingAutomation.testCases.BaseClass - Login passed
2023-09-10 19:52:45,243 [main] INFO com.BankingAutomation.testCases.BaseClass - User Name set successfully
2023-09-10 19:52:45,520 [main] INFO com.BankingAutomation.testCases.BaseClass - Password set successfully
2023-09-10 19:52:48,603 [main] INFO com.BankingAutomation.testCases.BaseClass - Submit Button Clicked
2023-09-10 19:52:51,632 [main] INFO com.BankingAutomation.testCases.BaseClass - Login passed
2023-09-10 19:52:59,906 [main] INFO com.BankingAutomation.testCases.BaseClass - User Name set successfully
2023-09-10 19:53:00,073 [main] INFO com.BankingAutomation.testCases.BaseClass - Password set successfully
2023-09-10 19:53:01,819 [main] INFO com.BankingAutomation.testCases.BaseClass - Submit Button Clicked
2023-09-10 19:53:04,865 [main] INFO com.BankingAutomation.testCases.BaseClass - Login passed
2023-09-10 19:53:13,360 [main] INFO com.BankingAutomation.testCases.BaseClass - User Name set successfully
2023-09-10 19:53:13,518 [main] INFO com.BankingAutomation.testCases.BaseClass - Password set successfully
2023-09-10 19:53:15,572 [main] INFO com.BankingAutomation.testCases.BaseClass - Submit Button Clicked
2023-09-10 19:53:18,598 [main] INFO com.BankingAutomation.testCases.BaseClass - Login passed
2023-09-10 19:53:26,321 [main] INFO com.BankingAutomation.testCases.BaseClass - User Name set successfully
2023-09-10 19:53:26,466 [main] INFO com.BankingAutomation.testCases.BaseClass - Password set successfully
2023-09-10 19:53:28,124 [main] INFO com.BankingAutomation.testCases.BaseClass - Submit Button Clicked
2023-09-10 19:53:31,162 [main] INFO com.BankingAutomation.testCases.BaseClass - Login passed
2023-09-10 19:53:39,474 [main] INFO com.BankingAutomation.testCases.BaseClass - Test Case ended and Chrome is closed
2023-09-10 19:53:42,267 [main] INFO com.BankingAutomation.testCases.BaseClass - Chrome instance is open
2023-09-10 19:53:50,216 [main] INFO com.BankingAutomation.testCases.BaseClass - launching URL
2023-09-10 19:53:50,634 [main] INFO com.BankingAutomation.testCases.BaseClass - User Name set successfully
2023-09-10 19:53:50,840 [main] INFO com.BankingAutomation.testCases.BaseClass - Password set successfully
2023-09-10 19:53:54,584 [main] INFO com.BankingAutomation.testCases.BaseClass - Submit Button Clicked
2023-09-10 19:53:57,894 [main] INFO com.BankingAutomation.testCases.BaseClass - Add Customer is clicked
2023-09-10 19:54:16,017 [main] INFO com.BankingAutomation.testCases.BaseClass - Submit btn clicked
2023-09-10 19:54:23,124 [main] INFO com.BankingAutomation.testCases.BaseClass - logOut clicked
2023-09-10 19:54:24,238 [main] INFO com.BankingAutomation.testCases.BaseClass - Test Case ended and Chrome is closed
2023-09-10 19:54:27,145 [main] INFO com.BankingAutomation.testCases.BaseClass - Chrome instance is open
2023-09-10 19:54:32,003 [main] INFO com.BankingAutomation.testCases.BaseClass - launching URL
2023-09-10 19:54:37,293 [main] INFO com.BankingAutomation.testCases.BaseClass - LogIn bn clicked
2023-09-10 19:54:44,980 [main] INFO com.BankingAutomation.testCases.BaseClass - 61518 entered
2023-09-10 19:54:45,406 [main] INFO com.BankingAutomation.testCases.BaseClass - Submit btn Clicked
2023-09-10 19:54:48,827 [main] INFO com.BankingAutomation.testCases.BaseClass - logOut clicked
2023-09-10 19:54:52,211 [main] INFO com.BankingAutomation.testCases.BaseClass - LogIn bn clicked
2023-09-10 19:55:00,687 [main] INFO com.BankingAutomation.testCases.BaseClass - Test Case ended and Chrome is closed
2023-09-10 20:28:15,624 [main] INFO com.BankingAutomation.testCases.BaseClass - Chrome instance is open
2023-09-10 20:28:20,529 [main] INFO com.BankingAutomation.testCases.BaseClass - launching URL
2023-09-10 20:28:26,203 [main] INFO com.BankingAutomation.testCases.BaseClass - LogIn bn clicked
2023-09-10 20:28:33,568 [main] INFO com.BankingAutomation.testCases.BaseClass - 61518 entered
2023-09-10 20:28:34,029 [main] INFO com.BankingAutomation.testCases.BaseClass - Submit btn Clicked
2023-09-10 20:28:37,337 [main] INFO com.BankingAutomation.testCases.BaseClass - logOut clicked
2023-09-10 20:28:43,372 [main] INFO com.BankingAutomation.testCases.BaseClass - LogIn bn clicked
2023-09-10 20:28:51,322 [main] INFO com.BankingAutomation.testCases.BaseClass - Test Case ended and Chrome is closed
2023-09-10 20:28:51,453 [main] INFO org.testng.internal.Utils - [TestNG] Time taken by org.testng.internal.ExitCodeListener@7c84195: 0 ms
2023-09-10 20:28:51,505 [main] INFO org.testng.internal.Utils - [TestNG] Time taken by org.testng.reporters.SuiteHTMLReporter@557eb543: 52 ms
2023-09-10 20:28:51,691 [main] INFO org.testng.internal.Utils - [TestNG] Time taken by org.testng.reporters.jq.Main@30a7c98f: 184 ms
2023-09-10 20:28:51,742 [main] INFO org.testng.internal.Utils - [TestNG] Time taken by org.testng.reporters.FailedReporter@2e23c180: 42 ms
2023-09-10 20:28:51,818 [main] INFO org.testng.internal.Utils - [TestNG] Time taken by org.testng.reporters.XMLReporter@41bf79da: 75 ms
2023-09-10 20:28:51,843 [main] INFO org.testng.internal.Utils - [TestNG] Time taken by org.testng.reporters.EmailableReporter2@2a32fb6: 23 ms
2023-09-10 20:28:51,866 [main] INFO org.testng.internal.Utils - [TestNG] Time taken by org.testng.reporters.JUnitReportReporter@6009bea: 22 ms
2023-09-10 20:55:24,682 [main] INFO com.BankingAutomation.testCases.BaseClass - Chrome instance is open
2023-09-10 20:55:30,607 [main] INFO com.BankingAutomation.testCases.BaseClass - launching URL
2023-09-10 20:55:31,310 [main] INFO com.BankingAutomation.testCases.BaseClass - UserName is entered sucessfully
2023-09-10 20:55:32,357 [main] INFO com.BankingAutomation.testCases.BaseClass - Password is entered sucessfully
2023-09-10 20:55:34,019 [main] INFO com.BankingAutomation.testCases.BaseClass - Submit button is clicked
2023-09-10 20:55:34,048 [main] INFO com.BankingAutomation.testCases.BaseClass - Title Matched
2023-09-10 20:55:36,678 [main] INFO com.BankingAutomation.testCases.BaseClass - Test Case ended and Chrome is closed
2023-09-10 20:55:39,550 [main] INFO com.BankingAutomation.testCases.BaseClass - Chrome instance is open
2023-09-10 20:55:43,428 [main] INFO com.BankingAutomation.testCases.BaseClass - launching URL
2023-09-10 20:55:47,347 [main] INFO com.BankingAutomation.testCases.BaseClass - User Name set successfully
2023-09-10 20:55:47,554 [main] INFO com.BankingAutomation.testCases.BaseClass - Password set successfully
2023-09-10 20:55:50,016 [main] INFO com.BankingAutomation.testCases.BaseClass - Submit Button Clicked
2023-09-10 20:55:53,077 [main] INFO com.BankingAutomation.testCases.BaseClass - Login passed
2023-09-10 20:56:01,033 [main] INFO com.BankingAutomation.testCases.BaseClass - User Name set successfully
2023-09-10 20:56:02,070 [main] INFO com.BankingAutomation.testCases.BaseClass - Password set successfully
2023-09-10 20:56:05,890 [main] INFO com.BankingAutomation.testCases.BaseClass - Submit Button Clicked
2023-09-10 20:56:08,916 [main] INFO com.BankingAutomation.testCases.BaseClass - Login passed
2023-09-10 20:56:16,995 [main] INFO com.BankingAutomation.testCases.BaseClass - User Name set successfully
2023-09-10 20:56:17,461 [main] INFO com.BankingAutomation.testCases.BaseClass - Password set successfully
2023-09-10 20:56:20,356 [main] INFO com.BankingAutomation.testCases.BaseClass - Submit Button Clicked
2023-09-10 20:56:23,405 [main] INFO com.BankingAutomation.testCases.BaseClass - Login passed
2023-09-10 20:56:30,491 [main] INFO com.BankingAutomation.testCases.BaseClass - User Name set successfully
2023-09-10 20:56:30,662 [main] INFO com.BankingAutomation.testCases.BaseClass - Password set successfully
2023-09-10 20:56:32,573 [main] INFO com.BankingAutomation.testCases.BaseClass - Submit Button Clicked
2023-09-10 20:56:35,611 [main] INFO com.BankingAutomation.testCases.BaseClass - Login passed
2023-09-10 20:56:42,881 [main] INFO com.BankingAutomation.testCases.BaseClass - User Name set successfully
2023-09-10 20:56:43,391 [main] INFO com.BankingAutomation.testCases.BaseClass - Password set successfully
2023-09-10 20:56:45,958 [main] INFO com.BankingAutomation.testCases.BaseClass - Submit Button Clicked
2023-09-10 20:56:49,004 [main] INFO com.BankingAutomation.testCases.BaseClass - Login passed
2023-09-10 20:56:57,880 [main] INFO com.BankingAutomation.testCases.BaseClass - Test Case ended and Chrome is closed
2023-09-10 20:57:00,714 [main] INFO com.BankingAutomation.testCases.BaseClass - Chrome instance is open
2023-09-10 20:57:05,189 [main] INFO com.BankingAutomation.testCases.BaseClass - launching URL
2023-09-10 20:57:05,622 [main] INFO com.BankingAutomation.testCases.BaseClass - User Name set successfully
2023-09-10 20:57:05,818 [main] INFO com.BankingAutomation.testCases.BaseClass - Password set successfully
2023-09-10 20:57:07,222 [main] INFO com.BankingAutomation.testCases.BaseClass - Submit Button Clicked
2023-09-10 20:57:10,571 [main] INFO com.BankingAutomation.testCases.BaseClass - Add Customer is clicked
2023-09-10 20:57:33,598 [main] INFO com.BankingAutomation.testCases.BaseClass - Submit btn clicked
2023-09-10 20:57:40,152 [main] INFO com.BankingAutomation.testCases.BaseClass - logOut clicked
2023-09-10 20:57:41,275 [main] INFO com.BankingAutomation.testCases.BaseClass - Test Case ended and Chrome is closed
2023-09-10 20:57:44,366 [main] INFO com.BankingAutomation.testCases.BaseClass - Chrome instance is open
2023-09-10 20:57:49,053 [main] INFO com.BankingAutomation.testCases.BaseClass - launching URL
2023-09-10 20:57:51,065 [main] INFO com.BankingAutomation.testCases.BaseClass - LogIn bn clicked
2023-09-10 20:57:59,021 [main] INFO com.BankingAutomation.testCases.BaseClass - 86817 entered
2023-09-10 20:57:59,168 [main] INFO com.BankingAutomation.testCases.BaseClass - Submit btn Clicked
2023-09-10 20:58:03,089 [main] INFO com.BankingAutomation.testCases.BaseClass - logOut clicked
2023-09-10 20:58:05,556 [main] INFO com.BankingAutomation.testCases.BaseClass - Test Case ended and Chrome is closed
