<?xml version="1.0" encoding="UTF-8"?>
<!-- Generated by org.testng.reporters.JUnitXMLReporter -->
<testsuite ignored="0" hostname="DESKTOP-S4FF1A9" failures="1" tests="2" name="Chrome Test" time="29.56" errors="0" timestamp="2024-04-07T22:55:37 IST">
  <testcase classname="TestNGDemo.ParllelTesting" name="testLogo" time="0.19">
    <failure type="java.lang.AssertionError" message="null">
      <![CDATA[java.lang.AssertionError: null
at TestNGDemo.ParllelTesting.testLogo(ParllelTesting.java:42)
at java.base/java.util.ArrayList.forEach(ArrayList.java:1511)
at java.base/java.util.concurrent.FutureTask.run(FutureTask.java:264)
at java.base/java.util.concurrent.ThreadPoolExecutor.runWorker(ThreadPoolExecutor.java:1130)
at java.base/java.util.concurrent.ThreadPoolExecutor$Worker.run(ThreadPoolExecutor.java:630)
at java.base/java.lang.Thread.run(Thread.java:832)
... Removed 20 stack frames]]>
    </failure>
  </testcase> <!-- testLogo -->
  <testcase classname="TestNGDemo.ParllelTesting" name="testHomePage" time="0.649"/>
</testsuite> <!-- Chrome Test -->
